[3.675s] Invoking command in '/home/owl/projects/turtlebot3_color_detector_ws/src/turtlebot3/turtlebot3_teleop': PYTHONPATH=/home/owl/projects/turtlebot3_color_detector_ws/build/turtlebot3_teleop/prefix_override:/usr/lib/python3/dist-packages/colcon_core/task/python/colcon_distutils_commands:/home/owl/projects/turtlebot3_color_detector_ws/install/turtlebot3_teleop/lib/python3.10/site-packages:${PYTHONPATH} /usr/bin/python3 -W ignore:setup.py install is deprecated -W ignore:easy_install command is deprecated setup.py egg_info --egg-base ../../../build/turtlebot3_teleop build --build-base /home/owl/projects/turtlebot3_color_detector_ws/build/turtlebot3_teleop/build install --record /home/owl/projects/turtlebot3_color_detector_ws/build/turtlebot3_teleop/install.log --single-version-externally-managed install_data
[4.677s] running egg_info
[4.678s] writing ../../../build/turtlebot3_teleop/turtlebot3_teleop.egg-info/PKG-INFO
[4.687s] writing dependency_links to ../../../build/turtlebot3_teleop/turtlebot3_teleop.egg-info/dependency_links.txt
[4.687s] writing entry points to ../../../build/turtlebot3_teleop/turtlebot3_teleop.egg-info/entry_points.txt
[4.687s] writing requirements to ../../../build/turtlebot3_teleop/turtlebot3_teleop.egg-info/requires.txt
[4.687s] writing top-level names to ../../../build/turtlebot3_teleop/turtlebot3_teleop.egg-info/top_level.txt
[4.695s] reading manifest file '../../../build/turtlebot3_teleop/turtlebot3_teleop.egg-info/SOURCES.txt'
[4.695s] writing manifest file '../../../build/turtlebot3_teleop/turtlebot3_teleop.egg-info/SOURCES.txt'
[4.698s] running build
[4.699s] running build_py
[4.703s] running install
[4.703s] running install_lib
[4.709s] running install_data
[4.710s] running install_egg_info
[4.713s] removing '/home/owl/projects/turtlebot3_color_detector_ws/install/turtlebot3_teleop/lib/python3.10/site-packages/turtlebot3_teleop-2.1.5-py3.10.egg-info' (and everything under it)
[4.715s] Copying ../../../build/turtlebot3_teleop/turtlebot3_teleop.egg-info to /home/owl/projects/turtlebot3_color_detector_ws/install/turtlebot3_teleop/lib/python3.10/site-packages/turtlebot3_teleop-2.1.5-py3.10.egg-info
[4.721s] running install_scripts
[4.785s] Installing teleop_keyboard script to /home/owl/projects/turtlebot3_color_detector_ws/install/turtlebot3_teleop/lib/turtlebot3_teleop
[4.788s] writing list of installed files to '/home/owl/projects/turtlebot3_color_detector_ws/build/turtlebot3_teleop/install.log'
[4.875s] Invoked command in '/home/owl/projects/turtlebot3_color_detector_ws/src/turtlebot3/turtlebot3_teleop' returned '0': PYTHONPATH=/home/owl/projects/turtlebot3_color_detector_ws/build/turtlebot3_teleop/prefix_override:/usr/lib/python3/dist-packages/colcon_core/task/python/colcon_distutils_commands:/home/owl/projects/turtlebot3_color_detector_ws/install/turtlebot3_teleop/lib/python3.10/site-packages:${PYTHONPATH} /usr/bin/python3 -W ignore:setup.py install is deprecated -W ignore:easy_install command is deprecated setup.py egg_info --egg-base ../../../build/turtlebot3_teleop build --build-base /home/owl/projects/turtlebot3_color_detector_ws/build/turtlebot3_teleop/build install --record /home/owl/projects/turtlebot3_color_detector_ws/build/turtlebot3_teleop/install.log --single-version-externally-managed install_data
