[4.511s] Invoking command in '/home/owl/projects/turtlebot3_color_detector_ws/src/turtlebot3_cv': PYTHONPATH=/home/owl/projects/turtlebot3_color_detector_ws/build/turtlebot3_cv/prefix_override:/usr/lib/python3/dist-packages/colcon_core/task/python/colcon_distutils_commands:/home/owl/projects/turtlebot3_color_detector_ws/install/turtlebot3_cv/lib/python3.10/site-packages:${PYTHONPATH} /usr/bin/python3 -W ignore:setup.py install is deprecated -W ignore:easy_install command is deprecated setup.py egg_info --egg-base ../../build/turtlebot3_cv build --build-base /home/owl/projects/turtlebot3_color_detector_ws/build/turtlebot3_cv/build install --record /home/owl/projects/turtlebot3_color_detector_ws/build/turtlebot3_cv/install.log --single-version-externally-managed install_data
[5.825s] running egg_info
[5.835s] writing ../../build/turtlebot3_cv/turtlebot3_cv.egg-info/PKG-INFO
[5.836s] writing dependency_links to ../../build/turtlebot3_cv/turtlebot3_cv.egg-info/dependency_links.txt
[5.838s] writing entry points to ../../build/turtlebot3_cv/turtlebot3_cv.egg-info/entry_points.txt
[5.843s] writing requirements to ../../build/turtlebot3_cv/turtlebot3_cv.egg-info/requires.txt
[5.844s] writing top-level names to ../../build/turtlebot3_cv/turtlebot3_cv.egg-info/top_level.txt
[5.847s] reading manifest file '../../build/turtlebot3_cv/turtlebot3_cv.egg-info/SOURCES.txt'
[5.851s] writing manifest file '../../build/turtlebot3_cv/turtlebot3_cv.egg-info/SOURCES.txt'
[5.852s] running build
[5.852s] running build_py
[5.853s] copying turtlebot3_cv/color_detector.py -> /home/owl/projects/turtlebot3_color_detector_ws/build/turtlebot3_cv/build/lib/turtlebot3_cv
[5.854s] running install
[5.855s] running install_lib
[5.858s] copying /home/owl/projects/turtlebot3_color_detector_ws/build/turtlebot3_cv/build/lib/turtlebot3_cv/color_detector.py -> /home/owl/projects/turtlebot3_color_detector_ws/install/turtlebot3_cv/lib/python3.10/site-packages/turtlebot3_cv
[5.861s] byte-compiling /home/owl/projects/turtlebot3_color_detector_ws/install/turtlebot3_cv/lib/python3.10/site-packages/turtlebot3_cv/color_detector.py to color_detector.cpython-310.pyc
[5.869s] running install_data
[5.869s] running install_egg_info
[5.872s] removing '/home/owl/projects/turtlebot3_color_detector_ws/install/turtlebot3_cv/lib/python3.10/site-packages/turtlebot3_cv-0.0.0-py3.10.egg-info' (and everything under it)
[5.874s] Copying ../../build/turtlebot3_cv/turtlebot3_cv.egg-info to /home/owl/projects/turtlebot3_color_detector_ws/install/turtlebot3_cv/lib/python3.10/site-packages/turtlebot3_cv-0.0.0-py3.10.egg-info
[5.880s] running install_scripts
[5.969s] Installing color_detector script to /home/owl/projects/turtlebot3_color_detector_ws/install/turtlebot3_cv/lib/turtlebot3_cv
[5.970s] Installing image_subscriber script to /home/owl/projects/turtlebot3_color_detector_ws/install/turtlebot3_cv/lib/turtlebot3_cv
[5.970s] writing list of installed files to '/home/owl/projects/turtlebot3_color_detector_ws/build/turtlebot3_cv/install.log'
[6.043s] Invoked command in '/home/owl/projects/turtlebot3_color_detector_ws/src/turtlebot3_cv' returned '0': PYTHONPATH=/home/owl/projects/turtlebot3_color_detector_ws/build/turtlebot3_cv/prefix_override:/usr/lib/python3/dist-packages/colcon_core/task/python/colcon_distutils_commands:/home/owl/projects/turtlebot3_color_detector_ws/install/turtlebot3_cv/lib/python3.10/site-packages:${PYTHONPATH} /usr/bin/python3 -W ignore:setup.py install is deprecated -W ignore:easy_install command is deprecated setup.py egg_info --egg-base ../../build/turtlebot3_cv build --build-base /home/owl/projects/turtlebot3_color_detector_ws/build/turtlebot3_cv/build install --record /home/owl/projects/turtlebot3_color_detector_ws/build/turtlebot3_cv/install.log --single-version-externally-managed install_data
