[0.072s] Invoking command in '/home/owl/projects/turtlebot3_color_detector_ws/build/turtlebot3_description': CMAKE_PREFIX_PATH=${CMAKE_PREFIX_PATH}:/home/owl/projects/turtlebot3_color_detector_ws/install/turtlebot3_teleop:/home/owl/projects/turtlebot3_color_detector_ws/install/turtlebot3_example:/home/owl/projects/turtlebot3_color_detector_ws/install/turtlebot3_cv:/opt/ros/humble /usr/bin/cmake /home/owl/projects/turtlebot3_color_detector_ws/src/turtlebot3/turtlebot3_description -DAMENT_CMAKE_SYMLINK_INSTALL=1 -DCMAKE_INSTALL_PREFIX=/home/owl/projects/turtlebot3_color_detector_ws/install/turtlebot3_description
[0.701s] -- The C compiler identification is GNU 11.4.0
[0.846s] -- The CXX compiler identification is GNU 11.4.0
[1.113s] -- Detecting C compiler ABI info
[1.320s] -- Detecting C compiler ABI info - done
[1.341s] -- Check for working C compiler: /usr/bin/cc - skipped
[1.343s] -- Detecting C compile features
[1.344s] -- Detecting C compile features - done
[1.354s] -- Detecting CXX compiler ABI info
[1.628s] -- Detecting CXX compiler ABI info - done
[1.651s] -- Check for working CXX compiler: /usr/bin/c++ - skipped
[1.652s] -- Detecting CXX compile features
[1.653s] -- Detecting CXX compile features - done
[1.666s] -- Found ament_cmake: 1.3.11 (/opt/ros/humble/share/ament_cmake/cmake)
[2.042s] -- Found Python3: /usr/bin/python3 (found version "3.10.12") found components: Interpreter 
[2.252s] -- Override CMake install command with custom implementation using symlinks instead of copying resources
[2.355s] -- Found urdf: 2.6.1 (/opt/ros/humble/share/urdf/cmake)
[5.120s] -- Configuring done
[5.129s] -- Generating done
[5.132s] -- Build files have been written to: /home/owl/projects/turtlebot3_color_detector_ws/build/turtlebot3_description
[5.144s] Invoked command in '/home/owl/projects/turtlebot3_color_detector_ws/build/turtlebot3_description' returned '0': CMAKE_PREFIX_PATH=${CMAKE_PREFIX_PATH}:/home/owl/projects/turtlebot3_color_detector_ws/install/turtlebot3_teleop:/home/owl/projects/turtlebot3_color_detector_ws/install/turtlebot3_example:/home/owl/projects/turtlebot3_color_detector_ws/install/turtlebot3_cv:/opt/ros/humble /usr/bin/cmake /home/owl/projects/turtlebot3_color_detector_ws/src/turtlebot3/turtlebot3_description -DAMENT_CMAKE_SYMLINK_INSTALL=1 -DCMAKE_INSTALL_PREFIX=/home/owl/projects/turtlebot3_color_detector_ws/install/turtlebot3_description
[5.147s] Invoking command in '/home/owl/projects/turtlebot3_color_detector_ws/build/turtlebot3_description': CMAKE_PREFIX_PATH=${CMAKE_PREFIX_PATH}:/home/owl/projects/turtlebot3_color_detector_ws/install/turtlebot3_teleop:/home/owl/projects/turtlebot3_color_detector_ws/install/turtlebot3_example:/home/owl/projects/turtlebot3_color_detector_ws/install/turtlebot3_cv:/opt/ros/humble /usr/bin/cmake --build /home/owl/projects/turtlebot3_color_detector_ws/build/turtlebot3_description -- -j8 -l8
[5.215s] Invoked command in '/home/owl/projects/turtlebot3_color_detector_ws/build/turtlebot3_description' returned '0': CMAKE_PREFIX_PATH=${CMAKE_PREFIX_PATH}:/home/owl/projects/turtlebot3_color_detector_ws/install/turtlebot3_teleop:/home/owl/projects/turtlebot3_color_detector_ws/install/turtlebot3_example:/home/owl/projects/turtlebot3_color_detector_ws/install/turtlebot3_cv:/opt/ros/humble /usr/bin/cmake --build /home/owl/projects/turtlebot3_color_detector_ws/build/turtlebot3_description -- -j8 -l8
[5.218s] Invoking command in '/home/owl/projects/turtlebot3_color_detector_ws/build/turtlebot3_description': CMAKE_PREFIX_PATH=${CMAKE_PREFIX_PATH}:/home/owl/projects/turtlebot3_color_detector_ws/install/turtlebot3_teleop:/home/owl/projects/turtlebot3_color_detector_ws/install/turtlebot3_example:/home/owl/projects/turtlebot3_color_detector_ws/install/turtlebot3_cv:/opt/ros/humble /usr/bin/cmake --install /home/owl/projects/turtlebot3_color_detector_ws/build/turtlebot3_description
[5.230s] -- Install configuration: ""
[5.231s] -- Execute custom install script
[5.235s] -- Symlinking: /home/owl/projects/turtlebot3_color_detector_ws/install/turtlebot3_description/share/turtlebot3_description/meshes/bases/burger_base.stl
[5.254s] -- Symlinking: /home/owl/projects/turtlebot3_color_detector_ws/install/turtlebot3_description/share/turtlebot3_description/meshes/bases/waffle_base.stl
[5.269s] -- Symlinking: /home/owl/projects/turtlebot3_color_detector_ws/install/turtlebot3_description/share/turtlebot3_description/meshes/bases/waffle_pi_base.stl
[5.286s] -- Symlinking: /home/owl/projects/turtlebot3_color_detector_ws/install/turtlebot3_description/share/turtlebot3_description/meshes/sensors/astra.dae
[5.303s] -- Symlinking: /home/owl/projects/turtlebot3_color_detector_ws/install/turtlebot3_description/share/turtlebot3_description/meshes/sensors/astra.jpg
[5.320s] -- Symlinking: /home/owl/projects/turtlebot3_color_detector_ws/install/turtlebot3_description/share/turtlebot3_description/meshes/sensors/lds.stl
[5.337s] -- Symlinking: /home/owl/projects/turtlebot3_color_detector_ws/install/turtlebot3_description/share/turtlebot3_description/meshes/sensors/r200.dae
[5.353s] -- Symlinking: /home/owl/projects/turtlebot3_color_detector_ws/install/turtlebot3_description/share/turtlebot3_description/meshes/sensors/r200.jpg
[5.369s] -- Symlinking: /home/owl/projects/turtlebot3_color_detector_ws/install/turtlebot3_description/share/turtlebot3_description/meshes/wheels/left_tire.stl
[5.390s] -- Symlinking: /home/owl/projects/turtlebot3_color_detector_ws/install/turtlebot3_description/share/turtlebot3_description/meshes/wheels/right_tire.stl
[5.404s] -- Symlinking: /home/owl/projects/turtlebot3_color_detector_ws/install/turtlebot3_description/share/turtlebot3_description/rviz/model.rviz
[5.422s] -- Symlinking: /home/owl/projects/turtlebot3_color_detector_ws/install/turtlebot3_description/share/turtlebot3_description/urdf/common_properties.urdf
[5.436s] -- Symlinking: /home/owl/projects/turtlebot3_color_detector_ws/install/turtlebot3_description/share/turtlebot3_description/urdf/turtlebot3_burger.urdf
[5.449s] -- Symlinking: /home/owl/projects/turtlebot3_color_detector_ws/install/turtlebot3_description/share/turtlebot3_description/urdf/turtlebot3_waffle.urdf
[5.464s] -- Symlinking: /home/owl/projects/turtlebot3_color_detector_ws/install/turtlebot3_description/share/turtlebot3_description/urdf/turtlebot3_waffle_pi.urdf
[5.480s] -- Symlinking: /home/owl/projects/turtlebot3_color_detector_ws/install/turtlebot3_description/share/ament_index/resource_index/package_run_dependencies/turtlebot3_description
[5.496s] -- Symlinking: /home/owl/projects/turtlebot3_color_detector_ws/install/turtlebot3_description/share/ament_index/resource_index/parent_prefix_path/turtlebot3_description
[5.511s] -- Symlinking: /home/owl/projects/turtlebot3_color_detector_ws/install/turtlebot3_description/share/turtlebot3_description/environment/ament_prefix_path.sh
[5.526s] -- Symlinking: /home/owl/projects/turtlebot3_color_detector_ws/install/turtlebot3_description/share/turtlebot3_description/environment/ament_prefix_path.dsv
[5.541s] -- Symlinking: /home/owl/projects/turtlebot3_color_detector_ws/install/turtlebot3_description/share/turtlebot3_description/environment/path.sh
[5.556s] -- Symlinking: /home/owl/projects/turtlebot3_color_detector_ws/install/turtlebot3_description/share/turtlebot3_description/environment/path.dsv
[5.571s] -- Symlinking: /home/owl/projects/turtlebot3_color_detector_ws/install/turtlebot3_description/share/turtlebot3_description/local_setup.bash
[5.586s] -- Symlinking: /home/owl/projects/turtlebot3_color_detector_ws/install/turtlebot3_description/share/turtlebot3_description/local_setup.sh
[5.605s] -- Symlinking: /home/owl/projects/turtlebot3_color_detector_ws/install/turtlebot3_description/share/turtlebot3_description/local_setup.zsh
[5.623s] -- Symlinking: /home/owl/projects/turtlebot3_color_detector_ws/install/turtlebot3_description/share/turtlebot3_description/local_setup.dsv
[5.643s] -- Symlinking: /home/owl/projects/turtlebot3_color_detector_ws/install/turtlebot3_description/share/turtlebot3_description/package.dsv
[5.661s] -- Symlinking: /home/owl/projects/turtlebot3_color_detector_ws/install/turtlebot3_description/share/ament_index/resource_index/packages/turtlebot3_description
[5.679s] -- Symlinking: /home/owl/projects/turtlebot3_color_detector_ws/install/turtlebot3_description/share/turtlebot3_description/cmake/turtlebot3_descriptionConfig.cmake
[5.698s] -- Symlinking: /home/owl/projects/turtlebot3_color_detector_ws/install/turtlebot3_description/share/turtlebot3_description/cmake/turtlebot3_descriptionConfig-version.cmake
[5.716s] -- Symlinking: /home/owl/projects/turtlebot3_color_detector_ws/install/turtlebot3_description/share/turtlebot3_description/package.xml
[5.740s] Invoked command in '/home/owl/projects/turtlebot3_color_detector_ws/build/turtlebot3_description' returned '0': CMAKE_PREFIX_PATH=${CMAKE_PREFIX_PATH}:/home/owl/projects/turtlebot3_color_detector_ws/install/turtlebot3_teleop:/home/owl/projects/turtlebot3_color_detector_ws/install/turtlebot3_example:/home/owl/projects/turtlebot3_color_detector_ws/install/turtlebot3_cv:/opt/ros/humble /usr/bin/cmake --install /home/owl/projects/turtlebot3_color_detector_ws/build/turtlebot3_description
