[1.432s] Invoking command in '/home/owl/projects/turtlebot3_color_detector_ws/build/turtlebot3_example': AMENT_PREFIX_PATH=/home/owl/projects/turtlebot3_color_detector_ws/install/turtlebot3_msgs:${AMENT_PREFIX_PATH} CMAKE_PREFIX_PATH=/home/owl/projects/turtlebot3_color_detector_ws/install/turtlebot3_msgs LD_LIBRARY_PATH=/home/owl/projects/turtlebot3_color_detector_ws/install/turtlebot3_msgs/lib:${LD_LIBRARY_PATH} PYTHONPATH=/home/owl/projects/turtlebot3_color_detector_ws/build/turtlebot3_example/prefix_override:/usr/lib/python3/dist-packages/colcon_core/task/python/colcon_distutils_commands:/home/owl/projects/turtlebot3_color_detector_ws/install/turtlebot3_example/lib/python3.10/site-packages:/home/owl/projects/turtlebot3_color_detector_ws/install/turtlebot3_msgs/local/lib/python3.10/dist-packages:${PYTHONPATH} /usr/bin/python3 -W ignore:setup.py install is deprecated -W ignore:easy_install command is deprecated setup.py develop --uninstall --editable --build-directory /home/owl/projects/turtlebot3_color_detector_ws/build/turtlebot3_example/build
[1.956s] running develop
[2.293s] Removing /home/owl/projects/turtlebot3_color_detector_ws/install/turtlebot3_example/lib/python3.10/site-packages/turtlebot3-example.egg-link (link to .)
[2.341s] Invoked command in '/home/owl/projects/turtlebot3_color_detector_ws/build/turtlebot3_example' returned '0': AMENT_PREFIX_PATH=/home/owl/projects/turtlebot3_color_detector_ws/install/turtlebot3_msgs:${AMENT_PREFIX_PATH} CMAKE_PREFIX_PATH=/home/owl/projects/turtlebot3_color_detector_ws/install/turtlebot3_msgs LD_LIBRARY_PATH=/home/owl/projects/turtlebot3_color_detector_ws/install/turtlebot3_msgs/lib:${LD_LIBRARY_PATH} PYTHONPATH=/home/owl/projects/turtlebot3_color_detector_ws/build/turtlebot3_example/prefix_override:/usr/lib/python3/dist-packages/colcon_core/task/python/colcon_distutils_commands:/home/owl/projects/turtlebot3_color_detector_ws/install/turtlebot3_example/lib/python3.10/site-packages:/home/owl/projects/turtlebot3_color_detector_ws/install/turtlebot3_msgs/local/lib/python3.10/dist-packages:${PYTHONPATH} /usr/bin/python3 -W ignore:setup.py install is deprecated -W ignore:easy_install command is deprecated setup.py develop --uninstall --editable --build-directory /home/owl/projects/turtlebot3_color_detector_ws/build/turtlebot3_example/build
[2.344s] Invoking command in '/home/owl/projects/turtlebot3_color_detector_ws/src/turtlebot3/turtlebot3_example': AMENT_PREFIX_PATH=/home/owl/projects/turtlebot3_color_detector_ws/install/turtlebot3_msgs:${AMENT_PREFIX_PATH} CMAKE_PREFIX_PATH=/home/owl/projects/turtlebot3_color_detector_ws/install/turtlebot3_msgs LD_LIBRARY_PATH=/home/owl/projects/turtlebot3_color_detector_ws/install/turtlebot3_msgs/lib:${LD_LIBRARY_PATH} PYTHONPATH=/home/owl/projects/turtlebot3_color_detector_ws/build/turtlebot3_example/prefix_override:/usr/lib/python3/dist-packages/colcon_core/task/python/colcon_distutils_commands:/home/owl/projects/turtlebot3_color_detector_ws/install/turtlebot3_example/lib/python3.10/site-packages:/home/owl/projects/turtlebot3_color_detector_ws/install/turtlebot3_msgs/local/lib/python3.10/dist-packages:${PYTHONPATH} /usr/bin/python3 -W ignore:setup.py install is deprecated -W ignore:easy_install command is deprecated setup.py egg_info --egg-base ../../../build/turtlebot3_example build --build-base /home/owl/projects/turtlebot3_color_detector_ws/build/turtlebot3_example/build install --record /home/owl/projects/turtlebot3_color_detector_ws/build/turtlebot3_example/install.log --single-version-externally-managed install_data --force
[2.820s] running egg_info
[2.821s] writing ../../../build/turtlebot3_example/turtlebot3_example.egg-info/PKG-INFO
[2.822s] writing dependency_links to ../../../build/turtlebot3_example/turtlebot3_example.egg-info/dependency_links.txt
[2.822s] writing entry points to ../../../build/turtlebot3_example/turtlebot3_example.egg-info/entry_points.txt
[2.823s] writing requirements to ../../../build/turtlebot3_example/turtlebot3_example.egg-info/requires.txt
[2.823s] writing top-level names to ../../../build/turtlebot3_example/turtlebot3_example.egg-info/top_level.txt
[2.827s] reading manifest file '../../../build/turtlebot3_example/turtlebot3_example.egg-info/SOURCES.txt'
[2.829s] writing manifest file '../../../build/turtlebot3_example/turtlebot3_example.egg-info/SOURCES.txt'
[2.830s] running build
[2.830s] running build_py
[2.830s] creating /home/owl/projects/turtlebot3_color_detector_ws/build/turtlebot3_example/build
[2.831s] creating /home/owl/projects/turtlebot3_color_detector_ws/build/turtlebot3_example/build/lib
[2.831s] creating /home/owl/projects/turtlebot3_color_detector_ws/build/turtlebot3_example/build/lib/turtlebot3_example
[2.832s] copying turtlebot3_example/__init__.py -> /home/owl/projects/turtlebot3_color_detector_ws/build/turtlebot3_example/build/lib/turtlebot3_example
[2.832s] creating /home/owl/projects/turtlebot3_color_detector_ws/build/turtlebot3_example/build/lib/turtlebot3_example/turtlebot3_patrol_client
[2.833s] copying turtlebot3_example/turtlebot3_patrol_client/turtlebot3_patrol_client.py -> /home/owl/projects/turtlebot3_color_detector_ws/build/turtlebot3_example/build/lib/turtlebot3_example/turtlebot3_patrol_client
[2.834s] copying turtlebot3_example/turtlebot3_patrol_client/main.py -> /home/owl/projects/turtlebot3_color_detector_ws/build/turtlebot3_example/build/lib/turtlebot3_example/turtlebot3_patrol_client
[2.834s] copying turtlebot3_example/turtlebot3_patrol_client/__init__.py -> /home/owl/projects/turtlebot3_color_detector_ws/build/turtlebot3_example/build/lib/turtlebot3_example/turtlebot3_patrol_client
[2.835s] creating /home/owl/projects/turtlebot3_color_detector_ws/build/turtlebot3_example/build/lib/turtlebot3_example/turtlebot3_obstacle_detection
[2.835s] copying turtlebot3_example/turtlebot3_obstacle_detection/turtlebot3_obstacle_detection.py -> /home/owl/projects/turtlebot3_color_detector_ws/build/turtlebot3_example/build/lib/turtlebot3_example/turtlebot3_obstacle_detection
[2.836s] copying turtlebot3_example/turtlebot3_obstacle_detection/main.py -> /home/owl/projects/turtlebot3_color_detector_ws/build/turtlebot3_example/build/lib/turtlebot3_example/turtlebot3_obstacle_detection
[2.837s] copying turtlebot3_example/turtlebot3_obstacle_detection/__init__.py -> /home/owl/projects/turtlebot3_color_detector_ws/build/turtlebot3_example/build/lib/turtlebot3_example/turtlebot3_obstacle_detection
[2.837s] creating /home/owl/projects/turtlebot3_color_detector_ws/build/turtlebot3_example/build/lib/turtlebot3_example/turtlebot3_patrol_server
[2.839s] copying turtlebot3_example/turtlebot3_patrol_server/turtlebot3_path.py -> /home/owl/projects/turtlebot3_color_detector_ws/build/turtlebot3_example/build/lib/turtlebot3_example/turtlebot3_patrol_server
[2.840s] copying turtlebot3_example/turtlebot3_patrol_server/turtlebot3_patrol_server.py -> /home/owl/projects/turtlebot3_color_detector_ws/build/turtlebot3_example/build/lib/turtlebot3_example/turtlebot3_patrol_server
[2.840s] copying turtlebot3_example/turtlebot3_patrol_server/main.py -> /home/owl/projects/turtlebot3_color_detector_ws/build/turtlebot3_example/build/lib/turtlebot3_example/turtlebot3_patrol_server
[2.841s] copying turtlebot3_example/turtlebot3_patrol_server/__init__.py -> /home/owl/projects/turtlebot3_color_detector_ws/build/turtlebot3_example/build/lib/turtlebot3_example/turtlebot3_patrol_server
[2.842s] creating /home/owl/projects/turtlebot3_color_detector_ws/build/turtlebot3_example/build/lib/turtlebot3_example/turtlebot3_position_control
[2.842s] copying turtlebot3_example/turtlebot3_position_control/turtlebot3_path.py -> /home/owl/projects/turtlebot3_color_detector_ws/build/turtlebot3_example/build/lib/turtlebot3_example/turtlebot3_position_control
[2.843s] copying turtlebot3_example/turtlebot3_position_control/main.py -> /home/owl/projects/turtlebot3_color_detector_ws/build/turtlebot3_example/build/lib/turtlebot3_example/turtlebot3_position_control
[2.844s] copying turtlebot3_example/turtlebot3_position_control/__init__.py -> /home/owl/projects/turtlebot3_color_detector_ws/build/turtlebot3_example/build/lib/turtlebot3_example/turtlebot3_position_control
[2.844s] copying turtlebot3_example/turtlebot3_position_control/turtlebot3_position_control.py -> /home/owl/projects/turtlebot3_color_detector_ws/build/turtlebot3_example/build/lib/turtlebot3_example/turtlebot3_position_control
[2.845s] running install
[2.846s] running install_lib
[2.850s] creating /home/owl/projects/turtlebot3_color_detector_ws/install/turtlebot3_example/lib/python3.10/site-packages/turtlebot3_example
[2.852s] copying /home/owl/projects/turtlebot3_color_detector_ws/build/turtlebot3_example/build/lib/turtlebot3_example/__init__.py -> /home/owl/projects/turtlebot3_color_detector_ws/install/turtlebot3_example/lib/python3.10/site-packages/turtlebot3_example
[2.852s] creating /home/owl/projects/turtlebot3_color_detector_ws/install/turtlebot3_example/lib/python3.10/site-packages/turtlebot3_example/turtlebot3_patrol_client
[2.854s] copying /home/owl/projects/turtlebot3_color_detector_ws/build/turtlebot3_example/build/lib/turtlebot3_example/turtlebot3_patrol_client/turtlebot3_patrol_client.py -> /home/owl/projects/turtlebot3_color_detector_ws/install/turtlebot3_example/lib/python3.10/site-packages/turtlebot3_example/turtlebot3_patrol_client
[2.854s] copying /home/owl/projects/turtlebot3_color_detector_ws/build/turtlebot3_example/build/lib/turtlebot3_example/turtlebot3_patrol_client/main.py -> /home/owl/projects/turtlebot3_color_detector_ws/install/turtlebot3_example/lib/python3.10/site-packages/turtlebot3_example/turtlebot3_patrol_client
[2.855s] copying /home/owl/projects/turtlebot3_color_detector_ws/build/turtlebot3_example/build/lib/turtlebot3_example/turtlebot3_patrol_client/__init__.py -> /home/owl/projects/turtlebot3_color_detector_ws/install/turtlebot3_example/lib/python3.10/site-packages/turtlebot3_example/turtlebot3_patrol_client
[2.855s] creating /home/owl/projects/turtlebot3_color_detector_ws/install/turtlebot3_example/lib/python3.10/site-packages/turtlebot3_example/turtlebot3_obstacle_detection
[2.856s] copying /home/owl/projects/turtlebot3_color_detector_ws/build/turtlebot3_example/build/lib/turtlebot3_example/turtlebot3_obstacle_detection/turtlebot3_obstacle_detection.py -> /home/owl/projects/turtlebot3_color_detector_ws/install/turtlebot3_example/lib/python3.10/site-packages/turtlebot3_example/turtlebot3_obstacle_detection
[2.857s] copying /home/owl/projects/turtlebot3_color_detector_ws/build/turtlebot3_example/build/lib/turtlebot3_example/turtlebot3_obstacle_detection/main.py -> /home/owl/projects/turtlebot3_color_detector_ws/install/turtlebot3_example/lib/python3.10/site-packages/turtlebot3_example/turtlebot3_obstacle_detection
[2.857s] copying /home/owl/projects/turtlebot3_color_detector_ws/build/turtlebot3_example/build/lib/turtlebot3_example/turtlebot3_obstacle_detection/__init__.py -> /home/owl/projects/turtlebot3_color_detector_ws/install/turtlebot3_example/lib/python3.10/site-packages/turtlebot3_example/turtlebot3_obstacle_detection
[2.857s] creating /home/owl/projects/turtlebot3_color_detector_ws/install/turtlebot3_example/lib/python3.10/site-packages/turtlebot3_example/turtlebot3_patrol_server
[2.858s] copying /home/owl/projects/turtlebot3_color_detector_ws/build/turtlebot3_example/build/lib/turtlebot3_example/turtlebot3_patrol_server/turtlebot3_path.py -> /home/owl/projects/turtlebot3_color_detector_ws/install/turtlebot3_example/lib/python3.10/site-packages/turtlebot3_example/turtlebot3_patrol_server
[2.858s] copying /home/owl/projects/turtlebot3_color_detector_ws/build/turtlebot3_example/build/lib/turtlebot3_example/turtlebot3_patrol_server/turtlebot3_patrol_server.py -> /home/owl/projects/turtlebot3_color_detector_ws/install/turtlebot3_example/lib/python3.10/site-packages/turtlebot3_example/turtlebot3_patrol_server
[2.859s] copying /home/owl/projects/turtlebot3_color_detector_ws/build/turtlebot3_example/build/lib/turtlebot3_example/turtlebot3_patrol_server/main.py -> /home/owl/projects/turtlebot3_color_detector_ws/install/turtlebot3_example/lib/python3.10/site-packages/turtlebot3_example/turtlebot3_patrol_server
[2.859s] copying /home/owl/projects/turtlebot3_color_detector_ws/build/turtlebot3_example/build/lib/turtlebot3_example/turtlebot3_patrol_server/__init__.py -> /home/owl/projects/turtlebot3_color_detector_ws/install/turtlebot3_example/lib/python3.10/site-packages/turtlebot3_example/turtlebot3_patrol_server
[2.859s] creating /home/owl/projects/turtlebot3_color_detector_ws/install/turtlebot3_example/lib/python3.10/site-packages/turtlebot3_example/turtlebot3_position_control
[2.860s] copying /home/owl/projects/turtlebot3_color_detector_ws/build/turtlebot3_example/build/lib/turtlebot3_example/turtlebot3_position_control/turtlebot3_path.py -> /home/owl/projects/turtlebot3_color_detector_ws/install/turtlebot3_example/lib/python3.10/site-packages/turtlebot3_example/turtlebot3_position_control
[2.860s] copying /home/owl/projects/turtlebot3_color_detector_ws/build/turtlebot3_example/build/lib/turtlebot3_example/turtlebot3_position_control/main.py -> /home/owl/projects/turtlebot3_color_detector_ws/install/turtlebot3_example/lib/python3.10/site-packages/turtlebot3_example/turtlebot3_position_control
[2.861s] copying /home/owl/projects/turtlebot3_color_detector_ws/build/turtlebot3_example/build/lib/turtlebot3_example/turtlebot3_position_control/__init__.py -> /home/owl/projects/turtlebot3_color_detector_ws/install/turtlebot3_example/lib/python3.10/site-packages/turtlebot3_example/turtlebot3_position_control
[2.861s] copying /home/owl/projects/turtlebot3_color_detector_ws/build/turtlebot3_example/build/lib/turtlebot3_example/turtlebot3_position_control/turtlebot3_position_control.py -> /home/owl/projects/turtlebot3_color_detector_ws/install/turtlebot3_example/lib/python3.10/site-packages/turtlebot3_example/turtlebot3_position_control
[2.862s] byte-compiling /home/owl/projects/turtlebot3_color_detector_ws/install/turtlebot3_example/lib/python3.10/site-packages/turtlebot3_example/__init__.py to __init__.cpython-310.pyc
[2.863s] byte-compiling /home/owl/projects/turtlebot3_color_detector_ws/install/turtlebot3_example/lib/python3.10/site-packages/turtlebot3_example/turtlebot3_patrol_client/turtlebot3_patrol_client.py to turtlebot3_patrol_client.cpython-310.pyc
[2.865s] byte-compiling /home/owl/projects/turtlebot3_color_detector_ws/install/turtlebot3_example/lib/python3.10/site-packages/turtlebot3_example/turtlebot3_patrol_client/main.py to main.cpython-310.pyc
[2.865s] byte-compiling /home/owl/projects/turtlebot3_color_detector_ws/install/turtlebot3_example/lib/python3.10/site-packages/turtlebot3_example/turtlebot3_patrol_client/__init__.py to __init__.cpython-310.pyc
[2.866s] byte-compiling /home/owl/projects/turtlebot3_color_detector_ws/install/turtlebot3_example/lib/python3.10/site-packages/turtlebot3_example/turtlebot3_obstacle_detection/turtlebot3_obstacle_detection.py to turtlebot3_obstacle_detection.cpython-310.pyc
[2.867s] byte-compiling /home/owl/projects/turtlebot3_color_detector_ws/install/turtlebot3_example/lib/python3.10/site-packages/turtlebot3_example/turtlebot3_obstacle_detection/main.py to main.cpython-310.pyc
[2.868s] byte-compiling /home/owl/projects/turtlebot3_color_detector_ws/install/turtlebot3_example/lib/python3.10/site-packages/turtlebot3_example/turtlebot3_obstacle_detection/__init__.py to __init__.cpython-310.pyc
[2.868s] byte-compiling /home/owl/projects/turtlebot3_color_detector_ws/install/turtlebot3_example/lib/python3.10/site-packages/turtlebot3_example/turtlebot3_patrol_server/turtlebot3_path.py to turtlebot3_path.cpython-310.pyc
[2.869s] byte-compiling /home/owl/projects/turtlebot3_color_detector_ws/install/turtlebot3_example/lib/python3.10/site-packages/turtlebot3_example/turtlebot3_patrol_server/turtlebot3_patrol_server.py to turtlebot3_patrol_server.cpython-310.pyc
[2.870s] byte-compiling /home/owl/projects/turtlebot3_color_detector_ws/install/turtlebot3_example/lib/python3.10/site-packages/turtlebot3_example/turtlebot3_patrol_server/main.py to main.cpython-310.pyc
[2.871s] byte-compiling /home/owl/projects/turtlebot3_color_detector_ws/install/turtlebot3_example/lib/python3.10/site-packages/turtlebot3_example/turtlebot3_patrol_server/__init__.py to __init__.cpython-310.pyc
[2.871s] byte-compiling /home/owl/projects/turtlebot3_color_detector_ws/install/turtlebot3_example/lib/python3.10/site-packages/turtlebot3_example/turtlebot3_position_control/turtlebot3_path.py to turtlebot3_path.cpython-310.pyc
[2.873s] byte-compiling /home/owl/projects/turtlebot3_color_detector_ws/install/turtlebot3_example/lib/python3.10/site-packages/turtlebot3_example/turtlebot3_position_control/main.py to main.cpython-310.pyc
[2.873s] byte-compiling /home/owl/projects/turtlebot3_color_detector_ws/install/turtlebot3_example/lib/python3.10/site-packages/turtlebot3_example/turtlebot3_position_control/__init__.py to __init__.cpython-310.pyc
[2.874s] byte-compiling /home/owl/projects/turtlebot3_color_detector_ws/install/turtlebot3_example/lib/python3.10/site-packages/turtlebot3_example/turtlebot3_position_control/turtlebot3_position_control.py to turtlebot3_position_control.cpython-310.pyc
[2.875s] running install_data
[2.876s] copying resource/turtlebot3_example -> /home/owl/projects/turtlebot3_color_detector_ws/install/turtlebot3_example/share/ament_index/resource_index/packages
[2.876s] copying package.xml -> /home/owl/projects/turtlebot3_color_detector_ws/install/turtlebot3_example/share/turtlebot3_example
[2.877s] running install_egg_info
[2.880s] Copying ../../../build/turtlebot3_example/turtlebot3_example.egg-info to /home/owl/projects/turtlebot3_color_detector_ws/install/turtlebot3_example/lib/python3.10/site-packages/turtlebot3_example-2.1.5-py3.10.egg-info
[2.883s] running install_scripts
[2.917s] Installing turtlebot3_obstacle_detection script to /home/owl/projects/turtlebot3_color_detector_ws/install/turtlebot3_example/lib/turtlebot3_example
[2.917s] Installing turtlebot3_patrol_client script to /home/owl/projects/turtlebot3_color_detector_ws/install/turtlebot3_example/lib/turtlebot3_example
[2.917s] Installing turtlebot3_patrol_server script to /home/owl/projects/turtlebot3_color_detector_ws/install/turtlebot3_example/lib/turtlebot3_example
[2.918s] Installing turtlebot3_position_control script to /home/owl/projects/turtlebot3_color_detector_ws/install/turtlebot3_example/lib/turtlebot3_example
[2.919s] writing list of installed files to '/home/owl/projects/turtlebot3_color_detector_ws/build/turtlebot3_example/install.log'
[2.959s] Invoked command in '/home/owl/projects/turtlebot3_color_detector_ws/src/turtlebot3/turtlebot3_example' returned '0': AMENT_PREFIX_PATH=/home/owl/projects/turtlebot3_color_detector_ws/install/turtlebot3_msgs:${AMENT_PREFIX_PATH} CMAKE_PREFIX_PATH=/home/owl/projects/turtlebot3_color_detector_ws/install/turtlebot3_msgs LD_LIBRARY_PATH=/home/owl/projects/turtlebot3_color_detector_ws/install/turtlebot3_msgs/lib:${LD_LIBRARY_PATH} PYTHONPATH=/home/owl/projects/turtlebot3_color_detector_ws/build/turtlebot3_example/prefix_override:/usr/lib/python3/dist-packages/colcon_core/task/python/colcon_distutils_commands:/home/owl/projects/turtlebot3_color_detector_ws/install/turtlebot3_example/lib/python3.10/site-packages:/home/owl/projects/turtlebot3_color_detector_ws/install/turtlebot3_msgs/local/lib/python3.10/dist-packages:${PYTHONPATH} /usr/bin/python3 -W ignore:setup.py install is deprecated -W ignore:easy_install command is deprecated setup.py egg_info --egg-base ../../../build/turtlebot3_example build --build-base /home/owl/projects/turtlebot3_color_detector_ws/build/turtlebot3_example/build install --record /home/owl/projects/turtlebot3_color_detector_ws/build/turtlebot3_example/install.log --single-version-externally-managed install_data --force
