[1.415s] Invoking command in '/home/owl/projects/turtlebot3_color_detector_ws/build/turtlebot3_example': AMENT_PREFIX_PATH=/home/owl/projects/turtlebot3_color_detector_ws/install/turtlebot3_msgs:${AMENT_PREFIX_PATH} CMAKE_PREFIX_PATH=/home/owl/projects/turtlebot3_color_detector_ws/install/turtlebot3_msgs:/home/owl/projects/turtlebot3_color_detector_ws/install/turtlebot3:/home/owl/projects/turtlebot3_color_detector_ws/install/turtlebot3_simulations:/home/owl/projects/turtlebot3_color_detector_ws/install/turtlebot3_bringup:/home/owl/projects/turtlebot3_color_detector_ws/install/turtlebot3_node:/home/owl/projects/turtlebot3_color_detector_ws/install/turtlebot3_navigation2:/home/owl/projects/turtlebot3_color_detector_ws/install/turtlebot3_fake_node:/home/owl/projects/turtlebot3_color_detector_ws/install/turtlebot3_gazebo:/home/owl/projects/turtlebot3_color_detector_ws/install/turtlebot3_description:/home/owl/projects/turtlebot3_color_detector_ws/install/turtlebot3_cartographer PYTHONPATH=/home/owl/projects/turtlebot3_color_detector_ws/build/turtlebot3_example/prefix_override:/usr/lib/python3/dist-packages/colcon_core/task/python/colcon_distutils_commands:/home/owl/projects/turtlebot3_color_detector_ws/install/turtlebot3_example/lib/python3.10/site-packages:/home/owl/projects/turtlebot3_color_detector_ws/install/turtlebot3_msgs/local/lib/python3.10/dist-packages:${PYTHONPATH} /usr/bin/python3 -W ignore:setup.py install is deprecated -W ignore:easy_install command is deprecated setup.py develop --editable --build-directory /home/owl/projects/turtlebot3_color_detector_ws/build/turtlebot3_example/build --no-deps symlink_data
[1.946s] running develop
[2.305s] running egg_info
[2.305s] creating turtlebot3_example.egg-info
[2.306s] writing turtlebot3_example.egg-info/PKG-INFO
[2.307s] writing dependency_links to turtlebot3_example.egg-info/dependency_links.txt
[2.307s] writing entry points to turtlebot3_example.egg-info/entry_points.txt
[2.308s] writing requirements to turtlebot3_example.egg-info/requires.txt
[2.308s] writing top-level names to turtlebot3_example.egg-info/top_level.txt
[2.308s] writing manifest file 'turtlebot3_example.egg-info/SOURCES.txt'
[2.313s] reading manifest file 'turtlebot3_example.egg-info/SOURCES.txt'
[2.315s] writing manifest file 'turtlebot3_example.egg-info/SOURCES.txt'
[2.319s] running build_ext
[2.319s] Creating /home/owl/projects/turtlebot3_color_detector_ws/install/turtlebot3_example/lib/python3.10/site-packages/turtlebot3-example.egg-link (link to .)
[2.321s] Installing turtlebot3_obstacle_detection script to /home/owl/projects/turtlebot3_color_detector_ws/install/turtlebot3_example/lib/turtlebot3_example
[2.323s] Installing turtlebot3_patrol_client script to /home/owl/projects/turtlebot3_color_detector_ws/install/turtlebot3_example/lib/turtlebot3_example
[2.323s] Installing turtlebot3_patrol_server script to /home/owl/projects/turtlebot3_color_detector_ws/install/turtlebot3_example/lib/turtlebot3_example
[2.324s] Installing turtlebot3_position_control script to /home/owl/projects/turtlebot3_color_detector_ws/install/turtlebot3_example/lib/turtlebot3_example
[2.324s] 
[2.324s] Installed /home/owl/projects/turtlebot3_color_detector_ws/build/turtlebot3_example
[2.325s] running symlink_data
[2.325s] creating /home/owl/projects/turtlebot3_color_detector_ws/install/turtlebot3_example/share/ament_index
[2.325s] creating /home/owl/projects/turtlebot3_color_detector_ws/install/turtlebot3_example/share/ament_index/resource_index
[2.326s] creating /home/owl/projects/turtlebot3_color_detector_ws/install/turtlebot3_example/share/ament_index/resource_index/packages
[2.326s] symbolically linking /home/owl/projects/turtlebot3_color_detector_ws/build/turtlebot3_example/resource/turtlebot3_example -> /home/owl/projects/turtlebot3_color_detector_ws/install/turtlebot3_example/share/ament_index/resource_index/packages
[2.327s] symbolically linking /home/owl/projects/turtlebot3_color_detector_ws/build/turtlebot3_example/package.xml -> /home/owl/projects/turtlebot3_color_detector_ws/install/turtlebot3_example/share/turtlebot3_example
[2.384s] Invoked command in '/home/owl/projects/turtlebot3_color_detector_ws/build/turtlebot3_example' returned '0': AMENT_PREFIX_PATH=/home/owl/projects/turtlebot3_color_detector_ws/install/turtlebot3_msgs:${AMENT_PREFIX_PATH} CMAKE_PREFIX_PATH=/home/owl/projects/turtlebot3_color_detector_ws/install/turtlebot3_msgs:/home/owl/projects/turtlebot3_color_detector_ws/install/turtlebot3:/home/owl/projects/turtlebot3_color_detector_ws/install/turtlebot3_simulations:/home/owl/projects/turtlebot3_color_detector_ws/install/turtlebot3_bringup:/home/owl/projects/turtlebot3_color_detector_ws/install/turtlebot3_node:/home/owl/projects/turtlebot3_color_detector_ws/install/turtlebot3_navigation2:/home/owl/projects/turtlebot3_color_detector_ws/install/turtlebot3_fake_node:/home/owl/projects/turtlebot3_color_detector_ws/install/turtlebot3_gazebo:/home/owl/projects/turtlebot3_color_detector_ws/install/turtlebot3_description:/home/owl/projects/turtlebot3_color_detector_ws/install/turtlebot3_cartographer PYTHONPATH=/home/owl/projects/turtlebot3_color_detector_ws/build/turtlebot3_example/prefix_override:/usr/lib/python3/dist-packages/colcon_core/task/python/colcon_distutils_commands:/home/owl/projects/turtlebot3_color_detector_ws/install/turtlebot3_example/lib/python3.10/site-packages:/home/owl/projects/turtlebot3_color_detector_ws/install/turtlebot3_msgs/local/lib/python3.10/dist-packages:${PYTHONPATH} /usr/bin/python3 -W ignore:setup.py install is deprecated -W ignore:easy_install command is deprecated setup.py develop --editable --build-directory /home/owl/projects/turtlebot3_color_detector_ws/build/turtlebot3_example/build --no-deps symlink_data
