[0.078s] Invoking command in '/home/owl/projects/turtlebot3_color_detector_ws/build/turtlebot3_navigation2': CMAKE_PREFIX_PATH=${CMAKE_PREFIX_PATH}:/home/owl/projects/turtlebot3_color_detector_ws/install/turtlebot3_teleop:/home/owl/projects/turtlebot3_color_detector_ws/install/turtlebot3_example:/home/owl/projects/turtlebot3_color_detector_ws/install/turtlebot3_cv:/home/owl/projects/turtlebot3_cv_ws_backup/install/turtlebot3_teleop:/home/owl/projects/turtlebot3_cv_ws_backup/install/turtlebot3_example:/home/owl/projects/turtlebot3_cv_ws_backup/install/turtlebot3_cv:/home/owl/projects/turtlebot3_cv_ws/install/turtlebot3_cv_launcher:/home/owl/projects/turtlebot3_cv_ws/install/turtlebot3_camera:/home/owl/turtlebot3_cv_ws/install/turtlebot3_cv_launcher:/home/owl/turtlebot3_cv_ws/install/turtlebot3_camera:/home/owl/projects/turtlebot3_cv_ws/install/turtlebot3_teleop:/home/owl/projects/turtlebot3_cv_ws/install/turtlebot3_example:/home/owl/projects/turtlebot3_cv_ws/install/turtlebot3_cv:/opt/ros/humble /usr/bin/cmake --build /home/owl/projects/turtlebot3_color_detector_ws/build/turtlebot3_navigation2 -- -j8 -l8
[1.175s] Invoked command in '/home/owl/projects/turtlebot3_color_detector_ws/build/turtlebot3_navigation2' returned '0': CMAKE_PREFIX_PATH=${CMAKE_PREFIX_PATH}:/home/owl/projects/turtlebot3_color_detector_ws/install/turtlebot3_teleop:/home/owl/projects/turtlebot3_color_detector_ws/install/turtlebot3_example:/home/owl/projects/turtlebot3_color_detector_ws/install/turtlebot3_cv:/home/owl/projects/turtlebot3_cv_ws_backup/install/turtlebot3_teleop:/home/owl/projects/turtlebot3_cv_ws_backup/install/turtlebot3_example:/home/owl/projects/turtlebot3_cv_ws_backup/install/turtlebot3_cv:/home/owl/projects/turtlebot3_cv_ws/install/turtlebot3_cv_launcher:/home/owl/projects/turtlebot3_cv_ws/install/turtlebot3_camera:/home/owl/turtlebot3_cv_ws/install/turtlebot3_cv_launcher:/home/owl/turtlebot3_cv_ws/install/turtlebot3_camera:/home/owl/projects/turtlebot3_cv_ws/install/turtlebot3_teleop:/home/owl/projects/turtlebot3_cv_ws/install/turtlebot3_example:/home/owl/projects/turtlebot3_cv_ws/install/turtlebot3_cv:/opt/ros/humble /usr/bin/cmake --build /home/owl/projects/turtlebot3_color_detector_ws/build/turtlebot3_navigation2 -- -j8 -l8
[1.179s] Invoking command in '/home/owl/projects/turtlebot3_color_detector_ws/build/turtlebot3_navigation2': CMAKE_PREFIX_PATH=${CMAKE_PREFIX_PATH}:/home/owl/projects/turtlebot3_color_detector_ws/install/turtlebot3_teleop:/home/owl/projects/turtlebot3_color_detector_ws/install/turtlebot3_example:/home/owl/projects/turtlebot3_color_detector_ws/install/turtlebot3_cv:/home/owl/projects/turtlebot3_cv_ws_backup/install/turtlebot3_teleop:/home/owl/projects/turtlebot3_cv_ws_backup/install/turtlebot3_example:/home/owl/projects/turtlebot3_cv_ws_backup/install/turtlebot3_cv:/home/owl/projects/turtlebot3_cv_ws/install/turtlebot3_cv_launcher:/home/owl/projects/turtlebot3_cv_ws/install/turtlebot3_camera:/home/owl/turtlebot3_cv_ws/install/turtlebot3_cv_launcher:/home/owl/turtlebot3_cv_ws/install/turtlebot3_camera:/home/owl/projects/turtlebot3_cv_ws/install/turtlebot3_teleop:/home/owl/projects/turtlebot3_cv_ws/install/turtlebot3_example:/home/owl/projects/turtlebot3_cv_ws/install/turtlebot3_cv:/opt/ros/humble /usr/bin/cmake --install /home/owl/projects/turtlebot3_color_detector_ws/build/turtlebot3_navigation2
[1.207s] -- Install configuration: ""
[1.208s] -- Execute custom install script
[1.208s] -- Up-to-date symlink: /home/owl/projects/turtlebot3_color_detector_ws/install/turtlebot3_navigation2/share/turtlebot3_navigation2/launch/navigation2.launch.py
[1.209s] -- Up-to-date symlink: /home/owl/projects/turtlebot3_color_detector_ws/install/turtlebot3_navigation2/share/turtlebot3_navigation2/map/map.pgm
[1.209s] -- Up-to-date symlink: /home/owl/projects/turtlebot3_color_detector_ws/install/turtlebot3_navigation2/share/turtlebot3_navigation2/map/map.yaml
[1.210s] -- Up-to-date symlink: /home/owl/projects/turtlebot3_color_detector_ws/install/turtlebot3_navigation2/share/turtlebot3_navigation2/param/burger.yaml
[1.210s] -- Up-to-date symlink: /home/owl/projects/turtlebot3_color_detector_ws/install/turtlebot3_navigation2/share/turtlebot3_navigation2/param/waffle.yaml
[1.212s] -- Up-to-date symlink: /home/owl/projects/turtlebot3_color_detector_ws/install/turtlebot3_navigation2/share/turtlebot3_navigation2/param/waffle_pi.yaml
[1.212s] -- Up-to-date symlink: /home/owl/projects/turtlebot3_color_detector_ws/install/turtlebot3_navigation2/share/turtlebot3_navigation2/rviz/tb3_navigation2.rviz
[1.213s] -- Up-to-date symlink: /home/owl/projects/turtlebot3_color_detector_ws/install/turtlebot3_navigation2/share/ament_index/resource_index/package_run_dependencies/turtlebot3_navigation2
[1.214s] -- Up-to-date symlink: /home/owl/projects/turtlebot3_color_detector_ws/install/turtlebot3_navigation2/share/ament_index/resource_index/parent_prefix_path/turtlebot3_navigation2
[1.214s] -- Up-to-date symlink: /home/owl/projects/turtlebot3_color_detector_ws/install/turtlebot3_navigation2/share/turtlebot3_navigation2/environment/ament_prefix_path.sh
[1.214s] -- Up-to-date symlink: /home/owl/projects/turtlebot3_color_detector_ws/install/turtlebot3_navigation2/share/turtlebot3_navigation2/environment/ament_prefix_path.dsv
[1.215s] -- Up-to-date symlink: /home/owl/projects/turtlebot3_color_detector_ws/install/turtlebot3_navigation2/share/turtlebot3_navigation2/environment/path.sh
[1.215s] -- Up-to-date symlink: /home/owl/projects/turtlebot3_color_detector_ws/install/turtlebot3_navigation2/share/turtlebot3_navigation2/environment/path.dsv
[1.216s] -- Up-to-date symlink: /home/owl/projects/turtlebot3_color_detector_ws/install/turtlebot3_navigation2/share/turtlebot3_navigation2/local_setup.bash
[1.217s] -- Up-to-date symlink: /home/owl/projects/turtlebot3_color_detector_ws/install/turtlebot3_navigation2/share/turtlebot3_navigation2/local_setup.sh
[1.217s] -- Up-to-date symlink: /home/owl/projects/turtlebot3_color_detector_ws/install/turtlebot3_navigation2/share/turtlebot3_navigation2/local_setup.zsh
[1.217s] -- Up-to-date symlink: /home/owl/projects/turtlebot3_color_detector_ws/install/turtlebot3_navigation2/share/turtlebot3_navigation2/local_setup.dsv
[1.218s] -- Symlinking: /home/owl/projects/turtlebot3_color_detector_ws/install/turtlebot3_navigation2/share/turtlebot3_navigation2/package.dsv
[1.228s] -- Up-to-date symlink: /home/owl/projects/turtlebot3_color_detector_ws/install/turtlebot3_navigation2/share/ament_index/resource_index/packages/turtlebot3_navigation2
[1.228s] -- Up-to-date symlink: /home/owl/projects/turtlebot3_color_detector_ws/install/turtlebot3_navigation2/share/turtlebot3_navigation2/cmake/turtlebot3_navigation2Config.cmake
[1.229s] -- Up-to-date symlink: /home/owl/projects/turtlebot3_color_detector_ws/install/turtlebot3_navigation2/share/turtlebot3_navigation2/cmake/turtlebot3_navigation2Config-version.cmake
[1.229s] -- Up-to-date symlink: /home/owl/projects/turtlebot3_color_detector_ws/install/turtlebot3_navigation2/share/turtlebot3_navigation2/package.xml
[1.283s] Invoked command in '/home/owl/projects/turtlebot3_color_detector_ws/build/turtlebot3_navigation2' returned '0': CMAKE_PREFIX_PATH=${CMAKE_PREFIX_PATH}:/home/owl/projects/turtlebot3_color_detector_ws/install/turtlebot3_teleop:/home/owl/projects/turtlebot3_color_detector_ws/install/turtlebot3_example:/home/owl/projects/turtlebot3_color_detector_ws/install/turtlebot3_cv:/home/owl/projects/turtlebot3_cv_ws_backup/install/turtlebot3_teleop:/home/owl/projects/turtlebot3_cv_ws_backup/install/turtlebot3_example:/home/owl/projects/turtlebot3_cv_ws_backup/install/turtlebot3_cv:/home/owl/projects/turtlebot3_cv_ws/install/turtlebot3_cv_launcher:/home/owl/projects/turtlebot3_cv_ws/install/turtlebot3_camera:/home/owl/turtlebot3_cv_ws/install/turtlebot3_cv_launcher:/home/owl/turtlebot3_cv_ws/install/turtlebot3_camera:/home/owl/projects/turtlebot3_cv_ws/install/turtlebot3_teleop:/home/owl/projects/turtlebot3_cv_ws/install/turtlebot3_example:/home/owl/projects/turtlebot3_cv_ws/install/turtlebot3_cv:/opt/ros/humble /usr/bin/cmake --install /home/owl/projects/turtlebot3_color_detector_ws/build/turtlebot3_navigation2
