[5.234s] Invoking command in '/home/owl/projects/turtlebot3_color_detector_ws/src/turtlebot3/turtlebot3_teleop': PYTHONPATH=/home/owl/projects/turtlebot3_color_detector_ws/build/turtlebot3_teleop/prefix_override:/usr/lib/python3/dist-packages/colcon_core/task/python/colcon_distutils_commands:/home/owl/projects/turtlebot3_color_detector_ws/install/turtlebot3_teleop/lib/python3.10/site-packages:${PYTHONPATH} /usr/bin/python3 -W ignore:setup.py install is deprecated -W ignore:easy_install command is deprecated setup.py egg_info --egg-base ../../../build/turtlebot3_teleop build --build-base /home/owl/projects/turtlebot3_color_detector_ws/build/turtlebot3_teleop/build install --record /home/owl/projects/turtlebot3_color_detector_ws/build/turtlebot3_teleop/install.log --single-version-externally-managed install_data
[6.494s] running egg_info
[6.504s] writing ../../../build/turtlebot3_teleop/turtlebot3_teleop.egg-info/PKG-INFO
[6.505s] writing dependency_links to ../../../build/turtlebot3_teleop/turtlebot3_teleop.egg-info/dependency_links.txt
[6.505s] writing entry points to ../../../build/turtlebot3_teleop/turtlebot3_teleop.egg-info/entry_points.txt
[6.506s] writing requirements to ../../../build/turtlebot3_teleop/turtlebot3_teleop.egg-info/requires.txt
[6.506s] writing top-level names to ../../../build/turtlebot3_teleop/turtlebot3_teleop.egg-info/top_level.txt
[6.516s] reading manifest file '../../../build/turtlebot3_teleop/turtlebot3_teleop.egg-info/SOURCES.txt'
[6.519s] writing manifest file '../../../build/turtlebot3_teleop/turtlebot3_teleop.egg-info/SOURCES.txt'
[6.520s] running build
[6.520s] running build_py
[6.522s] running install
[6.525s] running install_lib
[6.529s] running install_data
[6.530s] running install_egg_info
[6.536s] removing '/home/owl/projects/turtlebot3_color_detector_ws/install/turtlebot3_teleop/lib/python3.10/site-packages/turtlebot3_teleop-2.1.5-py3.10.egg-info' (and everything under it)
[6.538s] Copying ../../../build/turtlebot3_teleop/turtlebot3_teleop.egg-info to /home/owl/projects/turtlebot3_color_detector_ws/install/turtlebot3_teleop/lib/python3.10/site-packages/turtlebot3_teleop-2.1.5-py3.10.egg-info
[6.544s] running install_scripts
[6.626s] Installing teleop_keyboard script to /home/owl/projects/turtlebot3_color_detector_ws/install/turtlebot3_teleop/lib/turtlebot3_teleop
[6.627s] writing list of installed files to '/home/owl/projects/turtlebot3_color_detector_ws/build/turtlebot3_teleop/install.log'
[6.714s] Invoked command in '/home/owl/projects/turtlebot3_color_detector_ws/src/turtlebot3/turtlebot3_teleop' returned '0': PYTHONPATH=/home/owl/projects/turtlebot3_color_detector_ws/build/turtlebot3_teleop/prefix_override:/usr/lib/python3/dist-packages/colcon_core/task/python/colcon_distutils_commands:/home/owl/projects/turtlebot3_color_detector_ws/install/turtlebot3_teleop/lib/python3.10/site-packages:${PYTHONPATH} /usr/bin/python3 -W ignore:setup.py install is deprecated -W ignore:easy_install command is deprecated setup.py egg_info --egg-base ../../../build/turtlebot3_teleop build --build-base /home/owl/projects/turtlebot3_color_detector_ws/build/turtlebot3_teleop/build install --record /home/owl/projects/turtlebot3_color_detector_ws/build/turtlebot3_teleop/install.log --single-version-externally-managed install_data
