[4.531s] Invoking command in '/home/owl/projects/turtlebot3_color_detector_ws/src/turtlebot3_cv': PYTHONPATH=/home/owl/projects/turtlebot3_color_detector_ws/build/turtlebot3_cv/prefix_override:/usr/lib/python3/dist-packages/colcon_core/task/python/colcon_distutils_commands:/home/owl/projects/turtlebot3_color_detector_ws/install/turtlebot3_cv/lib/python3.10/site-packages:${PYTHONPATH} /usr/bin/python3 -W ignore:setup.py install is deprecated -W ignore:easy_install command is deprecated setup.py egg_info --egg-base ../../build/turtlebot3_cv build --build-base /home/owl/projects/turtlebot3_color_detector_ws/build/turtlebot3_cv/build install --record /home/owl/projects/turtlebot3_color_detector_ws/build/turtlebot3_cv/install.log --single-version-externally-managed install_data
[6.918s] running egg_info
[6.955s] writing ../../build/turtlebot3_cv/turtlebot3_cv.egg-info/PKG-INFO
[6.956s] writing dependency_links to ../../build/turtlebot3_cv/turtlebot3_cv.egg-info/dependency_links.txt
[6.956s] writing entry points to ../../build/turtlebot3_cv/turtlebot3_cv.egg-info/entry_points.txt
[6.956s] writing requirements to ../../build/turtlebot3_cv/turtlebot3_cv.egg-info/requires.txt
[6.957s] writing top-level names to ../../build/turtlebot3_cv/turtlebot3_cv.egg-info/top_level.txt
[6.957s] reading manifest file '../../build/turtlebot3_cv/turtlebot3_cv.egg-info/SOURCES.txt'
[6.982s] writing manifest file '../../build/turtlebot3_cv/turtlebot3_cv.egg-info/SOURCES.txt'
[6.983s] running build
[6.983s] running build_py
[6.984s] running install
[6.985s] running install_lib
[6.986s] running install_data
[6.989s] running install_egg_info
[7.002s] removing '/home/owl/projects/turtlebot3_color_detector_ws/install/turtlebot3_cv/lib/python3.10/site-packages/turtlebot3_cv-0.0.0-py3.10.egg-info' (and everything under it)
[7.004s] Copying ../../build/turtlebot3_cv/turtlebot3_cv.egg-info to /home/owl/projects/turtlebot3_color_detector_ws/install/turtlebot3_cv/lib/python3.10/site-packages/turtlebot3_cv-0.0.0-py3.10.egg-info
[7.018s] running install_scripts
[7.459s] Installing color_detector script to /home/owl/projects/turtlebot3_color_detector_ws/install/turtlebot3_cv/lib/turtlebot3_cv
[7.460s] Installing image_subscriber script to /home/owl/projects/turtlebot3_color_detector_ws/install/turtlebot3_cv/lib/turtlebot3_cv
[7.466s] writing list of installed files to '/home/owl/projects/turtlebot3_color_detector_ws/build/turtlebot3_cv/install.log'
[7.693s] Invoked command in '/home/owl/projects/turtlebot3_color_detector_ws/src/turtlebot3_cv' returned '0': PYTHONPATH=/home/owl/projects/turtlebot3_color_detector_ws/build/turtlebot3_cv/prefix_override:/usr/lib/python3/dist-packages/colcon_core/task/python/colcon_distutils_commands:/home/owl/projects/turtlebot3_color_detector_ws/install/turtlebot3_cv/lib/python3.10/site-packages:${PYTHONPATH} /usr/bin/python3 -W ignore:setup.py install is deprecated -W ignore:easy_install command is deprecated setup.py egg_info --egg-base ../../build/turtlebot3_cv build --build-base /home/owl/projects/turtlebot3_color_detector_ws/build/turtlebot3_cv/build install --record /home/owl/projects/turtlebot3_color_detector_ws/build/turtlebot3_cv/install.log --single-version-externally-managed install_data
