[1.965s] Invoking command in '/home/owl/projects/turtlebot3_color_detector_ws/src/turtlebot3/turtlebot3_teleop': PYTHONPATH=/home/owl/projects/turtlebot3_color_detector_ws/build/turtlebot3_teleop/prefix_override:/usr/lib/python3/dist-packages/colcon_core/task/python/colcon_distutils_commands:/home/owl/projects/turtlebot3_color_detector_ws/install/turtlebot3_teleop/lib/python3.10/site-packages:${PYTHONPATH} /usr/bin/python3 -W ignore:setup.py install is deprecated -W ignore:easy_install command is deprecated setup.py egg_info --egg-base ../../../build/turtlebot3_teleop build --build-base /home/owl/projects/turtlebot3_color_detector_ws/build/turtlebot3_teleop/build install --record /home/owl/projects/turtlebot3_color_detector_ws/build/turtlebot3_teleop/install.log --single-version-externally-managed install_data
[2.541s] running egg_info
[2.543s] writing ../../../build/turtlebot3_teleop/turtlebot3_teleop.egg-info/PKG-INFO
[2.544s] writing dependency_links to ../../../build/turtlebot3_teleop/turtlebot3_teleop.egg-info/dependency_links.txt
[2.545s] writing entry points to ../../../build/turtlebot3_teleop/turtlebot3_teleop.egg-info/entry_points.txt
[2.545s] writing requirements to ../../../build/turtlebot3_teleop/turtlebot3_teleop.egg-info/requires.txt
[2.546s] writing top-level names to ../../../build/turtlebot3_teleop/turtlebot3_teleop.egg-info/top_level.txt
[2.550s] reading manifest file '../../../build/turtlebot3_teleop/turtlebot3_teleop.egg-info/SOURCES.txt'
[2.552s] writing manifest file '../../../build/turtlebot3_teleop/turtlebot3_teleop.egg-info/SOURCES.txt'
[2.553s] running build
[2.553s] running build_py
[2.555s] running install
[2.555s] running install_lib
[2.559s] running install_data
[2.560s] running install_egg_info
[2.565s] removing '/home/owl/projects/turtlebot3_color_detector_ws/install/turtlebot3_teleop/lib/python3.10/site-packages/turtlebot3_teleop-2.1.5-py3.10.egg-info' (and everything under it)
[2.565s] Copying ../../../build/turtlebot3_teleop/turtlebot3_teleop.egg-info to /home/owl/projects/turtlebot3_color_detector_ws/install/turtlebot3_teleop/lib/python3.10/site-packages/turtlebot3_teleop-2.1.5-py3.10.egg-info
[2.569s] running install_scripts
[2.614s] Installing teleop_keyboard script to /home/owl/projects/turtlebot3_color_detector_ws/install/turtlebot3_teleop/lib/turtlebot3_teleop
[2.615s] writing list of installed files to '/home/owl/projects/turtlebot3_color_detector_ws/build/turtlebot3_teleop/install.log'
[2.664s] Invoked command in '/home/owl/projects/turtlebot3_color_detector_ws/src/turtlebot3/turtlebot3_teleop' returned '0': PYTHONPATH=/home/owl/projects/turtlebot3_color_detector_ws/build/turtlebot3_teleop/prefix_override:/usr/lib/python3/dist-packages/colcon_core/task/python/colcon_distutils_commands:/home/owl/projects/turtlebot3_color_detector_ws/install/turtlebot3_teleop/lib/python3.10/site-packages:${PYTHONPATH} /usr/bin/python3 -W ignore:setup.py install is deprecated -W ignore:easy_install command is deprecated setup.py egg_info --egg-base ../../../build/turtlebot3_teleop build --build-base /home/owl/projects/turtlebot3_color_detector_ws/build/turtlebot3_teleop/build install --record /home/owl/projects/turtlebot3_color_detector_ws/build/turtlebot3_teleop/install.log --single-version-externally-managed install_data
