[0.157s] Invoking command in '/home/owl/projects/turtlebot3_color_detector_ws/build/turtlebot3_node': CMAKE_PREFIX_PATH=/home/owl/projects/turtlebot3_color_detector_ws/install/turtlebot3_msgs:/home/owl/projects/turtlebot3_color_detector_ws/install/turtlebot3:/home/owl/projects/turtlebot3_color_detector_ws/install/turtlebot3_simulations:/home/owl/projects/turtlebot3_color_detector_ws/install/turtlebot3_bringup:/home/owl/projects/turtlebot3_color_detector_ws/install/turtlebot3_node:/home/owl/projects/turtlebot3_color_detector_ws/install/turtlebot3_navigation2:/home/owl/projects/turtlebot3_color_detector_ws/install/turtlebot3_fake_node:/home/owl/projects/turtlebot3_color_detector_ws/install/turtlebot3_gazebo:/home/owl/projects/turtlebot3_color_detector_ws/install/turtlebot3_description:/home/owl/projects/turtlebot3_color_detector_ws/install/turtlebot3_cartographer:/home/owl/projects/turtlebot3_color_detector_ws/install/turtlebot3_teleop:/home/owl/projects/turtlebot3_color_detector_ws/install/turtlebot3_example:/home/owl/projects/turtlebot3_color_detector_ws/install/turtlebot3_cv:/opt/ros/humble /usr/bin/cmake --build /home/owl/projects/turtlebot3_color_detector_ws/build/turtlebot3_node -- -j8 -l8
[0.326s] [ 85%] Built target turtlebot3_node_lib
[0.388s] [100%] Built target turtlebot3_ros
[0.779s] Invoked command in '/home/owl/projects/turtlebot3_color_detector_ws/build/turtlebot3_node' returned '0': CMAKE_PREFIX_PATH=/home/owl/projects/turtlebot3_color_detector_ws/install/turtlebot3_msgs:/home/owl/projects/turtlebot3_color_detector_ws/install/turtlebot3:/home/owl/projects/turtlebot3_color_detector_ws/install/turtlebot3_simulations:/home/owl/projects/turtlebot3_color_detector_ws/install/turtlebot3_bringup:/home/owl/projects/turtlebot3_color_detector_ws/install/turtlebot3_node:/home/owl/projects/turtlebot3_color_detector_ws/install/turtlebot3_navigation2:/home/owl/projects/turtlebot3_color_detector_ws/install/turtlebot3_fake_node:/home/owl/projects/turtlebot3_color_detector_ws/install/turtlebot3_gazebo:/home/owl/projects/turtlebot3_color_detector_ws/install/turtlebot3_description:/home/owl/projects/turtlebot3_color_detector_ws/install/turtlebot3_cartographer:/home/owl/projects/turtlebot3_color_detector_ws/install/turtlebot3_teleop:/home/owl/projects/turtlebot3_color_detector_ws/install/turtlebot3_example:/home/owl/projects/turtlebot3_color_detector_ws/install/turtlebot3_cv:/opt/ros/humble /usr/bin/cmake --build /home/owl/projects/turtlebot3_color_detector_ws/build/turtlebot3_node -- -j8 -l8
[0.780s] Invoking command in '/home/owl/projects/turtlebot3_color_detector_ws/build/turtlebot3_node': CMAKE_PREFIX_PATH=/home/owl/projects/turtlebot3_color_detector_ws/install/turtlebot3_msgs:/home/owl/projects/turtlebot3_color_detector_ws/install/turtlebot3:/home/owl/projects/turtlebot3_color_detector_ws/install/turtlebot3_simulations:/home/owl/projects/turtlebot3_color_detector_ws/install/turtlebot3_bringup:/home/owl/projects/turtlebot3_color_detector_ws/install/turtlebot3_node:/home/owl/projects/turtlebot3_color_detector_ws/install/turtlebot3_navigation2:/home/owl/projects/turtlebot3_color_detector_ws/install/turtlebot3_fake_node:/home/owl/projects/turtlebot3_color_detector_ws/install/turtlebot3_gazebo:/home/owl/projects/turtlebot3_color_detector_ws/install/turtlebot3_description:/home/owl/projects/turtlebot3_color_detector_ws/install/turtlebot3_cartographer:/home/owl/projects/turtlebot3_color_detector_ws/install/turtlebot3_teleop:/home/owl/projects/turtlebot3_color_detector_ws/install/turtlebot3_example:/home/owl/projects/turtlebot3_color_detector_ws/install/turtlebot3_cv:/opt/ros/humble /usr/bin/cmake --install /home/owl/projects/turtlebot3_color_detector_ws/build/turtlebot3_node
[0.793s] -- Install configuration: ""
[0.795s] -- Execute custom install script
[0.798s] -- Up-to-date symlink: /home/owl/projects/turtlebot3_color_detector_ws/install/turtlebot3_node/share/turtlebot3_node/param/burger.yaml
[0.798s] -- Up-to-date symlink: /home/owl/projects/turtlebot3_color_detector_ws/install/turtlebot3_node/share/turtlebot3_node/param/waffle.yaml
[0.799s] -- Up-to-date symlink: /home/owl/projects/turtlebot3_color_detector_ws/install/turtlebot3_node/share/turtlebot3_node/param/waffle_pi.yaml
[0.801s] -- Up-to-date symlink: /home/owl/projects/turtlebot3_color_detector_ws/install/turtlebot3_node/lib/turtlebot3_node/turtlebot3_ros
[0.802s] -- Up-to-date symlink: /home/owl/projects/turtlebot3_color_detector_ws/install/turtlebot3_node/share/ament_index/resource_index/package_run_dependencies/turtlebot3_node
[0.802s] -- Up-to-date symlink: /home/owl/projects/turtlebot3_color_detector_ws/install/turtlebot3_node/share/ament_index/resource_index/parent_prefix_path/turtlebot3_node
[0.803s] -- Up-to-date symlink: /home/owl/projects/turtlebot3_color_detector_ws/install/turtlebot3_node/share/turtlebot3_node/environment/ament_prefix_path.sh
[0.804s] -- Up-to-date symlink: /home/owl/projects/turtlebot3_color_detector_ws/install/turtlebot3_node/share/turtlebot3_node/environment/ament_prefix_path.dsv
[0.805s] -- Up-to-date symlink: /home/owl/projects/turtlebot3_color_detector_ws/install/turtlebot3_node/share/turtlebot3_node/environment/path.sh
[0.806s] -- Up-to-date symlink: /home/owl/projects/turtlebot3_color_detector_ws/install/turtlebot3_node/share/turtlebot3_node/environment/path.dsv
[0.807s] -- Up-to-date symlink: /home/owl/projects/turtlebot3_color_detector_ws/install/turtlebot3_node/share/turtlebot3_node/local_setup.bash
[0.808s] -- Up-to-date symlink: /home/owl/projects/turtlebot3_color_detector_ws/install/turtlebot3_node/share/turtlebot3_node/local_setup.sh
[0.809s] -- Up-to-date symlink: /home/owl/projects/turtlebot3_color_detector_ws/install/turtlebot3_node/share/turtlebot3_node/local_setup.zsh
[0.810s] -- Up-to-date symlink: /home/owl/projects/turtlebot3_color_detector_ws/install/turtlebot3_node/share/turtlebot3_node/local_setup.dsv
[0.811s] -- Symlinking: /home/owl/projects/turtlebot3_color_detector_ws/install/turtlebot3_node/share/turtlebot3_node/package.dsv
[0.835s] -- Up-to-date symlink: /home/owl/projects/turtlebot3_color_detector_ws/install/turtlebot3_node/share/ament_index/resource_index/packages/turtlebot3_node
[0.836s] -- Up-to-date symlink: /home/owl/projects/turtlebot3_color_detector_ws/install/turtlebot3_node/share/turtlebot3_node/cmake/ament_cmake_export_include_directories-extras.cmake
[0.837s] -- Up-to-date symlink: /home/owl/projects/turtlebot3_color_detector_ws/install/turtlebot3_node/share/turtlebot3_node/cmake/turtlebot3_nodeConfig.cmake
[0.838s] -- Up-to-date symlink: /home/owl/projects/turtlebot3_color_detector_ws/install/turtlebot3_node/share/turtlebot3_node/cmake/turtlebot3_nodeConfig-version.cmake
[0.838s] -- Up-to-date symlink: /home/owl/projects/turtlebot3_color_detector_ws/install/turtlebot3_node/share/turtlebot3_node/package.xml
[0.843s] Invoked command in '/home/owl/projects/turtlebot3_color_detector_ws/build/turtlebot3_node' returned '0': CMAKE_PREFIX_PATH=/home/owl/projects/turtlebot3_color_detector_ws/install/turtlebot3_msgs:/home/owl/projects/turtlebot3_color_detector_ws/install/turtlebot3:/home/owl/projects/turtlebot3_color_detector_ws/install/turtlebot3_simulations:/home/owl/projects/turtlebot3_color_detector_ws/install/turtlebot3_bringup:/home/owl/projects/turtlebot3_color_detector_ws/install/turtlebot3_node:/home/owl/projects/turtlebot3_color_detector_ws/install/turtlebot3_navigation2:/home/owl/projects/turtlebot3_color_detector_ws/install/turtlebot3_fake_node:/home/owl/projects/turtlebot3_color_detector_ws/install/turtlebot3_gazebo:/home/owl/projects/turtlebot3_color_detector_ws/install/turtlebot3_description:/home/owl/projects/turtlebot3_color_detector_ws/install/turtlebot3_cartographer:/home/owl/projects/turtlebot3_color_detector_ws/install/turtlebot3_teleop:/home/owl/projects/turtlebot3_color_detector_ws/install/turtlebot3_example:/home/owl/projects/turtlebot3_color_detector_ws/install/turtlebot3_cv:/opt/ros/humble /usr/bin/cmake --install /home/owl/projects/turtlebot3_color_detector_ws/build/turtlebot3_node
