[19.658s] Invoking command in '/home/owl/projects/turtlebot3_color_detector_ws/src/turtlebot3_cv': PYTHONPATH=/home/owl/projects/turtlebot3_color_detector_ws/build/turtlebot3_cv/prefix_override:/usr/lib/python3/dist-packages/colcon_core/task/python/colcon_distutils_commands:/home/owl/projects/turtlebot3_color_detector_ws/install/turtlebot3_cv/lib/python3.10/site-packages:${PYTHONPATH} /usr/bin/python3 -W ignore:setup.py install is deprecated -W ignore:easy_install command is deprecated setup.py egg_info --egg-base ../../build/turtlebot3_cv build --build-base /home/owl/projects/turtlebot3_color_detector_ws/build/turtlebot3_cv/build install --record /home/owl/projects/turtlebot3_color_detector_ws/build/turtlebot3_cv/install.log --single-version-externally-managed install_data
[23.585s] running egg_info
[23.593s] writing ../../build/turtlebot3_cv/turtlebot3_cv.egg-info/PKG-INFO
[23.597s] writing dependency_links to ../../build/turtlebot3_cv/turtlebot3_cv.egg-info/dependency_links.txt
[23.599s] writing entry points to ../../build/turtlebot3_cv/turtlebot3_cv.egg-info/entry_points.txt
[23.618s] writing requirements to ../../build/turtlebot3_cv/turtlebot3_cv.egg-info/requires.txt
[23.634s] writing top-level names to ../../build/turtlebot3_cv/turtlebot3_cv.egg-info/top_level.txt
[23.651s] reading manifest file '../../build/turtlebot3_cv/turtlebot3_cv.egg-info/SOURCES.txt'
[23.657s] writing manifest file '../../build/turtlebot3_cv/turtlebot3_cv.egg-info/SOURCES.txt'
[23.659s] running build
[23.659s] running build_py
[23.672s] running install
[23.674s] running install_lib
[23.760s] running install_data
[23.765s] running install_egg_info
[23.768s] removing '/home/owl/projects/turtlebot3_color_detector_ws/install/turtlebot3_cv/lib/python3.10/site-packages/turtlebot3_cv-0.0.0-py3.10.egg-info' (and everything under it)
[23.769s] Copying ../../build/turtlebot3_cv/turtlebot3_cv.egg-info to /home/owl/projects/turtlebot3_color_detector_ws/install/turtlebot3_cv/lib/python3.10/site-packages/turtlebot3_cv-0.0.0-py3.10.egg-info
[23.780s] running install_scripts
[24.054s] Installing color_detector script to /home/owl/projects/turtlebot3_color_detector_ws/install/turtlebot3_cv/lib/turtlebot3_cv
[24.056s] Installing image_subscriber script to /home/owl/projects/turtlebot3_color_detector_ws/install/turtlebot3_cv/lib/turtlebot3_cv
[24.067s] writing list of installed files to '/home/owl/projects/turtlebot3_color_detector_ws/build/turtlebot3_cv/install.log'
[24.307s] Invoked command in '/home/owl/projects/turtlebot3_color_detector_ws/src/turtlebot3_cv' returned '0': PYTHONPATH=/home/owl/projects/turtlebot3_color_detector_ws/build/turtlebot3_cv/prefix_override:/usr/lib/python3/dist-packages/colcon_core/task/python/colcon_distutils_commands:/home/owl/projects/turtlebot3_color_detector_ws/install/turtlebot3_cv/lib/python3.10/site-packages:${PYTHONPATH} /usr/bin/python3 -W ignore:setup.py install is deprecated -W ignore:easy_install command is deprecated setup.py egg_info --egg-base ../../build/turtlebot3_cv build --build-base /home/owl/projects/turtlebot3_color_detector_ws/build/turtlebot3_cv/build install --record /home/owl/projects/turtlebot3_color_detector_ws/build/turtlebot3_cv/install.log --single-version-externally-managed install_data
