[0.077s] Invoking command in '/home/owl/projects/turtlebot3_color_detector_ws/build/turtlebot3_description': CMAKE_PREFIX_PATH=/opt/ros/humble /usr/bin/cmake /home/owl/projects/turtlebot3_color_detector_ws/src/turtlebot3/turtlebot3_description -DCMAKE_INSTALL_PREFIX=/home/owl/projects/turtlebot3_color_detector_ws/install/turtlebot3_description
[0.750s] -- Found ament_cmake: 1.3.11 (/opt/ros/humble/share/ament_cmake/cmake)
[0.750s] -- Override CMake install command with custom implementation using symlinks instead of copying resources
[0.751s] -- Found urdf: 2.6.1 (/opt/ros/humble/share/urdf/cmake)
[2.783s] -- Configuring done
[2.793s] -- Generating done
[2.797s] -- Build files have been written to: /home/owl/projects/turtlebot3_color_detector_ws/build/turtlebot3_description
[2.806s] Invoked command in '/home/owl/projects/turtlebot3_color_detector_ws/build/turtlebot3_description' returned '0': CMAKE_PREFIX_PATH=/opt/ros/humble /usr/bin/cmake /home/owl/projects/turtlebot3_color_detector_ws/src/turtlebot3/turtlebot3_description -DCMAKE_INSTALL_PREFIX=/home/owl/projects/turtlebot3_color_detector_ws/install/turtlebot3_description
[2.809s] Invoking command in '/home/owl/projects/turtlebot3_color_detector_ws/build/turtlebot3_description': CMAKE_PREFIX_PATH=/opt/ros/humble /usr/bin/cmake --build /home/owl/projects/turtlebot3_color_detector_ws/build/turtlebot3_description -- -j8 -l8
[2.888s] Invoked command in '/home/owl/projects/turtlebot3_color_detector_ws/build/turtlebot3_description' returned '0': CMAKE_PREFIX_PATH=/opt/ros/humble /usr/bin/cmake --build /home/owl/projects/turtlebot3_color_detector_ws/build/turtlebot3_description -- -j8 -l8
[2.892s] Invoking command in '/home/owl/projects/turtlebot3_color_detector_ws/build/turtlebot3_description': CMAKE_PREFIX_PATH=/opt/ros/humble /usr/bin/cmake --install /home/owl/projects/turtlebot3_color_detector_ws/build/turtlebot3_description
[2.904s] -- Install configuration: ""
[2.906s] -- Execute custom install script
[2.908s] -- Up-to-date symlink: /home/owl/projects/turtlebot3_color_detector_ws/install/turtlebot3_description/share/turtlebot3_description/meshes/bases/burger_base.stl
[2.909s] -- Up-to-date symlink: /home/owl/projects/turtlebot3_color_detector_ws/install/turtlebot3_description/share/turtlebot3_description/meshes/bases/waffle_base.stl
[2.909s] -- Up-to-date symlink: /home/owl/projects/turtlebot3_color_detector_ws/install/turtlebot3_description/share/turtlebot3_description/meshes/bases/waffle_pi_base.stl
[2.910s] -- Up-to-date symlink: /home/owl/projects/turtlebot3_color_detector_ws/install/turtlebot3_description/share/turtlebot3_description/meshes/sensors/astra.dae
[2.910s] -- Up-to-date symlink: /home/owl/projects/turtlebot3_color_detector_ws/install/turtlebot3_description/share/turtlebot3_description/meshes/sensors/astra.jpg
[2.911s] -- Up-to-date symlink: /home/owl/projects/turtlebot3_color_detector_ws/install/turtlebot3_description/share/turtlebot3_description/meshes/sensors/lds.stl
[2.911s] -- Up-to-date symlink: /home/owl/projects/turtlebot3_color_detector_ws/install/turtlebot3_description/share/turtlebot3_description/meshes/sensors/r200.dae
[2.912s] -- Up-to-date symlink: /home/owl/projects/turtlebot3_color_detector_ws/install/turtlebot3_description/share/turtlebot3_description/meshes/sensors/r200.jpg
[2.912s] -- Up-to-date symlink: /home/owl/projects/turtlebot3_color_detector_ws/install/turtlebot3_description/share/turtlebot3_description/meshes/wheels/left_tire.stl
[2.913s] -- Up-to-date symlink: /home/owl/projects/turtlebot3_color_detector_ws/install/turtlebot3_description/share/turtlebot3_description/meshes/wheels/right_tire.stl
[2.914s] -- Up-to-date symlink: /home/owl/projects/turtlebot3_color_detector_ws/install/turtlebot3_description/share/turtlebot3_description/rviz/model.rviz
[2.915s] -- Up-to-date symlink: /home/owl/projects/turtlebot3_color_detector_ws/install/turtlebot3_description/share/turtlebot3_description/urdf/common_properties.urdf
[2.915s] -- Up-to-date symlink: /home/owl/projects/turtlebot3_color_detector_ws/install/turtlebot3_description/share/turtlebot3_description/urdf/turtlebot3_burger.urdf
[2.916s] -- Up-to-date symlink: /home/owl/projects/turtlebot3_color_detector_ws/install/turtlebot3_description/share/turtlebot3_description/urdf/turtlebot3_waffle.urdf
[2.916s] -- Up-to-date symlink: /home/owl/projects/turtlebot3_color_detector_ws/install/turtlebot3_description/share/turtlebot3_description/urdf/turtlebot3_waffle_pi.urdf
[2.917s] -- Up-to-date symlink: /home/owl/projects/turtlebot3_color_detector_ws/install/turtlebot3_description/share/ament_index/resource_index/package_run_dependencies/turtlebot3_description
[2.917s] -- Up-to-date symlink: /home/owl/projects/turtlebot3_color_detector_ws/install/turtlebot3_description/share/ament_index/resource_index/parent_prefix_path/turtlebot3_description
[2.918s] -- Up-to-date symlink: /home/owl/projects/turtlebot3_color_detector_ws/install/turtlebot3_description/share/turtlebot3_description/environment/ament_prefix_path.sh
[2.918s] -- Up-to-date symlink: /home/owl/projects/turtlebot3_color_detector_ws/install/turtlebot3_description/share/turtlebot3_description/environment/ament_prefix_path.dsv
[2.918s] -- Up-to-date symlink: /home/owl/projects/turtlebot3_color_detector_ws/install/turtlebot3_description/share/turtlebot3_description/environment/path.sh
[2.919s] -- Up-to-date symlink: /home/owl/projects/turtlebot3_color_detector_ws/install/turtlebot3_description/share/turtlebot3_description/environment/path.dsv
[2.919s] -- Up-to-date symlink: /home/owl/projects/turtlebot3_color_detector_ws/install/turtlebot3_description/share/turtlebot3_description/local_setup.bash
[2.920s] -- Up-to-date symlink: /home/owl/projects/turtlebot3_color_detector_ws/install/turtlebot3_description/share/turtlebot3_description/local_setup.sh
[2.920s] -- Up-to-date symlink: /home/owl/projects/turtlebot3_color_detector_ws/install/turtlebot3_description/share/turtlebot3_description/local_setup.zsh
[2.920s] -- Up-to-date symlink: /home/owl/projects/turtlebot3_color_detector_ws/install/turtlebot3_description/share/turtlebot3_description/local_setup.dsv
[2.921s] -- Symlinking: /home/owl/projects/turtlebot3_color_detector_ws/install/turtlebot3_description/share/turtlebot3_description/package.dsv
[2.942s] -- Up-to-date symlink: /home/owl/projects/turtlebot3_color_detector_ws/install/turtlebot3_description/share/ament_index/resource_index/packages/turtlebot3_description
[2.942s] -- Up-to-date symlink: /home/owl/projects/turtlebot3_color_detector_ws/install/turtlebot3_description/share/turtlebot3_description/cmake/turtlebot3_descriptionConfig.cmake
[2.943s] -- Up-to-date symlink: /home/owl/projects/turtlebot3_color_detector_ws/install/turtlebot3_description/share/turtlebot3_description/cmake/turtlebot3_descriptionConfig-version.cmake
[2.943s] -- Up-to-date symlink: /home/owl/projects/turtlebot3_color_detector_ws/install/turtlebot3_description/share/turtlebot3_description/package.xml
[2.947s] Invoked command in '/home/owl/projects/turtlebot3_color_detector_ws/build/turtlebot3_description' returned '0': CMAKE_PREFIX_PATH=/opt/ros/humble /usr/bin/cmake --install /home/owl/projects/turtlebot3_color_detector_ws/build/turtlebot3_description
