[0.159s] Invoking command in '/home/owl/projects/turtlebot3_color_detector_ws/build/turtlebot3_navigation2': CMAKE_PREFIX_PATH=/opt/ros/humble /usr/bin/cmake --build /home/owl/projects/turtlebot3_color_detector_ws/build/turtlebot3_navigation2 -- -j8 -l8
[2.448s] Invoked command in '/home/owl/projects/turtlebot3_color_detector_ws/build/turtlebot3_navigation2' returned '0': CMAKE_PREFIX_PATH=/opt/ros/humble /usr/bin/cmake --build /home/owl/projects/turtlebot3_color_detector_ws/build/turtlebot3_navigation2 -- -j8 -l8
[2.481s] Invoking command in '/home/owl/projects/turtlebot3_color_detector_ws/build/turtlebot3_navigation2': CMAKE_PREFIX_PATH=/opt/ros/humble /usr/bin/cmake --install /home/owl/projects/turtlebot3_color_detector_ws/build/turtlebot3_navigation2
[2.545s] -- Install configuration: ""
[2.545s] -- Execute custom install script
[2.546s] -- Up-to-date symlink: /home/owl/projects/turtlebot3_color_detector_ws/install/turtlebot3_navigation2/share/turtlebot3_navigation2/launch/navigation2.launch.py
[2.549s] -- Up-to-date symlink: /home/owl/projects/turtlebot3_color_detector_ws/install/turtlebot3_navigation2/share/turtlebot3_navigation2/map/map.pgm
[2.550s] -- Up-to-date symlink: /home/owl/projects/turtlebot3_color_detector_ws/install/turtlebot3_navigation2/share/turtlebot3_navigation2/map/map.yaml
[2.550s] -- Up-to-date symlink: /home/owl/projects/turtlebot3_color_detector_ws/install/turtlebot3_navigation2/share/turtlebot3_navigation2/param/burger.yaml
[2.560s] -- Up-to-date symlink: /home/owl/projects/turtlebot3_color_detector_ws/install/turtlebot3_navigation2/share/turtlebot3_navigation2/param/waffle.yaml
[2.560s] -- Up-to-date symlink: /home/owl/projects/turtlebot3_color_detector_ws/install/turtlebot3_navigation2/share/turtlebot3_navigation2/param/waffle_pi.yaml
[2.561s] -- Up-to-date symlink: /home/owl/projects/turtlebot3_color_detector_ws/install/turtlebot3_navigation2/share/turtlebot3_navigation2/rviz/tb3_navigation2.rviz
[2.561s] -- Up-to-date symlink: /home/owl/projects/turtlebot3_color_detector_ws/install/turtlebot3_navigation2/share/ament_index/resource_index/package_run_dependencies/turtlebot3_navigation2
[2.561s] -- Up-to-date symlink: /home/owl/projects/turtlebot3_color_detector_ws/install/turtlebot3_navigation2/share/ament_index/resource_index/parent_prefix_path/turtlebot3_navigation2
[2.562s] -- Up-to-date symlink: /home/owl/projects/turtlebot3_color_detector_ws/install/turtlebot3_navigation2/share/turtlebot3_navigation2/environment/ament_prefix_path.sh
[2.564s] -- Up-to-date symlink: /home/owl/projects/turtlebot3_color_detector_ws/install/turtlebot3_navigation2/share/turtlebot3_navigation2/environment/ament_prefix_path.dsv
[2.566s] -- Up-to-date symlink: /home/owl/projects/turtlebot3_color_detector_ws/install/turtlebot3_navigation2/share/turtlebot3_navigation2/environment/path.sh
[2.567s] -- Up-to-date symlink: /home/owl/projects/turtlebot3_color_detector_ws/install/turtlebot3_navigation2/share/turtlebot3_navigation2/environment/path.dsv
[2.567s] -- Up-to-date symlink: /home/owl/projects/turtlebot3_color_detector_ws/install/turtlebot3_navigation2/share/turtlebot3_navigation2/local_setup.bash
[2.581s] -- Up-to-date symlink: /home/owl/projects/turtlebot3_color_detector_ws/install/turtlebot3_navigation2/share/turtlebot3_navigation2/local_setup.sh
[2.582s] -- Up-to-date symlink: /home/owl/projects/turtlebot3_color_detector_ws/install/turtlebot3_navigation2/share/turtlebot3_navigation2/local_setup.zsh
[2.582s] -- Up-to-date symlink: /home/owl/projects/turtlebot3_color_detector_ws/install/turtlebot3_navigation2/share/turtlebot3_navigation2/local_setup.dsv
[2.582s] -- Symlinking: /home/owl/projects/turtlebot3_color_detector_ws/install/turtlebot3_navigation2/share/turtlebot3_navigation2/package.dsv
[2.669s] -- Up-to-date symlink: /home/owl/projects/turtlebot3_color_detector_ws/install/turtlebot3_navigation2/share/ament_index/resource_index/packages/turtlebot3_navigation2
[2.670s] -- Up-to-date symlink: /home/owl/projects/turtlebot3_color_detector_ws/install/turtlebot3_navigation2/share/turtlebot3_navigation2/cmake/turtlebot3_navigation2Config.cmake
[2.671s] -- Up-to-date symlink: /home/owl/projects/turtlebot3_color_detector_ws/install/turtlebot3_navigation2/share/turtlebot3_navigation2/cmake/turtlebot3_navigation2Config-version.cmake
[2.671s] -- Up-to-date symlink: /home/owl/projects/turtlebot3_color_detector_ws/install/turtlebot3_navigation2/share/turtlebot3_navigation2/package.xml
[2.884s] Invoked command in '/home/owl/projects/turtlebot3_color_detector_ws/build/turtlebot3_navigation2' returned '0': CMAKE_PREFIX_PATH=/opt/ros/humble /usr/bin/cmake --install /home/owl/projects/turtlebot3_color_detector_ws/build/turtlebot3_navigation2
