[0.074s] Invoking command in '/home/owl/projects/turtlebot3_color_detector_ws/build/turtlebot3_cartographer': CMAKE_PREFIX_PATH=/opt/ros/humble /usr/bin/cmake --build /home/owl/projects/turtlebot3_color_detector_ws/build/turtlebot3_cartographer -- -j8 -l8
[1.043s] Invoked command in '/home/owl/projects/turtlebot3_color_detector_ws/build/turtlebot3_cartographer' returned '0': CMAKE_PREFIX_PATH=/opt/ros/humble /usr/bin/cmake --build /home/owl/projects/turtlebot3_color_detector_ws/build/turtlebot3_cartographer -- -j8 -l8
[1.049s] Invoking command in '/home/owl/projects/turtlebot3_color_detector_ws/build/turtlebot3_cartographer': CMAKE_PREFIX_PATH=/opt/ros/humble /usr/bin/cmake --install /home/owl/projects/turtlebot3_color_detector_ws/build/turtlebot3_cartographer
[1.071s] -- Install configuration: ""
[1.073s] -- Execute custom install script
[1.076s] -- Up-to-date symlink: /home/owl/projects/turtlebot3_color_detector_ws/install/turtlebot3_cartographer/share/turtlebot3_cartographer/config/turtlebot3_lds_2d.lua
[1.077s] -- Up-to-date symlink: /home/owl/projects/turtlebot3_color_detector_ws/install/turtlebot3_cartographer/share/turtlebot3_cartographer/launch/cartographer.launch.py
[1.082s] -- Up-to-date symlink: /home/owl/projects/turtlebot3_color_detector_ws/install/turtlebot3_cartographer/share/turtlebot3_cartographer/launch/occupancy_grid.launch.py
[1.084s] -- Up-to-date symlink: /home/owl/projects/turtlebot3_color_detector_ws/install/turtlebot3_cartographer/share/turtlebot3_cartographer/rviz/tb3_cartographer.rviz
[1.093s] -- Up-to-date symlink: /home/owl/projects/turtlebot3_color_detector_ws/install/turtlebot3_cartographer/share/ament_index/resource_index/package_run_dependencies/turtlebot3_cartographer
[1.098s] -- Up-to-date symlink: /home/owl/projects/turtlebot3_color_detector_ws/install/turtlebot3_cartographer/share/ament_index/resource_index/parent_prefix_path/turtlebot3_cartographer
[1.100s] -- Up-to-date symlink: /home/owl/projects/turtlebot3_color_detector_ws/install/turtlebot3_cartographer/share/turtlebot3_cartographer/environment/ament_prefix_path.sh
[1.101s] -- Up-to-date symlink: /home/owl/projects/turtlebot3_color_detector_ws/install/turtlebot3_cartographer/share/turtlebot3_cartographer/environment/ament_prefix_path.dsv
[1.102s] -- Up-to-date symlink: /home/owl/projects/turtlebot3_color_detector_ws/install/turtlebot3_cartographer/share/turtlebot3_cartographer/environment/path.sh
[1.102s] -- Up-to-date symlink: /home/owl/projects/turtlebot3_color_detector_ws/install/turtlebot3_cartographer/share/turtlebot3_cartographer/environment/path.dsv
[1.109s] -- Up-to-date symlink: /home/owl/projects/turtlebot3_color_detector_ws/install/turtlebot3_cartographer/share/turtlebot3_cartographer/local_setup.bash
[1.110s] -- Up-to-date symlink: /home/owl/projects/turtlebot3_color_detector_ws/install/turtlebot3_cartographer/share/turtlebot3_cartographer/local_setup.sh
[1.117s] -- Up-to-date symlink: /home/owl/projects/turtlebot3_color_detector_ws/install/turtlebot3_cartographer/share/turtlebot3_cartographer/local_setup.zsh
[1.117s] -- Up-to-date symlink: /home/owl/projects/turtlebot3_color_detector_ws/install/turtlebot3_cartographer/share/turtlebot3_cartographer/local_setup.dsv
[1.117s] -- Symlinking: /home/owl/projects/turtlebot3_color_detector_ws/install/turtlebot3_cartographer/share/turtlebot3_cartographer/package.dsv
[1.141s] -- Up-to-date symlink: /home/owl/projects/turtlebot3_color_detector_ws/install/turtlebot3_cartographer/share/ament_index/resource_index/packages/turtlebot3_cartographer
[1.146s] -- Up-to-date symlink: /home/owl/projects/turtlebot3_color_detector_ws/install/turtlebot3_cartographer/share/turtlebot3_cartographer/cmake/turtlebot3_cartographerConfig.cmake
[1.147s] -- Up-to-date symlink: /home/owl/projects/turtlebot3_color_detector_ws/install/turtlebot3_cartographer/share/turtlebot3_cartographer/cmake/turtlebot3_cartographerConfig-version.cmake
[1.148s] -- Up-to-date symlink: /home/owl/projects/turtlebot3_color_detector_ws/install/turtlebot3_cartographer/share/turtlebot3_cartographer/package.xml
[1.318s] Invoked command in '/home/owl/projects/turtlebot3_color_detector_ws/build/turtlebot3_cartographer' returned '0': CMAKE_PREFIX_PATH=/opt/ros/humble /usr/bin/cmake --install /home/owl/projects/turtlebot3_color_detector_ws/build/turtlebot3_cartographer
