[3.363s] Invoking command in '/home/owl/projects/turtlebot3_color_detector_ws/src/turtlebot3_cv': PYTHONPATH=/home/owl/projects/turtlebot3_color_detector_ws/build/turtlebot3_cv/prefix_override:/usr/lib/python3/dist-packages/colcon_core/task/python/colcon_distutils_commands:/home/owl/projects/turtlebot3_color_detector_ws/install/turtlebot3_cv/lib/python3.10/site-packages:${PYTHONPATH} /usr/bin/python3 -W ignore:setup.py install is deprecated -W ignore:easy_install command is deprecated setup.py egg_info --egg-base ../../build/turtlebot3_cv build --build-base /home/owl/projects/turtlebot3_color_detector_ws/build/turtlebot3_cv/build install --record /home/owl/projects/turtlebot3_color_detector_ws/build/turtlebot3_cv/install.log --single-version-externally-managed install_data
[4.325s] running egg_info
[4.332s] writing ../../build/turtlebot3_cv/turtlebot3_cv.egg-info/PKG-INFO
[4.333s] writing dependency_links to ../../build/turtlebot3_cv/turtlebot3_cv.egg-info/dependency_links.txt
[4.333s] writing entry points to ../../build/turtlebot3_cv/turtlebot3_cv.egg-info/entry_points.txt
[4.333s] writing requirements to ../../build/turtlebot3_cv/turtlebot3_cv.egg-info/requires.txt
[4.333s] writing top-level names to ../../build/turtlebot3_cv/turtlebot3_cv.egg-info/top_level.txt
[4.336s] reading manifest file '../../build/turtlebot3_cv/turtlebot3_cv.egg-info/SOURCES.txt'
[4.336s] writing manifest file '../../build/turtlebot3_cv/turtlebot3_cv.egg-info/SOURCES.txt'
[4.336s] running build
[4.337s] running build_py
[4.337s] running install
[4.337s] running install_lib
[4.347s] running install_data
[4.347s] running install_egg_info
[4.351s] removing '/home/owl/projects/turtlebot3_color_detector_ws/install/turtlebot3_cv/lib/python3.10/site-packages/turtlebot3_cv-0.0.0-py3.10.egg-info' (and everything under it)
[4.352s] Copying ../../build/turtlebot3_cv/turtlebot3_cv.egg-info to /home/owl/projects/turtlebot3_color_detector_ws/install/turtlebot3_cv/lib/python3.10/site-packages/turtlebot3_cv-0.0.0-py3.10.egg-info
[4.371s] running install_scripts
[4.422s] Installing color_detector script to /home/owl/projects/turtlebot3_color_detector_ws/install/turtlebot3_cv/lib/turtlebot3_cv
[4.422s] Installing image_subscriber script to /home/owl/projects/turtlebot3_color_detector_ws/install/turtlebot3_cv/lib/turtlebot3_cv
[4.429s] writing list of installed files to '/home/owl/projects/turtlebot3_color_detector_ws/build/turtlebot3_cv/install.log'
[4.542s] Invoked command in '/home/owl/projects/turtlebot3_color_detector_ws/src/turtlebot3_cv' returned '0': PYTHONPATH=/home/owl/projects/turtlebot3_color_detector_ws/build/turtlebot3_cv/prefix_override:/usr/lib/python3/dist-packages/colcon_core/task/python/colcon_distutils_commands:/home/owl/projects/turtlebot3_color_detector_ws/install/turtlebot3_cv/lib/python3.10/site-packages:${PYTHONPATH} /usr/bin/python3 -W ignore:setup.py install is deprecated -W ignore:easy_install command is deprecated setup.py egg_info --egg-base ../../build/turtlebot3_cv build --build-base /home/owl/projects/turtlebot3_color_detector_ws/build/turtlebot3_cv/build install --record /home/owl/projects/turtlebot3_color_detector_ws/build/turtlebot3_cv/install.log --single-version-externally-managed install_data
