[0.138s] Invoking command in '/home/owl/projects/turtlebot3_color_detector_ws/build/turtlebot3_node': CMAKE_PREFIX_PATH=/home/owl/projects/turtlebot3_color_detector_ws/install/turtlebot3_msgs:/home/owl/projects/turtlebot3_color_detector_ws/install/turtlebot3:/home/owl/projects/turtlebot3_color_detector_ws/install/turtlebot3_simulations:/home/owl/projects/turtlebot3_color_detector_ws/install/turtlebot3_bringup:/home/owl/projects/turtlebot3_color_detector_ws/install/turtlebot3_node:/home/owl/projects/turtlebot3_color_detector_ws/install/turtlebot3_navigation2:/home/owl/projects/turtlebot3_color_detector_ws/install/turtlebot3_fake_node:/home/owl/projects/turtlebot3_color_detector_ws/install/turtlebot3_gazebo:/home/owl/projects/turtlebot3_color_detector_ws/install/turtlebot3_description:/home/owl/projects/turtlebot3_color_detector_ws/install/turtlebot3_cartographer:/home/owl/projects/turtlebot3_color_detector_ws/install/turtlebot3_teleop:/home/owl/projects/turtlebot3_color_detector_ws/install/turtlebot3_example:/home/owl/projects/turtlebot3_color_detector_ws/install/turtlebot3_cv:/opt/ros/humble /usr/bin/cmake --build /home/owl/projects/turtlebot3_color_detector_ws/build/turtlebot3_node -- -j8 -l8
[0.263s] [35m[1mConsolidate compiler generated dependencies of target turtlebot3_node_lib[0m
[0.347s] [ 85%] Built target turtlebot3_node_lib
[0.373s] [35m[1mConsolidate compiler generated dependencies of target turtlebot3_ros[0m
[0.414s] [100%] Built target turtlebot3_ros
[0.740s] Invoked command in '/home/owl/projects/turtlebot3_color_detector_ws/build/turtlebot3_node' returned '0': CMAKE_PREFIX_PATH=/home/owl/projects/turtlebot3_color_detector_ws/install/turtlebot3_msgs:/home/owl/projects/turtlebot3_color_detector_ws/install/turtlebot3:/home/owl/projects/turtlebot3_color_detector_ws/install/turtlebot3_simulations:/home/owl/projects/turtlebot3_color_detector_ws/install/turtlebot3_bringup:/home/owl/projects/turtlebot3_color_detector_ws/install/turtlebot3_node:/home/owl/projects/turtlebot3_color_detector_ws/install/turtlebot3_navigation2:/home/owl/projects/turtlebot3_color_detector_ws/install/turtlebot3_fake_node:/home/owl/projects/turtlebot3_color_detector_ws/install/turtlebot3_gazebo:/home/owl/projects/turtlebot3_color_detector_ws/install/turtlebot3_description:/home/owl/projects/turtlebot3_color_detector_ws/install/turtlebot3_cartographer:/home/owl/projects/turtlebot3_color_detector_ws/install/turtlebot3_teleop:/home/owl/projects/turtlebot3_color_detector_ws/install/turtlebot3_example:/home/owl/projects/turtlebot3_color_detector_ws/install/turtlebot3_cv:/opt/ros/humble /usr/bin/cmake --build /home/owl/projects/turtlebot3_color_detector_ws/build/turtlebot3_node -- -j8 -l8
[0.746s] Invoking command in '/home/owl/projects/turtlebot3_color_detector_ws/build/turtlebot3_node': CMAKE_PREFIX_PATH=/home/owl/projects/turtlebot3_color_detector_ws/install/turtlebot3_msgs:/home/owl/projects/turtlebot3_color_detector_ws/install/turtlebot3:/home/owl/projects/turtlebot3_color_detector_ws/install/turtlebot3_simulations:/home/owl/projects/turtlebot3_color_detector_ws/install/turtlebot3_bringup:/home/owl/projects/turtlebot3_color_detector_ws/install/turtlebot3_node:/home/owl/projects/turtlebot3_color_detector_ws/install/turtlebot3_navigation2:/home/owl/projects/turtlebot3_color_detector_ws/install/turtlebot3_fake_node:/home/owl/projects/turtlebot3_color_detector_ws/install/turtlebot3_gazebo:/home/owl/projects/turtlebot3_color_detector_ws/install/turtlebot3_description:/home/owl/projects/turtlebot3_color_detector_ws/install/turtlebot3_cartographer:/home/owl/projects/turtlebot3_color_detector_ws/install/turtlebot3_teleop:/home/owl/projects/turtlebot3_color_detector_ws/install/turtlebot3_example:/home/owl/projects/turtlebot3_color_detector_ws/install/turtlebot3_cv:/opt/ros/humble /usr/bin/cmake --install /home/owl/projects/turtlebot3_color_detector_ws/build/turtlebot3_node
[0.763s] -- Install configuration: ""
[0.765s] -- Execute custom install script
[0.767s] -- Up-to-date symlink: /home/owl/projects/turtlebot3_color_detector_ws/install/turtlebot3_node/share/turtlebot3_node/param/burger.yaml
[0.767s] -- Up-to-date symlink: /home/owl/projects/turtlebot3_color_detector_ws/install/turtlebot3_node/share/turtlebot3_node/param/waffle.yaml
[0.768s] -- Up-to-date symlink: /home/owl/projects/turtlebot3_color_detector_ws/install/turtlebot3_node/share/turtlebot3_node/param/waffle_pi.yaml
[0.769s] -- Up-to-date symlink: /home/owl/projects/turtlebot3_color_detector_ws/install/turtlebot3_node/lib/turtlebot3_node/turtlebot3_ros
[0.770s] -- Up-to-date symlink: /home/owl/projects/turtlebot3_color_detector_ws/install/turtlebot3_node/share/ament_index/resource_index/package_run_dependencies/turtlebot3_node
[0.771s] -- Up-to-date symlink: /home/owl/projects/turtlebot3_color_detector_ws/install/turtlebot3_node/share/ament_index/resource_index/parent_prefix_path/turtlebot3_node
[0.772s] -- Up-to-date symlink: /home/owl/projects/turtlebot3_color_detector_ws/install/turtlebot3_node/share/turtlebot3_node/environment/ament_prefix_path.sh
[0.772s] -- Up-to-date symlink: /home/owl/projects/turtlebot3_color_detector_ws/install/turtlebot3_node/share/turtlebot3_node/environment/ament_prefix_path.dsv
[0.773s] -- Up-to-date symlink: /home/owl/projects/turtlebot3_color_detector_ws/install/turtlebot3_node/share/turtlebot3_node/environment/path.sh
[0.774s] -- Up-to-date symlink: /home/owl/projects/turtlebot3_color_detector_ws/install/turtlebot3_node/share/turtlebot3_node/environment/path.dsv
[0.775s] -- Up-to-date symlink: /home/owl/projects/turtlebot3_color_detector_ws/install/turtlebot3_node/share/turtlebot3_node/local_setup.bash
[0.776s] -- Up-to-date symlink: /home/owl/projects/turtlebot3_color_detector_ws/install/turtlebot3_node/share/turtlebot3_node/local_setup.sh
[0.777s] -- Up-to-date symlink: /home/owl/projects/turtlebot3_color_detector_ws/install/turtlebot3_node/share/turtlebot3_node/local_setup.zsh
[0.777s] -- Up-to-date symlink: /home/owl/projects/turtlebot3_color_detector_ws/install/turtlebot3_node/share/turtlebot3_node/local_setup.dsv
[0.778s] -- Symlinking: /home/owl/projects/turtlebot3_color_detector_ws/install/turtlebot3_node/share/turtlebot3_node/package.dsv
[0.803s] -- Up-to-date symlink: /home/owl/projects/turtlebot3_color_detector_ws/install/turtlebot3_node/share/ament_index/resource_index/packages/turtlebot3_node
[0.803s] -- Up-to-date symlink: /home/owl/projects/turtlebot3_color_detector_ws/install/turtlebot3_node/share/turtlebot3_node/cmake/ament_cmake_export_include_directories-extras.cmake
[0.804s] -- Up-to-date symlink: /home/owl/projects/turtlebot3_color_detector_ws/install/turtlebot3_node/share/turtlebot3_node/cmake/turtlebot3_nodeConfig.cmake
[0.805s] -- Up-to-date symlink: /home/owl/projects/turtlebot3_color_detector_ws/install/turtlebot3_node/share/turtlebot3_node/cmake/turtlebot3_nodeConfig-version.cmake
[0.806s] -- Up-to-date symlink: /home/owl/projects/turtlebot3_color_detector_ws/install/turtlebot3_node/share/turtlebot3_node/package.xml
[0.813s] Invoked command in '/home/owl/projects/turtlebot3_color_detector_ws/build/turtlebot3_node' returned '0': CMAKE_PREFIX_PATH=/home/owl/projects/turtlebot3_color_detector_ws/install/turtlebot3_msgs:/home/owl/projects/turtlebot3_color_detector_ws/install/turtlebot3:/home/owl/projects/turtlebot3_color_detector_ws/install/turtlebot3_simulations:/home/owl/projects/turtlebot3_color_detector_ws/install/turtlebot3_bringup:/home/owl/projects/turtlebot3_color_detector_ws/install/turtlebot3_node:/home/owl/projects/turtlebot3_color_detector_ws/install/turtlebot3_navigation2:/home/owl/projects/turtlebot3_color_detector_ws/install/turtlebot3_fake_node:/home/owl/projects/turtlebot3_color_detector_ws/install/turtlebot3_gazebo:/home/owl/projects/turtlebot3_color_detector_ws/install/turtlebot3_description:/home/owl/projects/turtlebot3_color_detector_ws/install/turtlebot3_cartographer:/home/owl/projects/turtlebot3_color_detector_ws/install/turtlebot3_teleop:/home/owl/projects/turtlebot3_color_detector_ws/install/turtlebot3_example:/home/owl/projects/turtlebot3_color_detector_ws/install/turtlebot3_cv:/opt/ros/humble /usr/bin/cmake --install /home/owl/projects/turtlebot3_color_detector_ws/build/turtlebot3_node
