[0.339s] Invoking command in '/home/owl/projects/turtlebot3_color_detector_ws/build/turtlebot3_node': AMENT_PREFIX_PATH=/home/owl/projects/turtlebot3_color_detector_ws/install/turtlebot3_msgs:${AMENT_PREFIX_PATH} CMAKE_PREFIX_PATH=/home/owl/projects/turtlebot3_color_detector_ws/install/turtlebot3_msgs:/opt/ros/humble LD_LIBRARY_PATH=/home/owl/projects/turtlebot3_color_detector_ws/install/turtlebot3_msgs/lib:${LD_LIBRARY_PATH} PYTHONPATH=/home/owl/projects/turtlebot3_color_detector_ws/install/turtlebot3_msgs/local/lib/python3.10/dist-packages:${PYTHONPATH} /usr/bin/cmake --build /home/owl/projects/turtlebot3_color_detector_ws/build/turtlebot3_node -- -j8 -l8
[0.650s] [ 85%] Built target turtlebot3_node_lib
[0.773s] [100%] Built target turtlebot3_ros
[1.289s] Invoked command in '/home/owl/projects/turtlebot3_color_detector_ws/build/turtlebot3_node' returned '0': AMENT_PREFIX_PATH=/home/owl/projects/turtlebot3_color_detector_ws/install/turtlebot3_msgs:${AMENT_PREFIX_PATH} CMAKE_PREFIX_PATH=/home/owl/projects/turtlebot3_color_detector_ws/install/turtlebot3_msgs:/opt/ros/humble LD_LIBRARY_PATH=/home/owl/projects/turtlebot3_color_detector_ws/install/turtlebot3_msgs/lib:${LD_LIBRARY_PATH} PYTHONPATH=/home/owl/projects/turtlebot3_color_detector_ws/install/turtlebot3_msgs/local/lib/python3.10/dist-packages:${PYTHONPATH} /usr/bin/cmake --build /home/owl/projects/turtlebot3_color_detector_ws/build/turtlebot3_node -- -j8 -l8
[1.297s] Invoking command in '/home/owl/projects/turtlebot3_color_detector_ws/build/turtlebot3_node': AMENT_PREFIX_PATH=/home/owl/projects/turtlebot3_color_detector_ws/install/turtlebot3_msgs:${AMENT_PREFIX_PATH} CMAKE_PREFIX_PATH=/home/owl/projects/turtlebot3_color_detector_ws/install/turtlebot3_msgs:/opt/ros/humble LD_LIBRARY_PATH=/home/owl/projects/turtlebot3_color_detector_ws/install/turtlebot3_msgs/lib:${LD_LIBRARY_PATH} PYTHONPATH=/home/owl/projects/turtlebot3_color_detector_ws/install/turtlebot3_msgs/local/lib/python3.10/dist-packages:${PYTHONPATH} /usr/bin/cmake --install /home/owl/projects/turtlebot3_color_detector_ws/build/turtlebot3_node
[1.326s] -- Install configuration: ""
[1.326s] -- Execute custom install script
[1.326s] -- Up-to-date symlink: /home/owl/projects/turtlebot3_color_detector_ws/install/turtlebot3_node/share/turtlebot3_node/param/burger.yaml
[1.327s] -- Up-to-date symlink: /home/owl/projects/turtlebot3_color_detector_ws/install/turtlebot3_node/share/turtlebot3_node/param/waffle.yaml
[1.327s] -- Up-to-date symlink: /home/owl/projects/turtlebot3_color_detector_ws/install/turtlebot3_node/share/turtlebot3_node/param/waffle_pi.yaml
[1.327s] -- Up-to-date symlink: /home/owl/projects/turtlebot3_color_detector_ws/install/turtlebot3_node/lib/turtlebot3_node/turtlebot3_ros
[1.327s] -- Up-to-date symlink: /home/owl/projects/turtlebot3_color_detector_ws/install/turtlebot3_node/share/ament_index/resource_index/package_run_dependencies/turtlebot3_node
[1.328s] -- Up-to-date symlink: /home/owl/projects/turtlebot3_color_detector_ws/install/turtlebot3_node/share/ament_index/resource_index/parent_prefix_path/turtlebot3_node
[1.329s] -- Up-to-date symlink: /home/owl/projects/turtlebot3_color_detector_ws/install/turtlebot3_node/share/turtlebot3_node/environment/ament_prefix_path.sh
[1.329s] -- Up-to-date symlink: /home/owl/projects/turtlebot3_color_detector_ws/install/turtlebot3_node/share/turtlebot3_node/environment/ament_prefix_path.dsv
[1.336s] -- Up-to-date symlink: /home/owl/projects/turtlebot3_color_detector_ws/install/turtlebot3_node/share/turtlebot3_node/environment/path.sh
[1.336s] -- Up-to-date symlink: /home/owl/projects/turtlebot3_color_detector_ws/install/turtlebot3_node/share/turtlebot3_node/environment/path.dsv
[1.336s] -- Up-to-date symlink: /home/owl/projects/turtlebot3_color_detector_ws/install/turtlebot3_node/share/turtlebot3_node/local_setup.bash
[1.336s] -- Up-to-date symlink: /home/owl/projects/turtlebot3_color_detector_ws/install/turtlebot3_node/share/turtlebot3_node/local_setup.sh
[1.337s] -- Up-to-date symlink: /home/owl/projects/turtlebot3_color_detector_ws/install/turtlebot3_node/share/turtlebot3_node/local_setup.zsh
[1.337s] -- Up-to-date symlink: /home/owl/projects/turtlebot3_color_detector_ws/install/turtlebot3_node/share/turtlebot3_node/local_setup.dsv
[1.337s] -- Symlinking: /home/owl/projects/turtlebot3_color_detector_ws/install/turtlebot3_node/share/turtlebot3_node/package.dsv
[1.377s] -- Up-to-date symlink: /home/owl/projects/turtlebot3_color_detector_ws/install/turtlebot3_node/share/ament_index/resource_index/packages/turtlebot3_node
[1.378s] -- Up-to-date symlink: /home/owl/projects/turtlebot3_color_detector_ws/install/turtlebot3_node/share/turtlebot3_node/cmake/ament_cmake_export_include_directories-extras.cmake
[1.380s] -- Up-to-date symlink: /home/owl/projects/turtlebot3_color_detector_ws/install/turtlebot3_node/share/turtlebot3_node/cmake/turtlebot3_nodeConfig.cmake
[1.383s] -- Up-to-date symlink: /home/owl/projects/turtlebot3_color_detector_ws/install/turtlebot3_node/share/turtlebot3_node/cmake/turtlebot3_nodeConfig-version.cmake
[1.383s] -- Up-to-date symlink: /home/owl/projects/turtlebot3_color_detector_ws/install/turtlebot3_node/share/turtlebot3_node/package.xml
[1.448s] Invoked command in '/home/owl/projects/turtlebot3_color_detector_ws/build/turtlebot3_node' returned '0': AMENT_PREFIX_PATH=/home/owl/projects/turtlebot3_color_detector_ws/install/turtlebot3_msgs:${AMENT_PREFIX_PATH} CMAKE_PREFIX_PATH=/home/owl/projects/turtlebot3_color_detector_ws/install/turtlebot3_msgs:/opt/ros/humble LD_LIBRARY_PATH=/home/owl/projects/turtlebot3_color_detector_ws/install/turtlebot3_msgs/lib:${LD_LIBRARY_PATH} PYTHONPATH=/home/owl/projects/turtlebot3_color_detector_ws/install/turtlebot3_msgs/local/lib/python3.10/dist-packages:${PYTHONPATH} /usr/bin/cmake --install /home/owl/projects/turtlebot3_color_detector_ws/build/turtlebot3_node
