[0.763s] Invoking command in '/home/owl/projects/turtlebot3_color_detector_ws/build/turtlebot3_bringup': CMAKE_PREFIX_PATH=/home/owl/projects/turtlebot3_color_detector_ws/install/turtlebot3_node:/home/owl/projects/turtlebot3_color_detector_ws/install/turtlebot3_msgs:/home/owl/projects/turtlebot3_color_detector_ws/install/turtlebot3_description:/home/owl/projects/turtlebot3_color_detector_ws/install/turtlebot3:/home/owl/projects/turtlebot3_color_detector_ws/install/turtlebot3_simulations:/home/owl/projects/turtlebot3_color_detector_ws/install/turtlebot3_bringup:/home/owl/projects/turtlebot3_color_detector_ws/install/turtlebot3_navigation2:/home/owl/projects/turtlebot3_color_detector_ws/install/turtlebot3_fake_node:/home/owl/projects/turtlebot3_color_detector_ws/install/turtlebot3_gazebo:/home/owl/projects/turtlebot3_color_detector_ws/install/turtlebot3_cartographer:/home/owl/projects/turtlebot3_color_detector_ws/install/turtlebot3_teleop:/home/owl/projects/turtlebot3_color_detector_ws/install/turtlebot3_example:/home/owl/projects/turtlebot3_color_detector_ws/install/turtlebot3_cv:/opt/ros/humble /usr/bin/cmake --build /home/owl/projects/turtlebot3_color_detector_ws/build/turtlebot3_bringup -- -j8 -l8
[0.936s] Invoked command in '/home/owl/projects/turtlebot3_color_detector_ws/build/turtlebot3_bringup' returned '0': CMAKE_PREFIX_PATH=/home/owl/projects/turtlebot3_color_detector_ws/install/turtlebot3_node:/home/owl/projects/turtlebot3_color_detector_ws/install/turtlebot3_msgs:/home/owl/projects/turtlebot3_color_detector_ws/install/turtlebot3_description:/home/owl/projects/turtlebot3_color_detector_ws/install/turtlebot3:/home/owl/projects/turtlebot3_color_detector_ws/install/turtlebot3_simulations:/home/owl/projects/turtlebot3_color_detector_ws/install/turtlebot3_bringup:/home/owl/projects/turtlebot3_color_detector_ws/install/turtlebot3_navigation2:/home/owl/projects/turtlebot3_color_detector_ws/install/turtlebot3_fake_node:/home/owl/projects/turtlebot3_color_detector_ws/install/turtlebot3_gazebo:/home/owl/projects/turtlebot3_color_detector_ws/install/turtlebot3_cartographer:/home/owl/projects/turtlebot3_color_detector_ws/install/turtlebot3_teleop:/home/owl/projects/turtlebot3_color_detector_ws/install/turtlebot3_example:/home/owl/projects/turtlebot3_color_detector_ws/install/turtlebot3_cv:/opt/ros/humble /usr/bin/cmake --build /home/owl/projects/turtlebot3_color_detector_ws/build/turtlebot3_bringup -- -j8 -l8
[0.945s] Invoking command in '/home/owl/projects/turtlebot3_color_detector_ws/build/turtlebot3_bringup': CMAKE_PREFIX_PATH=/home/owl/projects/turtlebot3_color_detector_ws/install/turtlebot3_node:/home/owl/projects/turtlebot3_color_detector_ws/install/turtlebot3_msgs:/home/owl/projects/turtlebot3_color_detector_ws/install/turtlebot3_description:/home/owl/projects/turtlebot3_color_detector_ws/install/turtlebot3:/home/owl/projects/turtlebot3_color_detector_ws/install/turtlebot3_simulations:/home/owl/projects/turtlebot3_color_detector_ws/install/turtlebot3_bringup:/home/owl/projects/turtlebot3_color_detector_ws/install/turtlebot3_navigation2:/home/owl/projects/turtlebot3_color_detector_ws/install/turtlebot3_fake_node:/home/owl/projects/turtlebot3_color_detector_ws/install/turtlebot3_gazebo:/home/owl/projects/turtlebot3_color_detector_ws/install/turtlebot3_cartographer:/home/owl/projects/turtlebot3_color_detector_ws/install/turtlebot3_teleop:/home/owl/projects/turtlebot3_color_detector_ws/install/turtlebot3_example:/home/owl/projects/turtlebot3_color_detector_ws/install/turtlebot3_cv:/opt/ros/humble /usr/bin/cmake --install /home/owl/projects/turtlebot3_color_detector_ws/build/turtlebot3_bringup
[0.983s] -- Install configuration: ""
[0.983s] -- Execute custom install script
[0.984s] -- Up-to-date symlink: /home/owl/projects/turtlebot3_color_detector_ws/install/turtlebot3_bringup/share/turtlebot3_bringup/launch/robot.launch.py
[0.985s] -- Up-to-date symlink: /home/owl/projects/turtlebot3_color_detector_ws/install/turtlebot3_bringup/share/turtlebot3_bringup/launch/rviz2.launch.py
[0.985s] -- Up-to-date symlink: /home/owl/projects/turtlebot3_color_detector_ws/install/turtlebot3_bringup/share/turtlebot3_bringup/launch/turtlebot3_state_publisher.launch.py
[0.986s] -- Up-to-date symlink: /home/owl/projects/turtlebot3_color_detector_ws/install/turtlebot3_bringup/share/turtlebot3_bringup/param/burger.yaml
[0.986s] -- Up-to-date symlink: /home/owl/projects/turtlebot3_color_detector_ws/install/turtlebot3_bringup/share/turtlebot3_bringup/param/waffle.yaml
[0.988s] -- Up-to-date symlink: /home/owl/projects/turtlebot3_color_detector_ws/install/turtlebot3_bringup/share/turtlebot3_bringup/param/waffle_pi.yaml
[0.992s] -- Up-to-date symlink: /home/owl/projects/turtlebot3_color_detector_ws/install/turtlebot3_bringup/share/turtlebot3_bringup/script/99-turtlebot3-cdc.rules
[0.995s] -- Up-to-date symlink: /home/owl/projects/turtlebot3_color_detector_ws/install/turtlebot3_bringup/share/turtlebot3_bringup/script/create_udev_rules
[0.996s] -- Up-to-date symlink: /home/owl/projects/turtlebot3_color_detector_ws/install/turtlebot3_bringup/share/ament_index/resource_index/package_run_dependencies/turtlebot3_bringup
[0.996s] -- Up-to-date symlink: /home/owl/projects/turtlebot3_color_detector_ws/install/turtlebot3_bringup/share/ament_index/resource_index/parent_prefix_path/turtlebot3_bringup
[0.996s] -- Up-to-date symlink: /home/owl/projects/turtlebot3_color_detector_ws/install/turtlebot3_bringup/share/turtlebot3_bringup/environment/ament_prefix_path.sh
[0.996s] -- Up-to-date symlink: /home/owl/projects/turtlebot3_color_detector_ws/install/turtlebot3_bringup/share/turtlebot3_bringup/environment/ament_prefix_path.dsv
[1.002s] -- Up-to-date symlink: /home/owl/projects/turtlebot3_color_detector_ws/install/turtlebot3_bringup/share/turtlebot3_bringup/environment/path.sh
[1.006s] -- Up-to-date symlink: /home/owl/projects/turtlebot3_color_detector_ws/install/turtlebot3_bringup/share/turtlebot3_bringup/environment/path.dsv
[1.006s] -- Up-to-date symlink: /home/owl/projects/turtlebot3_color_detector_ws/install/turtlebot3_bringup/share/turtlebot3_bringup/local_setup.bash
[1.007s] -- Up-to-date symlink: /home/owl/projects/turtlebot3_color_detector_ws/install/turtlebot3_bringup/share/turtlebot3_bringup/local_setup.sh
[1.007s] -- Up-to-date symlink: /home/owl/projects/turtlebot3_color_detector_ws/install/turtlebot3_bringup/share/turtlebot3_bringup/local_setup.zsh
[1.007s] -- Up-to-date symlink: /home/owl/projects/turtlebot3_color_detector_ws/install/turtlebot3_bringup/share/turtlebot3_bringup/local_setup.dsv
[1.008s] -- Symlinking: /home/owl/projects/turtlebot3_color_detector_ws/install/turtlebot3_bringup/share/turtlebot3_bringup/package.dsv
[1.052s] -- Up-to-date symlink: /home/owl/projects/turtlebot3_color_detector_ws/install/turtlebot3_bringup/share/ament_index/resource_index/packages/turtlebot3_bringup
[1.066s] -- Up-to-date symlink: /home/owl/projects/turtlebot3_color_detector_ws/install/turtlebot3_bringup/share/turtlebot3_bringup/cmake/turtlebot3_bringupConfig.cmake
[1.066s] -- Up-to-date symlink: /home/owl/projects/turtlebot3_color_detector_ws/install/turtlebot3_bringup/share/turtlebot3_bringup/cmake/turtlebot3_bringupConfig-version.cmake
[1.066s] -- Up-to-date symlink: /home/owl/projects/turtlebot3_color_detector_ws/install/turtlebot3_bringup/share/turtlebot3_bringup/package.xml
[1.169s] Invoked command in '/home/owl/projects/turtlebot3_color_detector_ws/build/turtlebot3_bringup' returned '0': CMAKE_PREFIX_PATH=/home/owl/projects/turtlebot3_color_detector_ws/install/turtlebot3_node:/home/owl/projects/turtlebot3_color_detector_ws/install/turtlebot3_msgs:/home/owl/projects/turtlebot3_color_detector_ws/install/turtlebot3_description:/home/owl/projects/turtlebot3_color_detector_ws/install/turtlebot3:/home/owl/projects/turtlebot3_color_detector_ws/install/turtlebot3_simulations:/home/owl/projects/turtlebot3_color_detector_ws/install/turtlebot3_bringup:/home/owl/projects/turtlebot3_color_detector_ws/install/turtlebot3_navigation2:/home/owl/projects/turtlebot3_color_detector_ws/install/turtlebot3_fake_node:/home/owl/projects/turtlebot3_color_detector_ws/install/turtlebot3_gazebo:/home/owl/projects/turtlebot3_color_detector_ws/install/turtlebot3_cartographer:/home/owl/projects/turtlebot3_color_detector_ws/install/turtlebot3_teleop:/home/owl/projects/turtlebot3_color_detector_ws/install/turtlebot3_example:/home/owl/projects/turtlebot3_color_detector_ws/install/turtlebot3_cv:/opt/ros/humble /usr/bin/cmake --install /home/owl/projects/turtlebot3_color_detector_ws/build/turtlebot3_bringup
