[0.706s] Invoking command in '/home/owl/projects/turtlebot3_color_detector_ws/build/turtlebot3_bringup': AMENT_PREFIX_PATH=/home/owl/projects/turtlebot3_color_detector_ws/install/turtlebot3_node:/home/owl/projects/turtlebot3_color_detector_ws/install/turtlebot3_msgs:/home/owl/projects/turtlebot3_color_detector_ws/install/turtlebot3_description:${AMENT_PREFIX_PATH} CMAKE_PREFIX_PATH=/home/owl/projects/turtlebot3_color_detector_ws/install/turtlebot3_node:/home/owl/projects/turtlebot3_color_detector_ws/install/turtlebot3_msgs:/home/owl/projects/turtlebot3_color_detector_ws/install/turtlebot3_description:/opt/ros/humble LD_LIBRARY_PATH=/home/owl/projects/turtlebot3_color_detector_ws/install/turtlebot3_msgs/lib:${LD_LIBRARY_PATH} PYTHONPATH=/home/owl/projects/turtlebot3_color_detector_ws/install/turtlebot3_msgs/local/lib/python3.10/dist-packages:${PYTHONPATH} /usr/bin/cmake --build /home/owl/projects/turtlebot3_color_detector_ws/build/turtlebot3_bringup -- -j8 -l8
[0.973s] Invoked command in '/home/owl/projects/turtlebot3_color_detector_ws/build/turtlebot3_bringup' returned '0': AMENT_PREFIX_PATH=/home/owl/projects/turtlebot3_color_detector_ws/install/turtlebot3_node:/home/owl/projects/turtlebot3_color_detector_ws/install/turtlebot3_msgs:/home/owl/projects/turtlebot3_color_detector_ws/install/turtlebot3_description:${AMENT_PREFIX_PATH} CMAKE_PREFIX_PATH=/home/owl/projects/turtlebot3_color_detector_ws/install/turtlebot3_node:/home/owl/projects/turtlebot3_color_detector_ws/install/turtlebot3_msgs:/home/owl/projects/turtlebot3_color_detector_ws/install/turtlebot3_description:/opt/ros/humble LD_LIBRARY_PATH=/home/owl/projects/turtlebot3_color_detector_ws/install/turtlebot3_msgs/lib:${LD_LIBRARY_PATH} PYTHONPATH=/home/owl/projects/turtlebot3_color_detector_ws/install/turtlebot3_msgs/local/lib/python3.10/dist-packages:${PYTHONPATH} /usr/bin/cmake --build /home/owl/projects/turtlebot3_color_detector_ws/build/turtlebot3_bringup -- -j8 -l8
[0.975s] Invoking command in '/home/owl/projects/turtlebot3_color_detector_ws/build/turtlebot3_bringup': AMENT_PREFIX_PATH=/home/owl/projects/turtlebot3_color_detector_ws/install/turtlebot3_node:/home/owl/projects/turtlebot3_color_detector_ws/install/turtlebot3_msgs:/home/owl/projects/turtlebot3_color_detector_ws/install/turtlebot3_description:${AMENT_PREFIX_PATH} CMAKE_PREFIX_PATH=/home/owl/projects/turtlebot3_color_detector_ws/install/turtlebot3_node:/home/owl/projects/turtlebot3_color_detector_ws/install/turtlebot3_msgs:/home/owl/projects/turtlebot3_color_detector_ws/install/turtlebot3_description:/opt/ros/humble LD_LIBRARY_PATH=/home/owl/projects/turtlebot3_color_detector_ws/install/turtlebot3_msgs/lib:${LD_LIBRARY_PATH} PYTHONPATH=/home/owl/projects/turtlebot3_color_detector_ws/install/turtlebot3_msgs/local/lib/python3.10/dist-packages:${PYTHONPATH} /usr/bin/cmake --install /home/owl/projects/turtlebot3_color_detector_ws/build/turtlebot3_bringup
[1.023s] -- Install configuration: ""
[1.023s] -- Execute custom install script
[1.023s] -- Up-to-date symlink: /home/owl/projects/turtlebot3_color_detector_ws/install/turtlebot3_bringup/share/turtlebot3_bringup/launch/robot.launch.py
[1.024s] -- Up-to-date symlink: /home/owl/projects/turtlebot3_color_detector_ws/install/turtlebot3_bringup/share/turtlebot3_bringup/launch/rviz2.launch.py
[1.025s] -- Up-to-date symlink: /home/owl/projects/turtlebot3_color_detector_ws/install/turtlebot3_bringup/share/turtlebot3_bringup/launch/turtlebot3_state_publisher.launch.py
[1.026s] -- Up-to-date symlink: /home/owl/projects/turtlebot3_color_detector_ws/install/turtlebot3_bringup/share/turtlebot3_bringup/param/burger.yaml
[1.027s] -- Up-to-date symlink: /home/owl/projects/turtlebot3_color_detector_ws/install/turtlebot3_bringup/share/turtlebot3_bringup/param/waffle.yaml
[1.029s] -- Up-to-date symlink: /home/owl/projects/turtlebot3_color_detector_ws/install/turtlebot3_bringup/share/turtlebot3_bringup/param/waffle_pi.yaml
[1.040s] -- Up-to-date symlink: /home/owl/projects/turtlebot3_color_detector_ws/install/turtlebot3_bringup/share/turtlebot3_bringup/script/99-turtlebot3-cdc.rules
[1.041s] -- Up-to-date symlink: /home/owl/projects/turtlebot3_color_detector_ws/install/turtlebot3_bringup/share/turtlebot3_bringup/script/create_udev_rules
[1.041s] -- Up-to-date symlink: /home/owl/projects/turtlebot3_color_detector_ws/install/turtlebot3_bringup/share/ament_index/resource_index/package_run_dependencies/turtlebot3_bringup
[1.041s] -- Up-to-date symlink: /home/owl/projects/turtlebot3_color_detector_ws/install/turtlebot3_bringup/share/ament_index/resource_index/parent_prefix_path/turtlebot3_bringup
[1.042s] -- Up-to-date symlink: /home/owl/projects/turtlebot3_color_detector_ws/install/turtlebot3_bringup/share/turtlebot3_bringup/environment/ament_prefix_path.sh
[1.043s] -- Up-to-date symlink: /home/owl/projects/turtlebot3_color_detector_ws/install/turtlebot3_bringup/share/turtlebot3_bringup/environment/ament_prefix_path.dsv
[1.045s] -- Up-to-date symlink: /home/owl/projects/turtlebot3_color_detector_ws/install/turtlebot3_bringup/share/turtlebot3_bringup/environment/path.sh
[1.046s] -- Up-to-date symlink: /home/owl/projects/turtlebot3_color_detector_ws/install/turtlebot3_bringup/share/turtlebot3_bringup/environment/path.dsv
[1.070s] -- Up-to-date symlink: /home/owl/projects/turtlebot3_color_detector_ws/install/turtlebot3_bringup/share/turtlebot3_bringup/local_setup.bash
[1.090s] -- Up-to-date symlink: /home/owl/projects/turtlebot3_color_detector_ws/install/turtlebot3_bringup/share/turtlebot3_bringup/local_setup.sh
[1.090s] -- Up-to-date symlink: /home/owl/projects/turtlebot3_color_detector_ws/install/turtlebot3_bringup/share/turtlebot3_bringup/local_setup.zsh
[1.091s] -- Up-to-date symlink: /home/owl/projects/turtlebot3_color_detector_ws/install/turtlebot3_bringup/share/turtlebot3_bringup/local_setup.dsv
[1.098s] -- Symlinking: /home/owl/projects/turtlebot3_color_detector_ws/install/turtlebot3_bringup/share/turtlebot3_bringup/package.dsv
[1.128s] -- Up-to-date symlink: /home/owl/projects/turtlebot3_color_detector_ws/install/turtlebot3_bringup/share/ament_index/resource_index/packages/turtlebot3_bringup
[1.128s] -- Up-to-date symlink: /home/owl/projects/turtlebot3_color_detector_ws/install/turtlebot3_bringup/share/turtlebot3_bringup/cmake/turtlebot3_bringupConfig.cmake
[1.129s] -- Up-to-date symlink: /home/owl/projects/turtlebot3_color_detector_ws/install/turtlebot3_bringup/share/turtlebot3_bringup/cmake/turtlebot3_bringupConfig-version.cmake
[1.143s] -- Up-to-date symlink: /home/owl/projects/turtlebot3_color_detector_ws/install/turtlebot3_bringup/share/turtlebot3_bringup/package.xml
[1.156s] Invoked command in '/home/owl/projects/turtlebot3_color_detector_ws/build/turtlebot3_bringup' returned '0': AMENT_PREFIX_PATH=/home/owl/projects/turtlebot3_color_detector_ws/install/turtlebot3_node:/home/owl/projects/turtlebot3_color_detector_ws/install/turtlebot3_msgs:/home/owl/projects/turtlebot3_color_detector_ws/install/turtlebot3_description:${AMENT_PREFIX_PATH} CMAKE_PREFIX_PATH=/home/owl/projects/turtlebot3_color_detector_ws/install/turtlebot3_node:/home/owl/projects/turtlebot3_color_detector_ws/install/turtlebot3_msgs:/home/owl/projects/turtlebot3_color_detector_ws/install/turtlebot3_description:/opt/ros/humble LD_LIBRARY_PATH=/home/owl/projects/turtlebot3_color_detector_ws/install/turtlebot3_msgs/lib:${LD_LIBRARY_PATH} PYTHONPATH=/home/owl/projects/turtlebot3_color_detector_ws/install/turtlebot3_msgs/local/lib/python3.10/dist-packages:${PYTHONPATH} /usr/bin/cmake --install /home/owl/projects/turtlebot3_color_detector_ws/build/turtlebot3_bringup
