[0.180s] Invoking command in '/home/owl/projects/turtlebot3_color_detector_ws/build/turtlebot3_msgs': CMAKE_PREFIX_PATH=/opt/ros/humble /usr/bin/cmake --build /home/owl/projects/turtlebot3_color_detector_ws/build/turtlebot3_msgs -- -j8 -l8
[2.504s] [  1%] Built target turtlebot3_msgs__cpp
[2.505s] [  1%] Built target ament_cmake_python_symlink_turtlebot3_msgs
[2.505s] [ 12%] Built target turtlebot3_msgs__rosidl_typesupport_introspection_cpp
[2.506s] running egg_info
[2.510s] writing turtlebot3_msgs.egg-info/PKG-INFO
[2.510s] writing dependency_links to turtlebot3_msgs.egg-info/dependency_links.txt
[2.510s] writing top-level names to turtlebot3_msgs.egg-info/top_level.txt
[2.511s] reading manifest file 'turtlebot3_msgs.egg-info/SOURCES.txt'
[2.511s] writing manifest file 'turtlebot3_msgs.egg-info/SOURCES.txt'
[2.511s] [ 12%] Built target ament_cmake_python_build_turtlebot3_msgs_egg
[2.512s] [ 24%] Built target turtlebot3_msgs__rosidl_typesupport_fastrtps_cpp
[2.512s] [ 35%] Built target turtlebot3_msgs__rosidl_typesupport_cpp
[2.512s] [ 46%] Built target turtlebot3_msgs__rosidl_generator_c
[2.512s] [ 58%] Built target turtlebot3_msgs__rosidl_typesupport_fastrtps_c
[2.512s] [ 69%] Built target turtlebot3_msgs__rosidl_typesupport_c
[2.513s] [ 81%] Built target turtlebot3_msgs__rosidl_typesupport_introspection_c
[2.513s] [ 81%] Built target turtlebot3_msgs
[2.547s] [ 82%] Built target turtlebot3_msgs__py
[2.731s] [ 92%] Built target turtlebot3_msgs__rosidl_generator_py
[2.784s] [ 94%] Built target turtlebot3_msgs__rosidl_typesupport_fastrtps_c__pyext
[2.899s] [ 97%] Built target turtlebot3_msgs__rosidl_typesupport_c__pyext
[2.983s] [100%] Built target turtlebot3_msgs__rosidl_typesupport_introspection_c__pyext
[3.125s] Invoked command in '/home/owl/projects/turtlebot3_color_detector_ws/build/turtlebot3_msgs' returned '0': CMAKE_PREFIX_PATH=/opt/ros/humble /usr/bin/cmake --build /home/owl/projects/turtlebot3_color_detector_ws/build/turtlebot3_msgs -- -j8 -l8
[3.126s] Invoking command in '/home/owl/projects/turtlebot3_color_detector_ws/build/turtlebot3_msgs': CMAKE_PREFIX_PATH=/opt/ros/humble /usr/bin/cmake --install /home/owl/projects/turtlebot3_color_detector_ws/build/turtlebot3_msgs
[3.164s] -- Install configuration: ""
[3.178s] -- Execute custom install script
[3.179s] -- Up-to-date symlink: /home/owl/projects/turtlebot3_color_detector_ws/install/turtlebot3_msgs/share/ament_index/resource_index/rosidl_interfaces/turtlebot3_msgs
[3.179s] -- Up-to-date symlink: /home/owl/projects/turtlebot3_color_detector_ws/install/turtlebot3_msgs/include/turtlebot3_msgs/turtlebot3_msgs/action/detail/patrol__functions.h
[3.180s] -- Up-to-date symlink: /home/owl/projects/turtlebot3_color_detector_ws/install/turtlebot3_msgs/include/turtlebot3_msgs/turtlebot3_msgs/action/detail/patrol__struct.h
[3.180s] -- Up-to-date symlink: /home/owl/projects/turtlebot3_color_detector_ws/install/turtlebot3_msgs/include/turtlebot3_msgs/turtlebot3_msgs/action/detail/patrol__type_support.h
[3.195s] -- Up-to-date symlink: /home/owl/projects/turtlebot3_color_detector_ws/install/turtlebot3_msgs/include/turtlebot3_msgs/turtlebot3_msgs/action/patrol.h
[3.197s] -- Up-to-date symlink: /home/owl/projects/turtlebot3_color_detector_ws/install/turtlebot3_msgs/include/turtlebot3_msgs/turtlebot3_msgs/msg/detail/sensor_state__functions.h
[3.198s] -- Up-to-date symlink: /home/owl/projects/turtlebot3_color_detector_ws/install/turtlebot3_msgs/include/turtlebot3_msgs/turtlebot3_msgs/msg/detail/sensor_state__struct.h
[3.201s] -- Up-to-date symlink: /home/owl/projects/turtlebot3_color_detector_ws/install/turtlebot3_msgs/include/turtlebot3_msgs/turtlebot3_msgs/msg/detail/sensor_state__type_support.h
[3.202s] -- Up-to-date symlink: /home/owl/projects/turtlebot3_color_detector_ws/install/turtlebot3_msgs/include/turtlebot3_msgs/turtlebot3_msgs/msg/detail/sound__functions.h
[3.202s] -- Up-to-date symlink: /home/owl/projects/turtlebot3_color_detector_ws/install/turtlebot3_msgs/include/turtlebot3_msgs/turtlebot3_msgs/msg/detail/sound__struct.h
[3.209s] -- Up-to-date symlink: /home/owl/projects/turtlebot3_color_detector_ws/install/turtlebot3_msgs/include/turtlebot3_msgs/turtlebot3_msgs/msg/detail/sound__type_support.h
[3.210s] -- Up-to-date symlink: /home/owl/projects/turtlebot3_color_detector_ws/install/turtlebot3_msgs/include/turtlebot3_msgs/turtlebot3_msgs/msg/detail/version_info__functions.h
[3.210s] -- Up-to-date symlink: /home/owl/projects/turtlebot3_color_detector_ws/install/turtlebot3_msgs/include/turtlebot3_msgs/turtlebot3_msgs/msg/detail/version_info__struct.h
[3.210s] -- Up-to-date symlink: /home/owl/projects/turtlebot3_color_detector_ws/install/turtlebot3_msgs/include/turtlebot3_msgs/turtlebot3_msgs/msg/detail/version_info__type_support.h
[3.211s] -- Up-to-date symlink: /home/owl/projects/turtlebot3_color_detector_ws/install/turtlebot3_msgs/include/turtlebot3_msgs/turtlebot3_msgs/msg/rosidl_generator_c__visibility_control.h
[3.211s] -- Up-to-date symlink: /home/owl/projects/turtlebot3_color_detector_ws/install/turtlebot3_msgs/include/turtlebot3_msgs/turtlebot3_msgs/msg/sensor_state.h
[3.212s] -- Up-to-date symlink: /home/owl/projects/turtlebot3_color_detector_ws/install/turtlebot3_msgs/include/turtlebot3_msgs/turtlebot3_msgs/msg/sound.h
[3.212s] -- Up-to-date symlink: /home/owl/projects/turtlebot3_color_detector_ws/install/turtlebot3_msgs/include/turtlebot3_msgs/turtlebot3_msgs/msg/version_info.h
[3.212s] -- Up-to-date symlink: /home/owl/projects/turtlebot3_color_detector_ws/install/turtlebot3_msgs/include/turtlebot3_msgs/turtlebot3_msgs/srv/detail/dqn__functions.h
[3.213s] -- Up-to-date symlink: /home/owl/projects/turtlebot3_color_detector_ws/install/turtlebot3_msgs/include/turtlebot3_msgs/turtlebot3_msgs/srv/detail/dqn__struct.h
[3.213s] -- Up-to-date symlink: /home/owl/projects/turtlebot3_color_detector_ws/install/turtlebot3_msgs/include/turtlebot3_msgs/turtlebot3_msgs/srv/detail/dqn__type_support.h
[3.222s] -- Up-to-date symlink: /home/owl/projects/turtlebot3_color_detector_ws/install/turtlebot3_msgs/include/turtlebot3_msgs/turtlebot3_msgs/srv/detail/goal__functions.h
[3.223s] -- Up-to-date symlink: /home/owl/projects/turtlebot3_color_detector_ws/install/turtlebot3_msgs/include/turtlebot3_msgs/turtlebot3_msgs/srv/detail/goal__struct.h
[3.223s] -- Up-to-date symlink: /home/owl/projects/turtlebot3_color_detector_ws/install/turtlebot3_msgs/include/turtlebot3_msgs/turtlebot3_msgs/srv/detail/goal__type_support.h
[3.223s] -- Up-to-date symlink: /home/owl/projects/turtlebot3_color_detector_ws/install/turtlebot3_msgs/include/turtlebot3_msgs/turtlebot3_msgs/srv/detail/sound__functions.h
[3.223s] -- Up-to-date symlink: /home/owl/projects/turtlebot3_color_detector_ws/install/turtlebot3_msgs/include/turtlebot3_msgs/turtlebot3_msgs/srv/detail/sound__struct.h
[3.224s] -- Up-to-date symlink: /home/owl/projects/turtlebot3_color_detector_ws/install/turtlebot3_msgs/include/turtlebot3_msgs/turtlebot3_msgs/srv/detail/sound__type_support.h
[3.224s] -- Up-to-date symlink: /home/owl/projects/turtlebot3_color_detector_ws/install/turtlebot3_msgs/include/turtlebot3_msgs/turtlebot3_msgs/srv/dqn.h
[3.229s] -- Up-to-date symlink: /home/owl/projects/turtlebot3_color_detector_ws/install/turtlebot3_msgs/include/turtlebot3_msgs/turtlebot3_msgs/srv/goal.h
[3.230s] -- Up-to-date symlink: /home/owl/projects/turtlebot3_color_detector_ws/install/turtlebot3_msgs/include/turtlebot3_msgs/turtlebot3_msgs/srv/sound.h
[3.232s] -- Up-to-date symlink: /home/owl/projects/turtlebot3_color_detector_ws/install/turtlebot3_msgs/share/turtlebot3_msgs/environment/library_path.sh
[3.232s] -- Up-to-date symlink: /home/owl/projects/turtlebot3_color_detector_ws/install/turtlebot3_msgs/share/turtlebot3_msgs/environment/library_path.dsv
[3.232s] -- Up-to-date symlink: /home/owl/projects/turtlebot3_color_detector_ws/install/turtlebot3_msgs/include/turtlebot3_msgs/turtlebot3_msgs/action/detail/patrol__rosidl_typesupport_fastrtps_c.h
[3.233s] -- Up-to-date symlink: /home/owl/projects/turtlebot3_color_detector_ws/install/turtlebot3_msgs/include/turtlebot3_msgs/turtlebot3_msgs/msg/detail/sensor_state__rosidl_typesupport_fastrtps_c.h
[3.233s] -- Up-to-date symlink: /home/owl/projects/turtlebot3_color_detector_ws/install/turtlebot3_msgs/include/turtlebot3_msgs/turtlebot3_msgs/msg/detail/sound__rosidl_typesupport_fastrtps_c.h
[3.234s] -- Up-to-date symlink: /home/owl/projects/turtlebot3_color_detector_ws/install/turtlebot3_msgs/include/turtlebot3_msgs/turtlebot3_msgs/msg/detail/version_info__rosidl_typesupport_fastrtps_c.h
[3.234s] -- Up-to-date symlink: /home/owl/projects/turtlebot3_color_detector_ws/install/turtlebot3_msgs/include/turtlebot3_msgs/turtlebot3_msgs/msg/rosidl_typesupport_fastrtps_c__visibility_control.h
[3.235s] -- Up-to-date symlink: /home/owl/projects/turtlebot3_color_detector_ws/install/turtlebot3_msgs/include/turtlebot3_msgs/turtlebot3_msgs/srv/detail/dqn__rosidl_typesupport_fastrtps_c.h
[3.235s] -- Up-to-date symlink: /home/owl/projects/turtlebot3_color_detector_ws/install/turtlebot3_msgs/include/turtlebot3_msgs/turtlebot3_msgs/srv/detail/goal__rosidl_typesupport_fastrtps_c.h
[3.235s] -- Up-to-date symlink: /home/owl/projects/turtlebot3_color_detector_ws/install/turtlebot3_msgs/include/turtlebot3_msgs/turtlebot3_msgs/srv/detail/sound__rosidl_typesupport_fastrtps_c.h
[3.237s] -- Up-to-date symlink: /home/owl/projects/turtlebot3_color_detector_ws/install/turtlebot3_msgs/include/turtlebot3_msgs/turtlebot3_msgs/action/detail/patrol__builder.hpp
[3.237s] -- Up-to-date symlink: /home/owl/projects/turtlebot3_color_detector_ws/install/turtlebot3_msgs/include/turtlebot3_msgs/turtlebot3_msgs/action/detail/patrol__struct.hpp
[3.238s] -- Up-to-date symlink: /home/owl/projects/turtlebot3_color_detector_ws/install/turtlebot3_msgs/include/turtlebot3_msgs/turtlebot3_msgs/action/detail/patrol__traits.hpp
[3.238s] -- Up-to-date symlink: /home/owl/projects/turtlebot3_color_detector_ws/install/turtlebot3_msgs/include/turtlebot3_msgs/turtlebot3_msgs/action/detail/patrol__type_support.hpp
[3.238s] -- Up-to-date symlink: /home/owl/projects/turtlebot3_color_detector_ws/install/turtlebot3_msgs/include/turtlebot3_msgs/turtlebot3_msgs/action/patrol.hpp
[3.245s] -- Up-to-date symlink: /home/owl/projects/turtlebot3_color_detector_ws/install/turtlebot3_msgs/include/turtlebot3_msgs/turtlebot3_msgs/msg/detail/sensor_state__builder.hpp
[3.246s] -- Up-to-date symlink: /home/owl/projects/turtlebot3_color_detector_ws/install/turtlebot3_msgs/include/turtlebot3_msgs/turtlebot3_msgs/msg/detail/sensor_state__struct.hpp
[3.246s] -- Up-to-date symlink: /home/owl/projects/turtlebot3_color_detector_ws/install/turtlebot3_msgs/include/turtlebot3_msgs/turtlebot3_msgs/msg/detail/sensor_state__traits.hpp
[3.246s] -- Up-to-date symlink: /home/owl/projects/turtlebot3_color_detector_ws/install/turtlebot3_msgs/include/turtlebot3_msgs/turtlebot3_msgs/msg/detail/sensor_state__type_support.hpp
[3.247s] -- Up-to-date symlink: /home/owl/projects/turtlebot3_color_detector_ws/install/turtlebot3_msgs/include/turtlebot3_msgs/turtlebot3_msgs/msg/detail/sound__builder.hpp
[3.247s] -- Up-to-date symlink: /home/owl/projects/turtlebot3_color_detector_ws/install/turtlebot3_msgs/include/turtlebot3_msgs/turtlebot3_msgs/msg/detail/sound__struct.hpp
[3.248s] -- Up-to-date symlink: /home/owl/projects/turtlebot3_color_detector_ws/install/turtlebot3_msgs/include/turtlebot3_msgs/turtlebot3_msgs/msg/detail/sound__traits.hpp
[3.248s] -- Up-to-date symlink: /home/owl/projects/turtlebot3_color_detector_ws/install/turtlebot3_msgs/include/turtlebot3_msgs/turtlebot3_msgs/msg/detail/sound__type_support.hpp
[3.249s] -- Up-to-date symlink: /home/owl/projects/turtlebot3_color_detector_ws/install/turtlebot3_msgs/include/turtlebot3_msgs/turtlebot3_msgs/msg/detail/version_info__builder.hpp
[3.249s] -- Up-to-date symlink: /home/owl/projects/turtlebot3_color_detector_ws/install/turtlebot3_msgs/include/turtlebot3_msgs/turtlebot3_msgs/msg/detail/version_info__struct.hpp
[3.250s] -- Up-to-date symlink: /home/owl/projects/turtlebot3_color_detector_ws/install/turtlebot3_msgs/include/turtlebot3_msgs/turtlebot3_msgs/msg/detail/version_info__traits.hpp
[3.252s] -- Up-to-date symlink: /home/owl/projects/turtlebot3_color_detector_ws/install/turtlebot3_msgs/include/turtlebot3_msgs/turtlebot3_msgs/msg/detail/version_info__type_support.hpp
[3.252s] -- Up-to-date symlink: /home/owl/projects/turtlebot3_color_detector_ws/install/turtlebot3_msgs/include/turtlebot3_msgs/turtlebot3_msgs/msg/rosidl_generator_cpp__visibility_control.hpp
[3.253s] -- Up-to-date symlink: /home/owl/projects/turtlebot3_color_detector_ws/install/turtlebot3_msgs/include/turtlebot3_msgs/turtlebot3_msgs/msg/sensor_state.hpp
[3.255s] -- Up-to-date symlink: /home/owl/projects/turtlebot3_color_detector_ws/install/turtlebot3_msgs/include/turtlebot3_msgs/turtlebot3_msgs/msg/sound.hpp
[3.256s] -- Up-to-date symlink: /home/owl/projects/turtlebot3_color_detector_ws/install/turtlebot3_msgs/include/turtlebot3_msgs/turtlebot3_msgs/msg/version_info.hpp
[3.260s] -- Up-to-date symlink: /home/owl/projects/turtlebot3_color_detector_ws/install/turtlebot3_msgs/include/turtlebot3_msgs/turtlebot3_msgs/srv/detail/dqn__builder.hpp
[3.261s] -- Up-to-date symlink: /home/owl/projects/turtlebot3_color_detector_ws/install/turtlebot3_msgs/include/turtlebot3_msgs/turtlebot3_msgs/srv/detail/dqn__struct.hpp
[3.262s] -- Up-to-date symlink: /home/owl/projects/turtlebot3_color_detector_ws/install/turtlebot3_msgs/include/turtlebot3_msgs/turtlebot3_msgs/srv/detail/dqn__traits.hpp
[3.262s] -- Up-to-date symlink: /home/owl/projects/turtlebot3_color_detector_ws/install/turtlebot3_msgs/include/turtlebot3_msgs/turtlebot3_msgs/srv/detail/dqn__type_support.hpp
[3.262s] -- Up-to-date symlink: /home/owl/projects/turtlebot3_color_detector_ws/install/turtlebot3_msgs/include/turtlebot3_msgs/turtlebot3_msgs/srv/detail/goal__builder.hpp
[3.263s] -- Up-to-date symlink: /home/owl/projects/turtlebot3_color_detector_ws/install/turtlebot3_msgs/include/turtlebot3_msgs/turtlebot3_msgs/srv/detail/goal__struct.hpp
[3.263s] -- Up-to-date symlink: /home/owl/projects/turtlebot3_color_detector_ws/install/turtlebot3_msgs/include/turtlebot3_msgs/turtlebot3_msgs/srv/detail/goal__traits.hpp
[3.263s] -- Up-to-date symlink: /home/owl/projects/turtlebot3_color_detector_ws/install/turtlebot3_msgs/include/turtlebot3_msgs/turtlebot3_msgs/srv/detail/goal__type_support.hpp
[3.264s] -- Up-to-date symlink: /home/owl/projects/turtlebot3_color_detector_ws/install/turtlebot3_msgs/include/turtlebot3_msgs/turtlebot3_msgs/srv/detail/sound__builder.hpp
[3.266s] -- Up-to-date symlink: /home/owl/projects/turtlebot3_color_detector_ws/install/turtlebot3_msgs/include/turtlebot3_msgs/turtlebot3_msgs/srv/detail/sound__struct.hpp
[3.267s] -- Up-to-date symlink: /home/owl/projects/turtlebot3_color_detector_ws/install/turtlebot3_msgs/include/turtlebot3_msgs/turtlebot3_msgs/srv/detail/sound__traits.hpp
[3.267s] -- Up-to-date symlink: /home/owl/projects/turtlebot3_color_detector_ws/install/turtlebot3_msgs/include/turtlebot3_msgs/turtlebot3_msgs/srv/detail/sound__type_support.hpp
[3.267s] -- Up-to-date symlink: /home/owl/projects/turtlebot3_color_detector_ws/install/turtlebot3_msgs/include/turtlebot3_msgs/turtlebot3_msgs/srv/dqn.hpp
[3.268s] -- Up-to-date symlink: /home/owl/projects/turtlebot3_color_detector_ws/install/turtlebot3_msgs/include/turtlebot3_msgs/turtlebot3_msgs/srv/goal.hpp
[3.268s] -- Up-to-date symlink: /home/owl/projects/turtlebot3_color_detector_ws/install/turtlebot3_msgs/include/turtlebot3_msgs/turtlebot3_msgs/srv/sound.hpp
[3.276s] -- Up-to-date symlink: /home/owl/projects/turtlebot3_color_detector_ws/install/turtlebot3_msgs/include/turtlebot3_msgs/turtlebot3_msgs/action/detail/patrol__rosidl_typesupport_fastrtps_cpp.hpp
[3.277s] -- Up-to-date symlink: /home/owl/projects/turtlebot3_color_detector_ws/install/turtlebot3_msgs/include/turtlebot3_msgs/turtlebot3_msgs/msg/detail/sensor_state__rosidl_typesupport_fastrtps_cpp.hpp
[3.277s] -- Up-to-date symlink: /home/owl/projects/turtlebot3_color_detector_ws/install/turtlebot3_msgs/include/turtlebot3_msgs/turtlebot3_msgs/msg/detail/sound__rosidl_typesupport_fastrtps_cpp.hpp
[3.287s] -- Up-to-date symlink: /home/owl/projects/turtlebot3_color_detector_ws/install/turtlebot3_msgs/include/turtlebot3_msgs/turtlebot3_msgs/msg/detail/version_info__rosidl_typesupport_fastrtps_cpp.hpp
[3.288s] -- Up-to-date symlink: /home/owl/projects/turtlebot3_color_detector_ws/install/turtlebot3_msgs/include/turtlebot3_msgs/turtlebot3_msgs/msg/rosidl_typesupport_fastrtps_cpp__visibility_control.h
[3.293s] -- Up-to-date symlink: /home/owl/projects/turtlebot3_color_detector_ws/install/turtlebot3_msgs/include/turtlebot3_msgs/turtlebot3_msgs/srv/detail/dqn__rosidl_typesupport_fastrtps_cpp.hpp
[3.294s] -- Up-to-date symlink: /home/owl/projects/turtlebot3_color_detector_ws/install/turtlebot3_msgs/include/turtlebot3_msgs/turtlebot3_msgs/srv/detail/goal__rosidl_typesupport_fastrtps_cpp.hpp
[3.294s] -- Up-to-date symlink: /home/owl/projects/turtlebot3_color_detector_ws/install/turtlebot3_msgs/include/turtlebot3_msgs/turtlebot3_msgs/srv/detail/sound__rosidl_typesupport_fastrtps_cpp.hpp
[3.294s] -- Up-to-date symlink: /home/owl/projects/turtlebot3_color_detector_ws/install/turtlebot3_msgs/include/turtlebot3_msgs/turtlebot3_msgs/action/detail/patrol__rosidl_typesupport_introspection_c.h
[3.294s] -- Up-to-date symlink: /home/owl/projects/turtlebot3_color_detector_ws/install/turtlebot3_msgs/include/turtlebot3_msgs/turtlebot3_msgs/msg/detail/sensor_state__rosidl_typesupport_introspection_c.h
[3.295s] -- Up-to-date symlink: /home/owl/projects/turtlebot3_color_detector_ws/install/turtlebot3_msgs/include/turtlebot3_msgs/turtlebot3_msgs/msg/detail/sound__rosidl_typesupport_introspection_c.h
[3.295s] -- Up-to-date symlink: /home/owl/projects/turtlebot3_color_detector_ws/install/turtlebot3_msgs/include/turtlebot3_msgs/turtlebot3_msgs/msg/detail/version_info__rosidl_typesupport_introspection_c.h
[3.295s] -- Up-to-date symlink: /home/owl/projects/turtlebot3_color_detector_ws/install/turtlebot3_msgs/include/turtlebot3_msgs/turtlebot3_msgs/msg/rosidl_typesupport_introspection_c__visibility_control.h
[3.295s] -- Up-to-date symlink: /home/owl/projects/turtlebot3_color_detector_ws/install/turtlebot3_msgs/include/turtlebot3_msgs/turtlebot3_msgs/srv/detail/dqn__rosidl_typesupport_introspection_c.h
[3.295s] -- Up-to-date symlink: /home/owl/projects/turtlebot3_color_detector_ws/install/turtlebot3_msgs/include/turtlebot3_msgs/turtlebot3_msgs/srv/detail/goal__rosidl_typesupport_introspection_c.h
[3.296s] -- Up-to-date symlink: /home/owl/projects/turtlebot3_color_detector_ws/install/turtlebot3_msgs/include/turtlebot3_msgs/turtlebot3_msgs/srv/detail/sound__rosidl_typesupport_introspection_c.h
[3.301s] -- Up-to-date symlink: /home/owl/projects/turtlebot3_color_detector_ws/install/turtlebot3_msgs/include/turtlebot3_msgs/turtlebot3_msgs/action/detail/patrol__rosidl_typesupport_introspection_cpp.hpp
[3.301s] -- Up-to-date symlink: /home/owl/projects/turtlebot3_color_detector_ws/install/turtlebot3_msgs/include/turtlebot3_msgs/turtlebot3_msgs/msg/detail/sensor_state__rosidl_typesupport_introspection_cpp.hpp
[3.302s] -- Up-to-date symlink: /home/owl/projects/turtlebot3_color_detector_ws/install/turtlebot3_msgs/include/turtlebot3_msgs/turtlebot3_msgs/msg/detail/sound__rosidl_typesupport_introspection_cpp.hpp
[3.303s] -- Up-to-date symlink: /home/owl/projects/turtlebot3_color_detector_ws/install/turtlebot3_msgs/include/turtlebot3_msgs/turtlebot3_msgs/msg/detail/version_info__rosidl_typesupport_introspection_cpp.hpp
[3.304s] -- Up-to-date symlink: /home/owl/projects/turtlebot3_color_detector_ws/install/turtlebot3_msgs/include/turtlebot3_msgs/turtlebot3_msgs/srv/detail/dqn__rosidl_typesupport_introspection_cpp.hpp
[3.304s] -- Up-to-date symlink: /home/owl/projects/turtlebot3_color_detector_ws/install/turtlebot3_msgs/include/turtlebot3_msgs/turtlebot3_msgs/srv/detail/goal__rosidl_typesupport_introspection_cpp.hpp
[3.304s] -- Up-to-date symlink: /home/owl/projects/turtlebot3_color_detector_ws/install/turtlebot3_msgs/include/turtlebot3_msgs/turtlebot3_msgs/srv/detail/sound__rosidl_typesupport_introspection_cpp.hpp
[3.304s] -- Up-to-date symlink: /home/owl/projects/turtlebot3_color_detector_ws/install/turtlebot3_msgs/share/turtlebot3_msgs/environment/pythonpath.sh
[3.305s] -- Up-to-date symlink: /home/owl/projects/turtlebot3_color_detector_ws/install/turtlebot3_msgs/share/turtlebot3_msgs/environment/pythonpath.dsv
[3.307s] -- Up-to-date symlink: /home/owl/projects/turtlebot3_color_detector_ws/install/turtlebot3_msgs/local/lib/python3.10/dist-packages/turtlebot3_msgs-2.4.0-py3.10.egg-info/PKG-INFO
[3.308s] -- Up-to-date symlink: /home/owl/projects/turtlebot3_color_detector_ws/install/turtlebot3_msgs/local/lib/python3.10/dist-packages/turtlebot3_msgs-2.4.0-py3.10.egg-info/SOURCES.txt
[3.308s] -- Up-to-date symlink: /home/owl/projects/turtlebot3_color_detector_ws/install/turtlebot3_msgs/local/lib/python3.10/dist-packages/turtlebot3_msgs-2.4.0-py3.10.egg-info/dependency_links.txt
[3.308s] -- Up-to-date symlink: /home/owl/projects/turtlebot3_color_detector_ws/install/turtlebot3_msgs/local/lib/python3.10/dist-packages/turtlebot3_msgs-2.4.0-py3.10.egg-info/top_level.txt
[3.308s] -- Up-to-date symlink: /home/owl/projects/turtlebot3_color_detector_ws/install/turtlebot3_msgs/local/lib/python3.10/dist-packages/turtlebot3_msgs/__init__.py
[3.309s] -- Up-to-date symlink: /home/owl/projects/turtlebot3_color_detector_ws/install/turtlebot3_msgs/local/lib/python3.10/dist-packages/turtlebot3_msgs/_turtlebot3_msgs_s.ep.rosidl_typesupport_c.c
[3.310s] -- Up-to-date symlink: /home/owl/projects/turtlebot3_color_detector_ws/install/turtlebot3_msgs/local/lib/python3.10/dist-packages/turtlebot3_msgs/_turtlebot3_msgs_s.ep.rosidl_typesupport_fastrtps_c.c
[3.310s] -- Up-to-date symlink: /home/owl/projects/turtlebot3_color_detector_ws/install/turtlebot3_msgs/local/lib/python3.10/dist-packages/turtlebot3_msgs/_turtlebot3_msgs_s.ep.rosidl_typesupport_introspection_c.c
[3.310s] -- Up-to-date symlink: /home/owl/projects/turtlebot3_color_detector_ws/install/turtlebot3_msgs/local/lib/python3.10/dist-packages/turtlebot3_msgs/action/__init__.py
[3.310s] -- Up-to-date symlink: /home/owl/projects/turtlebot3_color_detector_ws/install/turtlebot3_msgs/local/lib/python3.10/dist-packages/turtlebot3_msgs/action/_patrol.py
[3.311s] -- Up-to-date symlink: /home/owl/projects/turtlebot3_color_detector_ws/install/turtlebot3_msgs/local/lib/python3.10/dist-packages/turtlebot3_msgs/action/_patrol_s.c
[3.311s] -- Up-to-date symlink: /home/owl/projects/turtlebot3_color_detector_ws/install/turtlebot3_msgs/local/lib/python3.10/dist-packages/turtlebot3_msgs/libturtlebot3_msgs__rosidl_generator_py.so
[3.312s] -- Up-to-date symlink: /home/owl/projects/turtlebot3_color_detector_ws/install/turtlebot3_msgs/local/lib/python3.10/dist-packages/turtlebot3_msgs/msg/__init__.py
[3.312s] -- Up-to-date symlink: /home/owl/projects/turtlebot3_color_detector_ws/install/turtlebot3_msgs/local/lib/python3.10/dist-packages/turtlebot3_msgs/msg/_sensor_state.py
[3.312s] -- Up-to-date symlink: /home/owl/projects/turtlebot3_color_detector_ws/install/turtlebot3_msgs/local/lib/python3.10/dist-packages/turtlebot3_msgs/msg/_sensor_state_s.c
[3.312s] -- Up-to-date symlink: /home/owl/projects/turtlebot3_color_detector_ws/install/turtlebot3_msgs/local/lib/python3.10/dist-packages/turtlebot3_msgs/msg/_sound.py
[3.313s] -- Up-to-date symlink: /home/owl/projects/turtlebot3_color_detector_ws/install/turtlebot3_msgs/local/lib/python3.10/dist-packages/turtlebot3_msgs/msg/_sound_s.c
[3.313s] -- Up-to-date symlink: /home/owl/projects/turtlebot3_color_detector_ws/install/turtlebot3_msgs/local/lib/python3.10/dist-packages/turtlebot3_msgs/msg/_version_info.py
[3.314s] -- Up-to-date symlink: /home/owl/projects/turtlebot3_color_detector_ws/install/turtlebot3_msgs/local/lib/python3.10/dist-packages/turtlebot3_msgs/msg/_version_info_s.c
[3.314s] -- Up-to-date symlink: /home/owl/projects/turtlebot3_color_detector_ws/install/turtlebot3_msgs/local/lib/python3.10/dist-packages/turtlebot3_msgs/srv/__init__.py
[3.314s] -- Up-to-date symlink: /home/owl/projects/turtlebot3_color_detector_ws/install/turtlebot3_msgs/local/lib/python3.10/dist-packages/turtlebot3_msgs/srv/_dqn.py
[3.315s] -- Up-to-date symlink: /home/owl/projects/turtlebot3_color_detector_ws/install/turtlebot3_msgs/local/lib/python3.10/dist-packages/turtlebot3_msgs/srv/_dqn_s.c
[3.316s] -- Up-to-date symlink: /home/owl/projects/turtlebot3_color_detector_ws/install/turtlebot3_msgs/local/lib/python3.10/dist-packages/turtlebot3_msgs/srv/_goal.py
[3.317s] -- Up-to-date symlink: /home/owl/projects/turtlebot3_color_detector_ws/install/turtlebot3_msgs/local/lib/python3.10/dist-packages/turtlebot3_msgs/srv/_goal_s.c
[3.319s] -- Up-to-date symlink: /home/owl/projects/turtlebot3_color_detector_ws/install/turtlebot3_msgs/local/lib/python3.10/dist-packages/turtlebot3_msgs/srv/_sound.py
[3.320s] -- Up-to-date symlink: /home/owl/projects/turtlebot3_color_detector_ws/install/turtlebot3_msgs/local/lib/python3.10/dist-packages/turtlebot3_msgs/srv/_sound_s.c
[3.321s] -- Up-to-date symlink: /home/owl/projects/turtlebot3_color_detector_ws/install/turtlebot3_msgs/local/lib/python3.10/dist-packages/turtlebot3_msgs/turtlebot3_msgs_s__rosidl_typesupport_c.cpython-310-x86_64-linux-gnu.so
[3.323s] -- Up-to-date symlink: /home/owl/projects/turtlebot3_color_detector_ws/install/turtlebot3_msgs/local/lib/python3.10/dist-packages/turtlebot3_msgs/turtlebot3_msgs_s__rosidl_typesupport_fastrtps_c.cpython-310-x86_64-linux-gnu.so
[3.329s] -- Up-to-date symlink: /home/owl/projects/turtlebot3_color_detector_ws/install/turtlebot3_msgs/local/lib/python3.10/dist-packages/turtlebot3_msgs/turtlebot3_msgs_s__rosidl_typesupport_introspection_c.cpython-310-x86_64-linux-gnu.so
[3.330s] -- Up-to-date symlink: /home/owl/projects/turtlebot3_color_detector_ws/install/turtlebot3_msgs/local/lib/python3.10/dist-packages/turtlebot3_msgs/turtlebot3_msgs_s__rosidl_typesupport_fastrtps_c.cpython-310-x86_64-linux-gnu.so
[3.330s] -- Up-to-date symlink: /home/owl/projects/turtlebot3_color_detector_ws/install/turtlebot3_msgs/local/lib/python3.10/dist-packages/turtlebot3_msgs/turtlebot3_msgs_s__rosidl_typesupport_introspection_c.cpython-310-x86_64-linux-gnu.so
[3.331s] -- Up-to-date symlink: /home/owl/projects/turtlebot3_color_detector_ws/install/turtlebot3_msgs/local/lib/python3.10/dist-packages/turtlebot3_msgs/turtlebot3_msgs_s__rosidl_typesupport_c.cpython-310-x86_64-linux-gnu.so
[3.331s] -- Up-to-date symlink: /home/owl/projects/turtlebot3_color_detector_ws/install/turtlebot3_msgs/share/turtlebot3_msgs/msg/SensorState.idl
[3.332s] -- Up-to-date symlink: /home/owl/projects/turtlebot3_color_detector_ws/install/turtlebot3_msgs/share/turtlebot3_msgs/msg/Sound.idl
[3.332s] -- Up-to-date symlink: /home/owl/projects/turtlebot3_color_detector_ws/install/turtlebot3_msgs/share/turtlebot3_msgs/msg/VersionInfo.idl
[3.332s] -- Up-to-date symlink: /home/owl/projects/turtlebot3_color_detector_ws/install/turtlebot3_msgs/share/turtlebot3_msgs/srv/Sound.idl
[3.336s] -- Up-to-date symlink: /home/owl/projects/turtlebot3_color_detector_ws/install/turtlebot3_msgs/share/turtlebot3_msgs/srv/Dqn.idl
[3.336s] -- Up-to-date symlink: /home/owl/projects/turtlebot3_color_detector_ws/install/turtlebot3_msgs/share/turtlebot3_msgs/srv/Goal.idl
[3.339s] -- Up-to-date symlink: /home/owl/projects/turtlebot3_color_detector_ws/install/turtlebot3_msgs/share/turtlebot3_msgs/action/Patrol.idl
[3.339s] -- Up-to-date symlink: /home/owl/projects/turtlebot3_color_detector_ws/install/turtlebot3_msgs/share/turtlebot3_msgs/msg/SensorState.msg
[3.341s] -- Up-to-date symlink: /home/owl/projects/turtlebot3_color_detector_ws/install/turtlebot3_msgs/share/turtlebot3_msgs/msg/Sound.msg
[3.342s] -- Up-to-date symlink: /home/owl/projects/turtlebot3_color_detector_ws/install/turtlebot3_msgs/share/turtlebot3_msgs/msg/VersionInfo.msg
[3.342s] -- Up-to-date symlink: /home/owl/projects/turtlebot3_color_detector_ws/install/turtlebot3_msgs/share/turtlebot3_msgs/srv/Sound.srv
[3.342s] -- Up-to-date symlink: /home/owl/projects/turtlebot3_color_detector_ws/install/turtlebot3_msgs/share/turtlebot3_msgs/srv/Sound_Request.msg
[3.343s] -- Up-to-date symlink: /home/owl/projects/turtlebot3_color_detector_ws/install/turtlebot3_msgs/share/turtlebot3_msgs/srv/Sound_Response.msg
[3.343s] -- Up-to-date symlink: /home/owl/projects/turtlebot3_color_detector_ws/install/turtlebot3_msgs/share/turtlebot3_msgs/srv/Dqn.srv
[3.343s] -- Up-to-date symlink: /home/owl/projects/turtlebot3_color_detector_ws/install/turtlebot3_msgs/share/turtlebot3_msgs/srv/Dqn_Request.msg
[3.344s] -- Up-to-date symlink: /home/owl/projects/turtlebot3_color_detector_ws/install/turtlebot3_msgs/share/turtlebot3_msgs/srv/Dqn_Response.msg
[3.344s] -- Up-to-date symlink: /home/owl/projects/turtlebot3_color_detector_ws/install/turtlebot3_msgs/share/turtlebot3_msgs/srv/Goal.srv
[3.346s] -- Up-to-date symlink: /home/owl/projects/turtlebot3_color_detector_ws/install/turtlebot3_msgs/share/turtlebot3_msgs/srv/Goal_Request.msg
[3.347s] -- Up-to-date symlink: /home/owl/projects/turtlebot3_color_detector_ws/install/turtlebot3_msgs/share/turtlebot3_msgs/srv/Goal_Response.msg
[3.347s] -- Up-to-date symlink: /home/owl/projects/turtlebot3_color_detector_ws/install/turtlebot3_msgs/share/turtlebot3_msgs/action/Patrol.action
[3.348s] -- Up-to-date symlink: /home/owl/projects/turtlebot3_color_detector_ws/install/turtlebot3_msgs/share/ament_index/resource_index/package_run_dependencies/turtlebot3_msgs
[3.348s] -- Up-to-date symlink: /home/owl/projects/turtlebot3_color_detector_ws/install/turtlebot3_msgs/share/ament_index/resource_index/parent_prefix_path/turtlebot3_msgs
[3.348s] -- Up-to-date symlink: /home/owl/projects/turtlebot3_color_detector_ws/install/turtlebot3_msgs/share/turtlebot3_msgs/environment/ament_prefix_path.sh
[3.349s] -- Up-to-date symlink: /home/owl/projects/turtlebot3_color_detector_ws/install/turtlebot3_msgs/share/turtlebot3_msgs/environment/ament_prefix_path.dsv
[3.350s] -- Up-to-date symlink: /home/owl/projects/turtlebot3_color_detector_ws/install/turtlebot3_msgs/share/turtlebot3_msgs/environment/path.sh
[3.357s] -- Up-to-date symlink: /home/owl/projects/turtlebot3_color_detector_ws/install/turtlebot3_msgs/share/turtlebot3_msgs/environment/path.dsv
[3.358s] -- Up-to-date symlink: /home/owl/projects/turtlebot3_color_detector_ws/install/turtlebot3_msgs/share/turtlebot3_msgs/local_setup.bash
[3.358s] -- Up-to-date symlink: /home/owl/projects/turtlebot3_color_detector_ws/install/turtlebot3_msgs/share/turtlebot3_msgs/local_setup.sh
[3.358s] -- Up-to-date symlink: /home/owl/projects/turtlebot3_color_detector_ws/install/turtlebot3_msgs/share/turtlebot3_msgs/local_setup.zsh
[3.358s] -- Up-to-date symlink: /home/owl/projects/turtlebot3_color_detector_ws/install/turtlebot3_msgs/share/turtlebot3_msgs/local_setup.dsv
[3.359s] -- Symlinking: /home/owl/projects/turtlebot3_color_detector_ws/install/turtlebot3_msgs/share/turtlebot3_msgs/package.dsv
[3.395s] -- Up-to-date symlink: /home/owl/projects/turtlebot3_color_detector_ws/install/turtlebot3_msgs/share/ament_index/resource_index/packages/turtlebot3_msgs
[3.395s] -- Up-to-date symlink: /home/owl/projects/turtlebot3_color_detector_ws/install/turtlebot3_msgs/share/turtlebot3_msgs/cmake/rosidl_cmake-extras.cmake
[3.396s] -- Up-to-date symlink: /home/owl/projects/turtlebot3_color_detector_ws/install/turtlebot3_msgs/share/turtlebot3_msgs/cmake/ament_cmake_export_dependencies-extras.cmake
[3.397s] -- Up-to-date symlink: /home/owl/projects/turtlebot3_color_detector_ws/install/turtlebot3_msgs/share/turtlebot3_msgs/cmake/ament_cmake_export_include_directories-extras.cmake
[3.398s] -- Up-to-date symlink: /home/owl/projects/turtlebot3_color_detector_ws/install/turtlebot3_msgs/share/turtlebot3_msgs/cmake/ament_cmake_export_libraries-extras.cmake
[3.400s] -- Up-to-date symlink: /home/owl/projects/turtlebot3_color_detector_ws/install/turtlebot3_msgs/share/turtlebot3_msgs/cmake/ament_cmake_export_targets-extras.cmake
[3.400s] -- Up-to-date symlink: /home/owl/projects/turtlebot3_color_detector_ws/install/turtlebot3_msgs/share/turtlebot3_msgs/cmake/rosidl_cmake_export_typesupport_targets-extras.cmake
[3.407s] -- Up-to-date symlink: /home/owl/projects/turtlebot3_color_detector_ws/install/turtlebot3_msgs/share/turtlebot3_msgs/cmake/rosidl_cmake_export_typesupport_libraries-extras.cmake
[3.408s] -- Up-to-date symlink: /home/owl/projects/turtlebot3_color_detector_ws/install/turtlebot3_msgs/share/turtlebot3_msgs/cmake/turtlebot3_msgsConfig.cmake
[3.409s] -- Up-to-date symlink: /home/owl/projects/turtlebot3_color_detector_ws/install/turtlebot3_msgs/share/turtlebot3_msgs/cmake/turtlebot3_msgsConfig-version.cmake
[3.409s] -- Up-to-date symlink: /home/owl/projects/turtlebot3_color_detector_ws/install/turtlebot3_msgs/share/turtlebot3_msgs/package.xml
[3.410s] -- Up-to-date: /home/owl/projects/turtlebot3_color_detector_ws/install/turtlebot3_msgs/lib/libturtlebot3_msgs__rosidl_generator_c.so
[3.413s] -- Up-to-date: /home/owl/projects/turtlebot3_color_detector_ws/install/turtlebot3_msgs/lib/libturtlebot3_msgs__rosidl_typesupport_fastrtps_c.so
[3.413s] -- Up-to-date: /home/owl/projects/turtlebot3_color_detector_ws/install/turtlebot3_msgs/lib/libturtlebot3_msgs__rosidl_typesupport_fastrtps_cpp.so
[3.413s] -- Up-to-date: /home/owl/projects/turtlebot3_color_detector_ws/install/turtlebot3_msgs/lib/libturtlebot3_msgs__rosidl_typesupport_introspection_c.so
[3.414s] -- Up-to-date: /home/owl/projects/turtlebot3_color_detector_ws/install/turtlebot3_msgs/lib/libturtlebot3_msgs__rosidl_typesupport_c.so
[3.414s] -- Up-to-date: /home/owl/projects/turtlebot3_color_detector_ws/install/turtlebot3_msgs/lib/libturtlebot3_msgs__rosidl_typesupport_introspection_cpp.so
[3.415s] -- Up-to-date: /home/owl/projects/turtlebot3_color_detector_ws/install/turtlebot3_msgs/lib/libturtlebot3_msgs__rosidl_typesupport_cpp.so
[3.541s] Listing '/home/owl/projects/turtlebot3_color_detector_ws/install/turtlebot3_msgs/local/lib/python3.10/dist-packages/turtlebot3_msgs'...
[3.542s] Listing '/home/owl/projects/turtlebot3_color_detector_ws/install/turtlebot3_msgs/local/lib/python3.10/dist-packages/turtlebot3_msgs/action'...
[3.542s] Listing '/home/owl/projects/turtlebot3_color_detector_ws/install/turtlebot3_msgs/local/lib/python3.10/dist-packages/turtlebot3_msgs/msg'...
[3.542s] Listing '/home/owl/projects/turtlebot3_color_detector_ws/install/turtlebot3_msgs/local/lib/python3.10/dist-packages/turtlebot3_msgs/srv'...
[3.556s] -- Up-to-date: /home/owl/projects/turtlebot3_color_detector_ws/install/turtlebot3_msgs/lib/libturtlebot3_msgs__rosidl_generator_py.so
[3.557s] -- Up-to-date: /home/owl/projects/turtlebot3_color_detector_ws/install/turtlebot3_msgs/share/turtlebot3_msgs/cmake/export_turtlebot3_msgs__rosidl_generator_cExport.cmake
[3.562s] -- Up-to-date: /home/owl/projects/turtlebot3_color_detector_ws/install/turtlebot3_msgs/share/turtlebot3_msgs/cmake/export_turtlebot3_msgs__rosidl_generator_cExport-noconfig.cmake
[3.562s] -- Up-to-date: /home/owl/projects/turtlebot3_color_detector_ws/install/turtlebot3_msgs/share/turtlebot3_msgs/cmake/export_turtlebot3_msgs__rosidl_typesupport_fastrtps_cExport.cmake
[3.562s] -- Up-to-date: /home/owl/projects/turtlebot3_color_detector_ws/install/turtlebot3_msgs/share/turtlebot3_msgs/cmake/export_turtlebot3_msgs__rosidl_typesupport_fastrtps_cExport-noconfig.cmake
[3.562s] -- Up-to-date: /home/owl/projects/turtlebot3_color_detector_ws/install/turtlebot3_msgs/share/turtlebot3_msgs/cmake/export_turtlebot3_msgs__rosidl_generator_cppExport.cmake
[3.563s] -- Up-to-date: /home/owl/projects/turtlebot3_color_detector_ws/install/turtlebot3_msgs/share/turtlebot3_msgs/cmake/export_turtlebot3_msgs__rosidl_typesupport_fastrtps_cppExport.cmake
[3.563s] -- Up-to-date: /home/owl/projects/turtlebot3_color_detector_ws/install/turtlebot3_msgs/share/turtlebot3_msgs/cmake/export_turtlebot3_msgs__rosidl_typesupport_fastrtps_cppExport-noconfig.cmake
[3.563s] -- Up-to-date: /home/owl/projects/turtlebot3_color_detector_ws/install/turtlebot3_msgs/share/turtlebot3_msgs/cmake/turtlebot3_msgs__rosidl_typesupport_introspection_cExport.cmake
[3.564s] -- Up-to-date: /home/owl/projects/turtlebot3_color_detector_ws/install/turtlebot3_msgs/share/turtlebot3_msgs/cmake/turtlebot3_msgs__rosidl_typesupport_introspection_cExport-noconfig.cmake
[3.564s] -- Up-to-date: /home/owl/projects/turtlebot3_color_detector_ws/install/turtlebot3_msgs/share/turtlebot3_msgs/cmake/turtlebot3_msgs__rosidl_typesupport_cExport.cmake
[3.564s] -- Up-to-date: /home/owl/projects/turtlebot3_color_detector_ws/install/turtlebot3_msgs/share/turtlebot3_msgs/cmake/turtlebot3_msgs__rosidl_typesupport_cExport-noconfig.cmake
[3.564s] -- Up-to-date: /home/owl/projects/turtlebot3_color_detector_ws/install/turtlebot3_msgs/share/turtlebot3_msgs/cmake/turtlebot3_msgs__rosidl_typesupport_introspection_cppExport.cmake
[3.565s] -- Up-to-date: /home/owl/projects/turtlebot3_color_detector_ws/install/turtlebot3_msgs/share/turtlebot3_msgs/cmake/turtlebot3_msgs__rosidl_typesupport_introspection_cppExport-noconfig.cmake
[3.565s] -- Up-to-date: /home/owl/projects/turtlebot3_color_detector_ws/install/turtlebot3_msgs/share/turtlebot3_msgs/cmake/turtlebot3_msgs__rosidl_typesupport_cppExport.cmake
[3.565s] -- Up-to-date: /home/owl/projects/turtlebot3_color_detector_ws/install/turtlebot3_msgs/share/turtlebot3_msgs/cmake/turtlebot3_msgs__rosidl_typesupport_cppExport-noconfig.cmake
[3.565s] -- Up-to-date: /home/owl/projects/turtlebot3_color_detector_ws/install/turtlebot3_msgs/share/turtlebot3_msgs/cmake/export_turtlebot3_msgs__rosidl_generator_pyExport.cmake
[3.566s] -- Up-to-date: /home/owl/projects/turtlebot3_color_detector_ws/install/turtlebot3_msgs/share/turtlebot3_msgs/cmake/export_turtlebot3_msgs__rosidl_generator_pyExport-noconfig.cmake
[3.579s] Invoked command in '/home/owl/projects/turtlebot3_color_detector_ws/build/turtlebot3_msgs' returned '0': CMAKE_PREFIX_PATH=/opt/ros/humble /usr/bin/cmake --install /home/owl/projects/turtlebot3_color_detector_ws/build/turtlebot3_msgs
