[2.315s] Invoking command in '/home/owl/projects/turtlebot3_color_detector_ws/build/turtlebot3_node': AMENT_PREFIX_PATH=/home/owl/projects/turtlebot3_color_detector_ws/install/turtlebot3_msgs:${AMENT_PREFIX_PATH} CMAKE_PREFIX_PATH=/home/owl/projects/turtlebot3_color_detector_ws/install/turtlebot3_msgs:/opt/ros/humble LD_LIBRARY_PATH=/home/owl/projects/turtlebot3_color_detector_ws/install/turtlebot3_msgs/lib:${LD_LIBRARY_PATH} PYTHONPATH=/home/owl/projects/turtlebot3_color_detector_ws/install/turtlebot3_msgs/local/lib/python3.10/dist-packages:${PYTHONPATH} /usr/bin/cmake --build /home/owl/projects/turtlebot3_color_detector_ws/build/turtlebot3_node -- -j8 -l8
[3.179s] [ 85%] Built target turtlebot3_node_lib
[3.441s] [100%] Built target turtlebot3_ros
[3.536s] Invoked command in '/home/owl/projects/turtlebot3_color_detector_ws/build/turtlebot3_node' returned '0': AMENT_PREFIX_PATH=/home/owl/projects/turtlebot3_color_detector_ws/install/turtlebot3_msgs:${AMENT_PREFIX_PATH} CMAKE_PREFIX_PATH=/home/owl/projects/turtlebot3_color_detector_ws/install/turtlebot3_msgs:/opt/ros/humble LD_LIBRARY_PATH=/home/owl/projects/turtlebot3_color_detector_ws/install/turtlebot3_msgs/lib:${LD_LIBRARY_PATH} PYTHONPATH=/home/owl/projects/turtlebot3_color_detector_ws/install/turtlebot3_msgs/local/lib/python3.10/dist-packages:${PYTHONPATH} /usr/bin/cmake --build /home/owl/projects/turtlebot3_color_detector_ws/build/turtlebot3_node -- -j8 -l8
[3.545s] Invoking command in '/home/owl/projects/turtlebot3_color_detector_ws/build/turtlebot3_node': AMENT_PREFIX_PATH=/home/owl/projects/turtlebot3_color_detector_ws/install/turtlebot3_msgs:${AMENT_PREFIX_PATH} CMAKE_PREFIX_PATH=/home/owl/projects/turtlebot3_color_detector_ws/install/turtlebot3_msgs:/opt/ros/humble LD_LIBRARY_PATH=/home/owl/projects/turtlebot3_color_detector_ws/install/turtlebot3_msgs/lib:${LD_LIBRARY_PATH} PYTHONPATH=/home/owl/projects/turtlebot3_color_detector_ws/install/turtlebot3_msgs/local/lib/python3.10/dist-packages:${PYTHONPATH} /usr/bin/cmake --install /home/owl/projects/turtlebot3_color_detector_ws/build/turtlebot3_node
[3.684s] -- Install configuration: ""
[3.689s] -- Execute custom install script
[3.732s] -- Up-to-date symlink: /home/owl/projects/turtlebot3_color_detector_ws/install/turtlebot3_node/share/turtlebot3_node/param/burger.yaml
[3.775s] -- Up-to-date symlink: /home/owl/projects/turtlebot3_color_detector_ws/install/turtlebot3_node/share/turtlebot3_node/param/waffle.yaml
[3.776s] -- Up-to-date symlink: /home/owl/projects/turtlebot3_color_detector_ws/install/turtlebot3_node/share/turtlebot3_node/param/waffle_pi.yaml
[3.777s] -- Up-to-date symlink: /home/owl/projects/turtlebot3_color_detector_ws/install/turtlebot3_node/lib/turtlebot3_node/turtlebot3_ros
[3.779s] -- Up-to-date symlink: /home/owl/projects/turtlebot3_color_detector_ws/install/turtlebot3_node/share/ament_index/resource_index/package_run_dependencies/turtlebot3_node
[3.780s] -- Up-to-date symlink: /home/owl/projects/turtlebot3_color_detector_ws/install/turtlebot3_node/share/ament_index/resource_index/parent_prefix_path/turtlebot3_node
[3.782s] -- Up-to-date symlink: /home/owl/projects/turtlebot3_color_detector_ws/install/turtlebot3_node/share/turtlebot3_node/environment/ament_prefix_path.sh
[3.795s] -- Up-to-date symlink: /home/owl/projects/turtlebot3_color_detector_ws/install/turtlebot3_node/share/turtlebot3_node/environment/ament_prefix_path.dsv
[3.802s] -- Up-to-date symlink: /home/owl/projects/turtlebot3_color_detector_ws/install/turtlebot3_node/share/turtlebot3_node/environment/path.sh
[3.811s] -- Up-to-date symlink: /home/owl/projects/turtlebot3_color_detector_ws/install/turtlebot3_node/share/turtlebot3_node/environment/path.dsv
[3.813s] -- Up-to-date symlink: /home/owl/projects/turtlebot3_color_detector_ws/install/turtlebot3_node/share/turtlebot3_node/local_setup.bash
[3.827s] -- Up-to-date symlink: /home/owl/projects/turtlebot3_color_detector_ws/install/turtlebot3_node/share/turtlebot3_node/local_setup.sh
[3.828s] -- Up-to-date symlink: /home/owl/projects/turtlebot3_color_detector_ws/install/turtlebot3_node/share/turtlebot3_node/local_setup.zsh
[3.830s] -- Up-to-date symlink: /home/owl/projects/turtlebot3_color_detector_ws/install/turtlebot3_node/share/turtlebot3_node/local_setup.dsv
[3.842s] -- Symlinking: /home/owl/projects/turtlebot3_color_detector_ws/install/turtlebot3_node/share/turtlebot3_node/package.dsv
[3.927s] -- Up-to-date symlink: /home/owl/projects/turtlebot3_color_detector_ws/install/turtlebot3_node/share/ament_index/resource_index/packages/turtlebot3_node
[3.932s] -- Up-to-date symlink: /home/owl/projects/turtlebot3_color_detector_ws/install/turtlebot3_node/share/turtlebot3_node/cmake/ament_cmake_export_include_directories-extras.cmake
[3.951s] -- Up-to-date symlink: /home/owl/projects/turtlebot3_color_detector_ws/install/turtlebot3_node/share/turtlebot3_node/cmake/turtlebot3_nodeConfig.cmake
[3.954s] -- Up-to-date symlink: /home/owl/projects/turtlebot3_color_detector_ws/install/turtlebot3_node/share/turtlebot3_node/cmake/turtlebot3_nodeConfig-version.cmake
[3.955s] -- Up-to-date symlink: /home/owl/projects/turtlebot3_color_detector_ws/install/turtlebot3_node/share/turtlebot3_node/package.xml
[3.963s] Invoked command in '/home/owl/projects/turtlebot3_color_detector_ws/build/turtlebot3_node' returned '0': AMENT_PREFIX_PATH=/home/owl/projects/turtlebot3_color_detector_ws/install/turtlebot3_msgs:${AMENT_PREFIX_PATH} CMAKE_PREFIX_PATH=/home/owl/projects/turtlebot3_color_detector_ws/install/turtlebot3_msgs:/opt/ros/humble LD_LIBRARY_PATH=/home/owl/projects/turtlebot3_color_detector_ws/install/turtlebot3_msgs/lib:${LD_LIBRARY_PATH} PYTHONPATH=/home/owl/projects/turtlebot3_color_detector_ws/install/turtlebot3_msgs/local/lib/python3.10/dist-packages:${PYTHONPATH} /usr/bin/cmake --install /home/owl/projects/turtlebot3_color_detector_ws/build/turtlebot3_node
