[0.141s] Invoking command in '/home/owl/projects/turtlebot3_color_detector_ws/build/turtlebot3_navigation2': CMAKE_PREFIX_PATH=${CMAKE_PREFIX_PATH}:/home/owl/projects/turtlebot3_color_detector_ws/install/turtlebot3_teleop:/home/owl/projects/turtlebot3_color_detector_ws/install/turtlebot3_example:/home/owl/projects/turtlebot3_color_detector_ws/install/turtlebot3_cv:/opt/ros/humble /usr/bin/cmake --build /home/owl/projects/turtlebot3_color_detector_ws/build/turtlebot3_navigation2 -- -j8 -l8
[2.634s] Invoked command in '/home/owl/projects/turtlebot3_color_detector_ws/build/turtlebot3_navigation2' returned '0': CMAKE_PREFIX_PATH=${CMAKE_PREFIX_PATH}:/home/owl/projects/turtlebot3_color_detector_ws/install/turtlebot3_teleop:/home/owl/projects/turtlebot3_color_detector_ws/install/turtlebot3_example:/home/owl/projects/turtlebot3_color_detector_ws/install/turtlebot3_cv:/opt/ros/humble /usr/bin/cmake --build /home/owl/projects/turtlebot3_color_detector_ws/build/turtlebot3_navigation2 -- -j8 -l8
[2.642s] Invoking command in '/home/owl/projects/turtlebot3_color_detector_ws/build/turtlebot3_navigation2': CMAKE_PREFIX_PATH=${CMAKE_PREFIX_PATH}:/home/owl/projects/turtlebot3_color_detector_ws/install/turtlebot3_teleop:/home/owl/projects/turtlebot3_color_detector_ws/install/turtlebot3_example:/home/owl/projects/turtlebot3_color_detector_ws/install/turtlebot3_cv:/opt/ros/humble /usr/bin/cmake --install /home/owl/projects/turtlebot3_color_detector_ws/build/turtlebot3_navigation2
[2.825s] -- Install configuration: ""
[2.825s] -- Execute custom install script
[2.825s] -- Up-to-date symlink: /home/owl/projects/turtlebot3_color_detector_ws/install/turtlebot3_navigation2/share/turtlebot3_navigation2/launch/navigation2.launch.py
[2.825s] -- Up-to-date symlink: /home/owl/projects/turtlebot3_color_detector_ws/install/turtlebot3_navigation2/share/turtlebot3_navigation2/map/map.pgm
[2.825s] -- Up-to-date symlink: /home/owl/projects/turtlebot3_color_detector_ws/install/turtlebot3_navigation2/share/turtlebot3_navigation2/map/map.yaml
[2.826s] -- Up-to-date symlink: /home/owl/projects/turtlebot3_color_detector_ws/install/turtlebot3_navigation2/share/turtlebot3_navigation2/param/burger.yaml
[2.826s] -- Up-to-date symlink: /home/owl/projects/turtlebot3_color_detector_ws/install/turtlebot3_navigation2/share/turtlebot3_navigation2/param/waffle.yaml
[2.827s] -- Up-to-date symlink: /home/owl/projects/turtlebot3_color_detector_ws/install/turtlebot3_navigation2/share/turtlebot3_navigation2/param/waffle_pi.yaml
[2.827s] -- Up-to-date symlink: /home/owl/projects/turtlebot3_color_detector_ws/install/turtlebot3_navigation2/share/turtlebot3_navigation2/rviz/tb3_navigation2.rviz
[2.827s] -- Up-to-date symlink: /home/owl/projects/turtlebot3_color_detector_ws/install/turtlebot3_navigation2/share/ament_index/resource_index/package_run_dependencies/turtlebot3_navigation2
[2.827s] -- Up-to-date symlink: /home/owl/projects/turtlebot3_color_detector_ws/install/turtlebot3_navigation2/share/ament_index/resource_index/parent_prefix_path/turtlebot3_navigation2
[2.827s] -- Up-to-date symlink: /home/owl/projects/turtlebot3_color_detector_ws/install/turtlebot3_navigation2/share/turtlebot3_navigation2/environment/ament_prefix_path.sh
[2.828s] -- Up-to-date symlink: /home/owl/projects/turtlebot3_color_detector_ws/install/turtlebot3_navigation2/share/turtlebot3_navigation2/environment/ament_prefix_path.dsv
[2.828s] -- Up-to-date symlink: /home/owl/projects/turtlebot3_color_detector_ws/install/turtlebot3_navigation2/share/turtlebot3_navigation2/environment/path.sh
[2.828s] -- Up-to-date symlink: /home/owl/projects/turtlebot3_color_detector_ws/install/turtlebot3_navigation2/share/turtlebot3_navigation2/environment/path.dsv
[2.828s] -- Up-to-date symlink: /home/owl/projects/turtlebot3_color_detector_ws/install/turtlebot3_navigation2/share/turtlebot3_navigation2/local_setup.bash
[2.829s] -- Up-to-date symlink: /home/owl/projects/turtlebot3_color_detector_ws/install/turtlebot3_navigation2/share/turtlebot3_navigation2/local_setup.sh
[2.829s] -- Up-to-date symlink: /home/owl/projects/turtlebot3_color_detector_ws/install/turtlebot3_navigation2/share/turtlebot3_navigation2/local_setup.zsh
[2.829s] -- Up-to-date symlink: /home/owl/projects/turtlebot3_color_detector_ws/install/turtlebot3_navigation2/share/turtlebot3_navigation2/local_setup.dsv
[2.832s] -- Symlinking: /home/owl/projects/turtlebot3_color_detector_ws/install/turtlebot3_navigation2/share/turtlebot3_navigation2/package.dsv
[2.832s] -- Up-to-date symlink: /home/owl/projects/turtlebot3_color_detector_ws/install/turtlebot3_navigation2/share/ament_index/resource_index/packages/turtlebot3_navigation2
[2.834s] -- Up-to-date symlink: /home/owl/projects/turtlebot3_color_detector_ws/install/turtlebot3_navigation2/share/turtlebot3_navigation2/cmake/turtlebot3_navigation2Config.cmake
[2.834s] -- Up-to-date symlink: /home/owl/projects/turtlebot3_color_detector_ws/install/turtlebot3_navigation2/share/turtlebot3_navigation2/cmake/turtlebot3_navigation2Config-version.cmake
[2.835s] -- Up-to-date symlink: /home/owl/projects/turtlebot3_color_detector_ws/install/turtlebot3_navigation2/share/turtlebot3_navigation2/package.xml
[3.102s] Invoked command in '/home/owl/projects/turtlebot3_color_detector_ws/build/turtlebot3_navigation2' returned '0': CMAKE_PREFIX_PATH=${CMAKE_PREFIX_PATH}:/home/owl/projects/turtlebot3_color_detector_ws/install/turtlebot3_teleop:/home/owl/projects/turtlebot3_color_detector_ws/install/turtlebot3_example:/home/owl/projects/turtlebot3_color_detector_ws/install/turtlebot3_cv:/opt/ros/humble /usr/bin/cmake --install /home/owl/projects/turtlebot3_color_detector_ws/build/turtlebot3_navigation2
