running develop
Removing /home/owl/projects/turtlebot3_color_detector_ws/install/turtlebot3_cv/lib/python3.10/site-packages/turtlebot3-cv.egg-link (link to .)
running egg_info
writing ../../build/turtlebot3_cv/turtlebot3_cv.egg-info/PKG-INFO
writing dependency_links to ../../build/turtlebot3_cv/turtlebot3_cv.egg-info/dependency_links.txt
writing entry points to ../../build/turtlebot3_cv/turtlebot3_cv.egg-info/entry_points.txt
writing requirements to ../../build/turtlebot3_cv/turtlebot3_cv.egg-info/requires.txt
writing top-level names to ../../build/turtlebot3_cv/turtlebot3_cv.egg-info/top_level.txt
reading manifest file '../../build/turtlebot3_cv/turtlebot3_cv.egg-info/SOURCES.txt'
writing manifest file '../../build/turtlebot3_cv/turtlebot3_cv.egg-info/SOURCES.txt'
running build
running build_py
creating /home/owl/projects/turtlebot3_color_detector_ws/build/turtlebot3_cv/build
creating /home/owl/projects/turtlebot3_color_detector_ws/build/turtlebot3_cv/build/lib
creating /home/owl/projects/turtlebot3_color_detector_ws/build/turtlebot3_cv/build/lib/turtlebot3_cv
copying turtlebot3_cv/image_subscriber.py -> /home/owl/projects/turtlebot3_color_detector_ws/build/turtlebot3_cv/build/lib/turtlebot3_cv
copying turtlebot3_cv/__init__.py -> /home/owl/projects/turtlebot3_color_detector_ws/build/turtlebot3_cv/build/lib/turtlebot3_cv
copying turtlebot3_cv/color_detector.py -> /home/owl/projects/turtlebot3_color_detector_ws/build/turtlebot3_cv/build/lib/turtlebot3_cv
running install
running install_lib
creating /home/owl/projects/turtlebot3_color_detector_ws/install/turtlebot3_cv/lib/python3.10/site-packages/turtlebot3_cv
copying /home/owl/projects/turtlebot3_color_detector_ws/build/turtlebot3_cv/build/lib/turtlebot3_cv/image_subscriber.py -> /home/owl/projects/turtlebot3_color_detector_ws/install/turtlebot3_cv/lib/python3.10/site-packages/turtlebot3_cv
copying /home/owl/projects/turtlebot3_color_detector_ws/build/turtlebot3_cv/build/lib/turtlebot3_cv/__init__.py -> /home/owl/projects/turtlebot3_color_detector_ws/install/turtlebot3_cv/lib/python3.10/site-packages/turtlebot3_cv
copying /home/owl/projects/turtlebot3_color_detector_ws/build/turtlebot3_cv/build/lib/turtlebot3_cv/color_detector.py -> /home/owl/projects/turtlebot3_color_detector_ws/install/turtlebot3_cv/lib/python3.10/site-packages/turtlebot3_cv
byte-compiling /home/owl/projects/turtlebot3_color_detector_ws/install/turtlebot3_cv/lib/python3.10/site-packages/turtlebot3_cv/image_subscriber.py to image_subscriber.cpython-310.pyc
byte-compiling /home/owl/projects/turtlebot3_color_detector_ws/install/turtlebot3_cv/lib/python3.10/site-packages/turtlebot3_cv/__init__.py to __init__.cpython-310.pyc
byte-compiling /home/owl/projects/turtlebot3_color_detector_ws/install/turtlebot3_cv/lib/python3.10/site-packages/turtlebot3_cv/color_detector.py to color_detector.cpython-310.pyc
running install_data
copying package.xml -> /home/owl/projects/turtlebot3_color_detector_ws/install/turtlebot3_cv/share/turtlebot3_cv
running install_egg_info
Copying ../../build/turtlebot3_cv/turtlebot3_cv.egg-info to /home/owl/projects/turtlebot3_color_detector_ws/install/turtlebot3_cv/lib/python3.10/site-packages/turtlebot3_cv-0.0.0-py3.10.egg-info
running install_scripts
Installing color_detector script to /home/owl/projects/turtlebot3_color_detector_ws/install/turtlebot3_cv/lib/turtlebot3_cv
Installing image_subscriber script to /home/owl/projects/turtlebot3_color_detector_ws/install/turtlebot3_cv/lib/turtlebot3_cv
writing list of installed files to '/home/owl/projects/turtlebot3_color_detector_ws/build/turtlebot3_cv/install.log'
