[2.159s] Invoking command in '/home/owl/projects/turtlebot3_color_detector_ws/build/turtlebot3_cv': PYTHONPATH=/home/owl/projects/turtlebot3_color_detector_ws/build/turtlebot3_cv/prefix_override:/usr/lib/python3/dist-packages/colcon_core/task/python/colcon_distutils_commands:/home/owl/projects/turtlebot3_color_detector_ws/install/turtlebot3_cv/lib/python3.10/site-packages:${PYTHONPATH} /usr/bin/python3 -W ignore:setup.py install is deprecated -W ignore:easy_install command is deprecated setup.py develop --uninstall --editable --build-directory /home/owl/projects/turtlebot3_color_detector_ws/build/turtlebot3_cv/build
[2.742s] running develop
[3.112s] Removing /home/owl/projects/turtlebot3_color_detector_ws/install/turtlebot3_cv/lib/python3.10/site-packages/turtlebot3-cv.egg-link (link to .)
[3.160s] Invoked command in '/home/owl/projects/turtlebot3_color_detector_ws/build/turtlebot3_cv' returned '0': PYTHONPATH=/home/owl/projects/turtlebot3_color_detector_ws/build/turtlebot3_cv/prefix_override:/usr/lib/python3/dist-packages/colcon_core/task/python/colcon_distutils_commands:/home/owl/projects/turtlebot3_color_detector_ws/install/turtlebot3_cv/lib/python3.10/site-packages:${PYTHONPATH} /usr/bin/python3 -W ignore:setup.py install is deprecated -W ignore:easy_install command is deprecated setup.py develop --uninstall --editable --build-directory /home/owl/projects/turtlebot3_color_detector_ws/build/turtlebot3_cv/build
[3.163s] Invoking command in '/home/owl/projects/turtlebot3_color_detector_ws/src/turtlebot3_cv': PYTHONPATH=/home/owl/projects/turtlebot3_color_detector_ws/build/turtlebot3_cv/prefix_override:/usr/lib/python3/dist-packages/colcon_core/task/python/colcon_distutils_commands:/home/owl/projects/turtlebot3_color_detector_ws/install/turtlebot3_cv/lib/python3.10/site-packages:${PYTHONPATH} /usr/bin/python3 -W ignore:setup.py install is deprecated -W ignore:easy_install command is deprecated setup.py egg_info --egg-base ../../build/turtlebot3_cv build --build-base /home/owl/projects/turtlebot3_color_detector_ws/build/turtlebot3_cv/build install --record /home/owl/projects/turtlebot3_color_detector_ws/build/turtlebot3_cv/install.log --single-version-externally-managed install_data --force
[3.786s] running egg_info
[3.789s] writing ../../build/turtlebot3_cv/turtlebot3_cv.egg-info/PKG-INFO
[3.790s] writing dependency_links to ../../build/turtlebot3_cv/turtlebot3_cv.egg-info/dependency_links.txt
[3.792s] writing entry points to ../../build/turtlebot3_cv/turtlebot3_cv.egg-info/entry_points.txt
[3.793s] writing requirements to ../../build/turtlebot3_cv/turtlebot3_cv.egg-info/requires.txt
[3.793s] writing top-level names to ../../build/turtlebot3_cv/turtlebot3_cv.egg-info/top_level.txt
[3.799s] reading manifest file '../../build/turtlebot3_cv/turtlebot3_cv.egg-info/SOURCES.txt'
[3.808s] writing manifest file '../../build/turtlebot3_cv/turtlebot3_cv.egg-info/SOURCES.txt'
[3.809s] running build
[3.809s] running build_py
[3.809s] creating /home/owl/projects/turtlebot3_color_detector_ws/build/turtlebot3_cv/build
[3.809s] creating /home/owl/projects/turtlebot3_color_detector_ws/build/turtlebot3_cv/build/lib
[3.809s] creating /home/owl/projects/turtlebot3_color_detector_ws/build/turtlebot3_cv/build/lib/turtlebot3_cv
[3.810s] copying turtlebot3_cv/image_subscriber.py -> /home/owl/projects/turtlebot3_color_detector_ws/build/turtlebot3_cv/build/lib/turtlebot3_cv
[3.811s] copying turtlebot3_cv/__init__.py -> /home/owl/projects/turtlebot3_color_detector_ws/build/turtlebot3_cv/build/lib/turtlebot3_cv
[3.812s] copying turtlebot3_cv/color_detector.py -> /home/owl/projects/turtlebot3_color_detector_ws/build/turtlebot3_cv/build/lib/turtlebot3_cv
[3.820s] running install
[3.821s] running install_lib
[3.821s] creating /home/owl/projects/turtlebot3_color_detector_ws/install/turtlebot3_cv/lib/python3.10/site-packages/turtlebot3_cv
[3.822s] copying /home/owl/projects/turtlebot3_color_detector_ws/build/turtlebot3_cv/build/lib/turtlebot3_cv/image_subscriber.py -> /home/owl/projects/turtlebot3_color_detector_ws/install/turtlebot3_cv/lib/python3.10/site-packages/turtlebot3_cv
[3.822s] copying /home/owl/projects/turtlebot3_color_detector_ws/build/turtlebot3_cv/build/lib/turtlebot3_cv/__init__.py -> /home/owl/projects/turtlebot3_color_detector_ws/install/turtlebot3_cv/lib/python3.10/site-packages/turtlebot3_cv
[3.823s] copying /home/owl/projects/turtlebot3_color_detector_ws/build/turtlebot3_cv/build/lib/turtlebot3_cv/color_detector.py -> /home/owl/projects/turtlebot3_color_detector_ws/install/turtlebot3_cv/lib/python3.10/site-packages/turtlebot3_cv
[3.828s] byte-compiling /home/owl/projects/turtlebot3_color_detector_ws/install/turtlebot3_cv/lib/python3.10/site-packages/turtlebot3_cv/image_subscriber.py to image_subscriber.cpython-310.pyc
[3.829s] byte-compiling /home/owl/projects/turtlebot3_color_detector_ws/install/turtlebot3_cv/lib/python3.10/site-packages/turtlebot3_cv/__init__.py to __init__.cpython-310.pyc
[3.830s] byte-compiling /home/owl/projects/turtlebot3_color_detector_ws/install/turtlebot3_cv/lib/python3.10/site-packages/turtlebot3_cv/color_detector.py to color_detector.cpython-310.pyc
[3.833s] running install_data
[3.840s] copying package.xml -> /home/owl/projects/turtlebot3_color_detector_ws/install/turtlebot3_cv/share/turtlebot3_cv
[3.841s] running install_egg_info
[3.848s] Copying ../../build/turtlebot3_cv/turtlebot3_cv.egg-info to /home/owl/projects/turtlebot3_color_detector_ws/install/turtlebot3_cv/lib/python3.10/site-packages/turtlebot3_cv-0.0.0-py3.10.egg-info
[3.858s] running install_scripts
[3.943s] Installing color_detector script to /home/owl/projects/turtlebot3_color_detector_ws/install/turtlebot3_cv/lib/turtlebot3_cv
[3.943s] Installing image_subscriber script to /home/owl/projects/turtlebot3_color_detector_ws/install/turtlebot3_cv/lib/turtlebot3_cv
[3.943s] writing list of installed files to '/home/owl/projects/turtlebot3_color_detector_ws/build/turtlebot3_cv/install.log'
[4.025s] Invoked command in '/home/owl/projects/turtlebot3_color_detector_ws/src/turtlebot3_cv' returned '0': PYTHONPATH=/home/owl/projects/turtlebot3_color_detector_ws/build/turtlebot3_cv/prefix_override:/usr/lib/python3/dist-packages/colcon_core/task/python/colcon_distutils_commands:/home/owl/projects/turtlebot3_color_detector_ws/install/turtlebot3_cv/lib/python3.10/site-packages:${PYTHONPATH} /usr/bin/python3 -W ignore:setup.py install is deprecated -W ignore:easy_install command is deprecated setup.py egg_info --egg-base ../../build/turtlebot3_cv build --build-base /home/owl/projects/turtlebot3_color_detector_ws/build/turtlebot3_cv/build install --record /home/owl/projects/turtlebot3_color_detector_ws/build/turtlebot3_cv/install.log --single-version-externally-managed install_data --force
