[3.981s] Invoking command in '/home/owl/projects/turtlebot3_color_detector_ws/src/turtlebot3/turtlebot3_example': AMENT_PREFIX_PATH=/home/owl/projects/turtlebot3_color_detector_ws/install/turtlebot3_msgs:${AMENT_PREFIX_PATH} CMAKE_PREFIX_PATH=/home/owl/projects/turtlebot3_color_detector_ws/install/turtlebot3_msgs LD_LIBRARY_PATH=/home/owl/projects/turtlebot3_color_detector_ws/install/turtlebot3_msgs/lib:${LD_LIBRARY_PATH} PYTHONPATH=/home/owl/projects/turtlebot3_color_detector_ws/build/turtlebot3_example/prefix_override:/usr/lib/python3/dist-packages/colcon_core/task/python/colcon_distutils_commands:/home/owl/projects/turtlebot3_color_detector_ws/install/turtlebot3_example/lib/python3.10/site-packages:/home/owl/projects/turtlebot3_color_detector_ws/install/turtlebot3_msgs/local/lib/python3.10/dist-packages:${PYTHONPATH} /usr/bin/python3 -W ignore:setup.py install is deprecated -W ignore:easy_install command is deprecated setup.py egg_info --egg-base ../../../build/turtlebot3_example build --build-base /home/owl/projects/turtlebot3_color_detector_ws/build/turtlebot3_example/build install --record /home/owl/projects/turtlebot3_color_detector_ws/build/turtlebot3_example/install.log --single-version-externally-managed install_data
[4.869s] running egg_info
[4.870s] writing ../../../build/turtlebot3_example/turtlebot3_example.egg-info/PKG-INFO
[4.870s] writing dependency_links to ../../../build/turtlebot3_example/turtlebot3_example.egg-info/dependency_links.txt
[4.870s] writing entry points to ../../../build/turtlebot3_example/turtlebot3_example.egg-info/entry_points.txt
[4.870s] writing requirements to ../../../build/turtlebot3_example/turtlebot3_example.egg-info/requires.txt
[4.871s] writing top-level names to ../../../build/turtlebot3_example/turtlebot3_example.egg-info/top_level.txt
[4.871s] reading manifest file '../../../build/turtlebot3_example/turtlebot3_example.egg-info/SOURCES.txt'
[4.883s] writing manifest file '../../../build/turtlebot3_example/turtlebot3_example.egg-info/SOURCES.txt'
[4.883s] running build
[4.883s] running build_py
[4.886s] running install
[4.887s] running install_lib
[4.894s] running install_data
[4.898s] running install_egg_info
[4.903s] removing '/home/owl/projects/turtlebot3_color_detector_ws/install/turtlebot3_example/lib/python3.10/site-packages/turtlebot3_example-2.1.5-py3.10.egg-info' (and everything under it)
[4.904s] Copying ../../../build/turtlebot3_example/turtlebot3_example.egg-info to /home/owl/projects/turtlebot3_color_detector_ws/install/turtlebot3_example/lib/python3.10/site-packages/turtlebot3_example-2.1.5-py3.10.egg-info
[4.907s] running install_scripts
[4.990s] Installing turtlebot3_obstacle_detection script to /home/owl/projects/turtlebot3_color_detector_ws/install/turtlebot3_example/lib/turtlebot3_example
[4.999s] Installing turtlebot3_patrol_client script to /home/owl/projects/turtlebot3_color_detector_ws/install/turtlebot3_example/lib/turtlebot3_example
[4.999s] Installing turtlebot3_patrol_server script to /home/owl/projects/turtlebot3_color_detector_ws/install/turtlebot3_example/lib/turtlebot3_example
[4.999s] Installing turtlebot3_position_control script to /home/owl/projects/turtlebot3_color_detector_ws/install/turtlebot3_example/lib/turtlebot3_example
[5.000s] writing list of installed files to '/home/owl/projects/turtlebot3_color_detector_ws/build/turtlebot3_example/install.log'
[5.069s] Invoked command in '/home/owl/projects/turtlebot3_color_detector_ws/src/turtlebot3/turtlebot3_example' returned '0': AMENT_PREFIX_PATH=/home/owl/projects/turtlebot3_color_detector_ws/install/turtlebot3_msgs:${AMENT_PREFIX_PATH} CMAKE_PREFIX_PATH=/home/owl/projects/turtlebot3_color_detector_ws/install/turtlebot3_msgs LD_LIBRARY_PATH=/home/owl/projects/turtlebot3_color_detector_ws/install/turtlebot3_msgs/lib:${LD_LIBRARY_PATH} PYTHONPATH=/home/owl/projects/turtlebot3_color_detector_ws/build/turtlebot3_example/prefix_override:/usr/lib/python3/dist-packages/colcon_core/task/python/colcon_distutils_commands:/home/owl/projects/turtlebot3_color_detector_ws/install/turtlebot3_example/lib/python3.10/site-packages:/home/owl/projects/turtlebot3_color_detector_ws/install/turtlebot3_msgs/local/lib/python3.10/dist-packages:${PYTHONPATH} /usr/bin/python3 -W ignore:setup.py install is deprecated -W ignore:easy_install command is deprecated setup.py egg_info --egg-base ../../../build/turtlebot3_example build --build-base /home/owl/projects/turtlebot3_color_detector_ws/build/turtlebot3_example/build install --record /home/owl/projects/turtlebot3_color_detector_ws/build/turtlebot3_example/install.log --single-version-externally-managed install_data
