[1.513s] Invoking command in '/home/owl/projects/turtlebot3_color_detector_ws/build/turtlebot3_fake_node': AMENT_PREFIX_PATH=/home/owl/projects/turtlebot3_color_detector_ws/install/turtlebot3_msgs:${AMENT_PREFIX_PATH} CMAKE_PREFIX_PATH=/home/owl/projects/turtlebot3_color_detector_ws/install/turtlebot3_msgs:/opt/ros/humble LD_LIBRARY_PATH=/home/owl/projects/turtlebot3_color_detector_ws/install/turtlebot3_msgs/lib:${LD_LIBRARY_PATH} PYTHONPATH=/home/owl/projects/turtlebot3_color_detector_ws/install/turtlebot3_msgs/local/lib/python3.10/dist-packages:${PYTHONPATH} /usr/bin/cmake --build /home/owl/projects/turtlebot3_color_detector_ws/build/turtlebot3_fake_node -- -j8 -l8
[1.785s] [100%] Built target turtlebot3_fake_node
[1.830s] Invoked command in '/home/owl/projects/turtlebot3_color_detector_ws/build/turtlebot3_fake_node' returned '0': AMENT_PREFIX_PATH=/home/owl/projects/turtlebot3_color_detector_ws/install/turtlebot3_msgs:${AMENT_PREFIX_PATH} CMAKE_PREFIX_PATH=/home/owl/projects/turtlebot3_color_detector_ws/install/turtlebot3_msgs:/opt/ros/humble LD_LIBRARY_PATH=/home/owl/projects/turtlebot3_color_detector_ws/install/turtlebot3_msgs/lib:${LD_LIBRARY_PATH} PYTHONPATH=/home/owl/projects/turtlebot3_color_detector_ws/install/turtlebot3_msgs/local/lib/python3.10/dist-packages:${PYTHONPATH} /usr/bin/cmake --build /home/owl/projects/turtlebot3_color_detector_ws/build/turtlebot3_fake_node -- -j8 -l8
[1.831s] Invoking command in '/home/owl/projects/turtlebot3_color_detector_ws/build/turtlebot3_fake_node': AMENT_PREFIX_PATH=/home/owl/projects/turtlebot3_color_detector_ws/install/turtlebot3_msgs:${AMENT_PREFIX_PATH} CMAKE_PREFIX_PATH=/home/owl/projects/turtlebot3_color_detector_ws/install/turtlebot3_msgs:/opt/ros/humble LD_LIBRARY_PATH=/home/owl/projects/turtlebot3_color_detector_ws/install/turtlebot3_msgs/lib:${LD_LIBRARY_PATH} PYTHONPATH=/home/owl/projects/turtlebot3_color_detector_ws/install/turtlebot3_msgs/local/lib/python3.10/dist-packages:${PYTHONPATH} /usr/bin/cmake --install /home/owl/projects/turtlebot3_color_detector_ws/build/turtlebot3_fake_node
[1.872s] -- Install configuration: ""
[1.872s] -- Execute custom install script
[1.872s] -- Up-to-date symlink: /home/owl/projects/turtlebot3_color_detector_ws/install/turtlebot3_fake_node/lib/turtlebot3_fake_node/turtlebot3_fake_node
[1.873s] -- Up-to-date symlink: /home/owl/projects/turtlebot3_color_detector_ws/install/turtlebot3_fake_node/share/turtlebot3_fake_node/launch/rviz2.launch.py
[1.873s] -- Up-to-date symlink: /home/owl/projects/turtlebot3_color_detector_ws/install/turtlebot3_fake_node/share/turtlebot3_fake_node/launch/turtlebot3_fake_node.launch.py
[1.873s] -- Up-to-date symlink: /home/owl/projects/turtlebot3_color_detector_ws/install/turtlebot3_fake_node/share/turtlebot3_fake_node/param/burger.yaml
[1.873s] -- Up-to-date symlink: /home/owl/projects/turtlebot3_color_detector_ws/install/turtlebot3_fake_node/share/turtlebot3_fake_node/param/waffle.yaml
[1.874s] -- Up-to-date symlink: /home/owl/projects/turtlebot3_color_detector_ws/install/turtlebot3_fake_node/share/turtlebot3_fake_node/param/waffle_pi.yaml
[1.875s] -- Up-to-date symlink: /home/owl/projects/turtlebot3_color_detector_ws/install/turtlebot3_fake_node/include//turtlebot3_fake_node/turtlebot3_fake_node.hpp
[1.875s] -- Up-to-date symlink: /home/owl/projects/turtlebot3_color_detector_ws/install/turtlebot3_fake_node/share/ament_index/resource_index/package_run_dependencies/turtlebot3_fake_node
[1.876s] -- Up-to-date symlink: /home/owl/projects/turtlebot3_color_detector_ws/install/turtlebot3_fake_node/share/ament_index/resource_index/parent_prefix_path/turtlebot3_fake_node
[1.876s] -- Up-to-date symlink: /home/owl/projects/turtlebot3_color_detector_ws/install/turtlebot3_fake_node/share/turtlebot3_fake_node/environment/ament_prefix_path.sh
[1.877s] -- Up-to-date symlink: /home/owl/projects/turtlebot3_color_detector_ws/install/turtlebot3_fake_node/share/turtlebot3_fake_node/environment/ament_prefix_path.dsv
[1.878s] -- Up-to-date symlink: /home/owl/projects/turtlebot3_color_detector_ws/install/turtlebot3_fake_node/share/turtlebot3_fake_node/environment/path.sh
[1.878s] -- Up-to-date symlink: /home/owl/projects/turtlebot3_color_detector_ws/install/turtlebot3_fake_node/share/turtlebot3_fake_node/environment/path.dsv
[1.880s] -- Up-to-date symlink: /home/owl/projects/turtlebot3_color_detector_ws/install/turtlebot3_fake_node/share/turtlebot3_fake_node/local_setup.bash
[1.880s] -- Up-to-date symlink: /home/owl/projects/turtlebot3_color_detector_ws/install/turtlebot3_fake_node/share/turtlebot3_fake_node/local_setup.sh
[1.882s] -- Up-to-date symlink: /home/owl/projects/turtlebot3_color_detector_ws/install/turtlebot3_fake_node/share/turtlebot3_fake_node/local_setup.zsh
[1.883s] -- Up-to-date symlink: /home/owl/projects/turtlebot3_color_detector_ws/install/turtlebot3_fake_node/share/turtlebot3_fake_node/local_setup.dsv
[1.885s] -- Symlinking: /home/owl/projects/turtlebot3_color_detector_ws/install/turtlebot3_fake_node/share/turtlebot3_fake_node/package.dsv
[1.925s] -- Up-to-date symlink: /home/owl/projects/turtlebot3_color_detector_ws/install/turtlebot3_fake_node/share/ament_index/resource_index/packages/turtlebot3_fake_node
[1.928s] -- Up-to-date symlink: /home/owl/projects/turtlebot3_color_detector_ws/install/turtlebot3_fake_node/share/turtlebot3_fake_node/cmake/ament_cmake_export_include_directories-extras.cmake
[1.929s] -- Up-to-date symlink: /home/owl/projects/turtlebot3_color_detector_ws/install/turtlebot3_fake_node/share/turtlebot3_fake_node/cmake/ament_cmake_export_dependencies-extras.cmake
[1.930s] -- Up-to-date symlink: /home/owl/projects/turtlebot3_color_detector_ws/install/turtlebot3_fake_node/share/turtlebot3_fake_node/cmake/turtlebot3_fake_nodeConfig.cmake
[1.936s] -- Up-to-date symlink: /home/owl/projects/turtlebot3_color_detector_ws/install/turtlebot3_fake_node/share/turtlebot3_fake_node/cmake/turtlebot3_fake_nodeConfig-version.cmake
[1.936s] -- Up-to-date symlink: /home/owl/projects/turtlebot3_color_detector_ws/install/turtlebot3_fake_node/share/turtlebot3_fake_node/package.xml
[1.948s] Invoked command in '/home/owl/projects/turtlebot3_color_detector_ws/build/turtlebot3_fake_node' returned '0': AMENT_PREFIX_PATH=/home/owl/projects/turtlebot3_color_detector_ws/install/turtlebot3_msgs:${AMENT_PREFIX_PATH} CMAKE_PREFIX_PATH=/home/owl/projects/turtlebot3_color_detector_ws/install/turtlebot3_msgs:/opt/ros/humble LD_LIBRARY_PATH=/home/owl/projects/turtlebot3_color_detector_ws/install/turtlebot3_msgs/lib:${LD_LIBRARY_PATH} PYTHONPATH=/home/owl/projects/turtlebot3_color_detector_ws/install/turtlebot3_msgs/local/lib/python3.10/dist-packages:${PYTHONPATH} /usr/bin/cmake --install /home/owl/projects/turtlebot3_color_detector_ws/build/turtlebot3_fake_node
