[1.562s] Invoking command in '/home/owl/projects/turtlebot3_color_detector_ws/build/turtlebot3_fake_node': AMENT_PREFIX_PATH=/home/owl/projects/turtlebot3_color_detector_ws/install/turtlebot3_msgs:${AMENT_PREFIX_PATH} CMAKE_PREFIX_PATH=/home/owl/projects/turtlebot3_color_detector_ws/install/turtlebot3_msgs:/opt/ros/humble LD_LIBRARY_PATH=/home/owl/projects/turtlebot3_color_detector_ws/install/turtlebot3_msgs/lib:${LD_LIBRARY_PATH} PYTHONPATH=/home/owl/projects/turtlebot3_color_detector_ws/install/turtlebot3_msgs/local/lib/python3.10/dist-packages:${PYTHONPATH} /usr/bin/cmake --build /home/owl/projects/turtlebot3_color_detector_ws/build/turtlebot3_fake_node -- -j8 -l8
[1.891s] [100%] Built target turtlebot3_fake_node
[1.961s] Invoked command in '/home/owl/projects/turtlebot3_color_detector_ws/build/turtlebot3_fake_node' returned '0': AMENT_PREFIX_PATH=/home/owl/projects/turtlebot3_color_detector_ws/install/turtlebot3_msgs:${AMENT_PREFIX_PATH} CMAKE_PREFIX_PATH=/home/owl/projects/turtlebot3_color_detector_ws/install/turtlebot3_msgs:/opt/ros/humble LD_LIBRARY_PATH=/home/owl/projects/turtlebot3_color_detector_ws/install/turtlebot3_msgs/lib:${LD_LIBRARY_PATH} PYTHONPATH=/home/owl/projects/turtlebot3_color_detector_ws/install/turtlebot3_msgs/local/lib/python3.10/dist-packages:${PYTHONPATH} /usr/bin/cmake --build /home/owl/projects/turtlebot3_color_detector_ws/build/turtlebot3_fake_node -- -j8 -l8
[1.965s] Invoking command in '/home/owl/projects/turtlebot3_color_detector_ws/build/turtlebot3_fake_node': AMENT_PREFIX_PATH=/home/owl/projects/turtlebot3_color_detector_ws/install/turtlebot3_msgs:${AMENT_PREFIX_PATH} CMAKE_PREFIX_PATH=/home/owl/projects/turtlebot3_color_detector_ws/install/turtlebot3_msgs:/opt/ros/humble LD_LIBRARY_PATH=/home/owl/projects/turtlebot3_color_detector_ws/install/turtlebot3_msgs/lib:${LD_LIBRARY_PATH} PYTHONPATH=/home/owl/projects/turtlebot3_color_detector_ws/install/turtlebot3_msgs/local/lib/python3.10/dist-packages:${PYTHONPATH} /usr/bin/cmake --install /home/owl/projects/turtlebot3_color_detector_ws/build/turtlebot3_fake_node
[2.012s] -- Install configuration: ""
[2.018s] -- Execute custom install script
[2.020s] -- Up-to-date symlink: /home/owl/projects/turtlebot3_color_detector_ws/install/turtlebot3_fake_node/lib/turtlebot3_fake_node/turtlebot3_fake_node
[2.025s] -- Up-to-date symlink: /home/owl/projects/turtlebot3_color_detector_ws/install/turtlebot3_fake_node/share/turtlebot3_fake_node/launch/rviz2.launch.py
[2.025s] -- Up-to-date symlink: /home/owl/projects/turtlebot3_color_detector_ws/install/turtlebot3_fake_node/share/turtlebot3_fake_node/launch/turtlebot3_fake_node.launch.py
[2.025s] -- Up-to-date symlink: /home/owl/projects/turtlebot3_color_detector_ws/install/turtlebot3_fake_node/share/turtlebot3_fake_node/param/burger.yaml
[2.026s] -- Up-to-date symlink: /home/owl/projects/turtlebot3_color_detector_ws/install/turtlebot3_fake_node/share/turtlebot3_fake_node/param/waffle.yaml
[2.026s] -- Up-to-date symlink: /home/owl/projects/turtlebot3_color_detector_ws/install/turtlebot3_fake_node/share/turtlebot3_fake_node/param/waffle_pi.yaml
[2.026s] -- Up-to-date symlink: /home/owl/projects/turtlebot3_color_detector_ws/install/turtlebot3_fake_node/include//turtlebot3_fake_node/turtlebot3_fake_node.hpp
[2.026s] -- Up-to-date symlink: /home/owl/projects/turtlebot3_color_detector_ws/install/turtlebot3_fake_node/share/ament_index/resource_index/package_run_dependencies/turtlebot3_fake_node
[2.028s] -- Up-to-date symlink: /home/owl/projects/turtlebot3_color_detector_ws/install/turtlebot3_fake_node/share/ament_index/resource_index/parent_prefix_path/turtlebot3_fake_node
[2.029s] -- Up-to-date symlink: /home/owl/projects/turtlebot3_color_detector_ws/install/turtlebot3_fake_node/share/turtlebot3_fake_node/environment/ament_prefix_path.sh
[2.029s] -- Up-to-date symlink: /home/owl/projects/turtlebot3_color_detector_ws/install/turtlebot3_fake_node/share/turtlebot3_fake_node/environment/ament_prefix_path.dsv
[2.036s] -- Up-to-date symlink: /home/owl/projects/turtlebot3_color_detector_ws/install/turtlebot3_fake_node/share/turtlebot3_fake_node/environment/path.sh
[2.037s] -- Up-to-date symlink: /home/owl/projects/turtlebot3_color_detector_ws/install/turtlebot3_fake_node/share/turtlebot3_fake_node/environment/path.dsv
[2.037s] -- Up-to-date symlink: /home/owl/projects/turtlebot3_color_detector_ws/install/turtlebot3_fake_node/share/turtlebot3_fake_node/local_setup.bash
[2.037s] -- Up-to-date symlink: /home/owl/projects/turtlebot3_color_detector_ws/install/turtlebot3_fake_node/share/turtlebot3_fake_node/local_setup.sh
[2.037s] -- Up-to-date symlink: /home/owl/projects/turtlebot3_color_detector_ws/install/turtlebot3_fake_node/share/turtlebot3_fake_node/local_setup.zsh
[2.037s] -- Up-to-date symlink: /home/owl/projects/turtlebot3_color_detector_ws/install/turtlebot3_fake_node/share/turtlebot3_fake_node/local_setup.dsv
[2.038s] -- Symlinking: /home/owl/projects/turtlebot3_color_detector_ws/install/turtlebot3_fake_node/share/turtlebot3_fake_node/package.dsv
[2.095s] -- Up-to-date symlink: /home/owl/projects/turtlebot3_color_detector_ws/install/turtlebot3_fake_node/share/ament_index/resource_index/packages/turtlebot3_fake_node
[2.095s] -- Up-to-date symlink: /home/owl/projects/turtlebot3_color_detector_ws/install/turtlebot3_fake_node/share/turtlebot3_fake_node/cmake/ament_cmake_export_include_directories-extras.cmake
[2.096s] -- Up-to-date symlink: /home/owl/projects/turtlebot3_color_detector_ws/install/turtlebot3_fake_node/share/turtlebot3_fake_node/cmake/ament_cmake_export_dependencies-extras.cmake
[2.096s] -- Up-to-date symlink: /home/owl/projects/turtlebot3_color_detector_ws/install/turtlebot3_fake_node/share/turtlebot3_fake_node/cmake/turtlebot3_fake_nodeConfig.cmake
[2.105s] -- Up-to-date symlink: /home/owl/projects/turtlebot3_color_detector_ws/install/turtlebot3_fake_node/share/turtlebot3_fake_node/cmake/turtlebot3_fake_nodeConfig-version.cmake
[2.105s] -- Up-to-date symlink: /home/owl/projects/turtlebot3_color_detector_ws/install/turtlebot3_fake_node/share/turtlebot3_fake_node/package.xml
[2.112s] Invoked command in '/home/owl/projects/turtlebot3_color_detector_ws/build/turtlebot3_fake_node' returned '0': AMENT_PREFIX_PATH=/home/owl/projects/turtlebot3_color_detector_ws/install/turtlebot3_msgs:${AMENT_PREFIX_PATH} CMAKE_PREFIX_PATH=/home/owl/projects/turtlebot3_color_detector_ws/install/turtlebot3_msgs:/opt/ros/humble LD_LIBRARY_PATH=/home/owl/projects/turtlebot3_color_detector_ws/install/turtlebot3_msgs/lib:${LD_LIBRARY_PATH} PYTHONPATH=/home/owl/projects/turtlebot3_color_detector_ws/install/turtlebot3_msgs/local/lib/python3.10/dist-packages:${PYTHONPATH} /usr/bin/cmake --install /home/owl/projects/turtlebot3_color_detector_ws/build/turtlebot3_fake_node
