[0.694s] Invoking command in '/home/owl/projects/turtlebot3_color_detector_ws/build/turtlebot3_fake_node': CMAKE_PREFIX_PATH=/home/owl/projects/turtlebot3_color_detector_ws/install/turtlebot3_msgs:/home/owl/projects/turtlebot3_color_detector_ws/install/turtlebot3:/home/owl/projects/turtlebot3_color_detector_ws/install/turtlebot3_simulations:/home/owl/projects/turtlebot3_color_detector_ws/install/turtlebot3_bringup:/home/owl/projects/turtlebot3_color_detector_ws/install/turtlebot3_node:/home/owl/projects/turtlebot3_color_detector_ws/install/turtlebot3_navigation2:/home/owl/projects/turtlebot3_color_detector_ws/install/turtlebot3_fake_node:/home/owl/projects/turtlebot3_color_detector_ws/install/turtlebot3_gazebo:/home/owl/projects/turtlebot3_color_detector_ws/install/turtlebot3_description:/home/owl/projects/turtlebot3_color_detector_ws/install/turtlebot3_cartographer:/home/owl/projects/turtlebot3_color_detector_ws/install/turtlebot3_teleop:/home/owl/projects/turtlebot3_color_detector_ws/install/turtlebot3_example:/home/owl/projects/turtlebot3_color_detector_ws/install/turtlebot3_cv:/opt/ros/humble /usr/bin/cmake --build /home/owl/projects/turtlebot3_color_detector_ws/build/turtlebot3_fake_node -- -j8 -l8
[0.805s] [35m[1mConsolidate compiler generated dependencies of target turtlebot3_fake_node[0m
[0.850s] [100%] Built target turtlebot3_fake_node
[0.880s] Invoked command in '/home/owl/projects/turtlebot3_color_detector_ws/build/turtlebot3_fake_node' returned '0': CMAKE_PREFIX_PATH=/home/owl/projects/turtlebot3_color_detector_ws/install/turtlebot3_msgs:/home/owl/projects/turtlebot3_color_detector_ws/install/turtlebot3:/home/owl/projects/turtlebot3_color_detector_ws/install/turtlebot3_simulations:/home/owl/projects/turtlebot3_color_detector_ws/install/turtlebot3_bringup:/home/owl/projects/turtlebot3_color_detector_ws/install/turtlebot3_node:/home/owl/projects/turtlebot3_color_detector_ws/install/turtlebot3_navigation2:/home/owl/projects/turtlebot3_color_detector_ws/install/turtlebot3_fake_node:/home/owl/projects/turtlebot3_color_detector_ws/install/turtlebot3_gazebo:/home/owl/projects/turtlebot3_color_detector_ws/install/turtlebot3_description:/home/owl/projects/turtlebot3_color_detector_ws/install/turtlebot3_cartographer:/home/owl/projects/turtlebot3_color_detector_ws/install/turtlebot3_teleop:/home/owl/projects/turtlebot3_color_detector_ws/install/turtlebot3_example:/home/owl/projects/turtlebot3_color_detector_ws/install/turtlebot3_cv:/opt/ros/humble /usr/bin/cmake --build /home/owl/projects/turtlebot3_color_detector_ws/build/turtlebot3_fake_node -- -j8 -l8
[0.887s] Invoking command in '/home/owl/projects/turtlebot3_color_detector_ws/build/turtlebot3_fake_node': CMAKE_PREFIX_PATH=/home/owl/projects/turtlebot3_color_detector_ws/install/turtlebot3_msgs:/home/owl/projects/turtlebot3_color_detector_ws/install/turtlebot3:/home/owl/projects/turtlebot3_color_detector_ws/install/turtlebot3_simulations:/home/owl/projects/turtlebot3_color_detector_ws/install/turtlebot3_bringup:/home/owl/projects/turtlebot3_color_detector_ws/install/turtlebot3_node:/home/owl/projects/turtlebot3_color_detector_ws/install/turtlebot3_navigation2:/home/owl/projects/turtlebot3_color_detector_ws/install/turtlebot3_fake_node:/home/owl/projects/turtlebot3_color_detector_ws/install/turtlebot3_gazebo:/home/owl/projects/turtlebot3_color_detector_ws/install/turtlebot3_description:/home/owl/projects/turtlebot3_color_detector_ws/install/turtlebot3_cartographer:/home/owl/projects/turtlebot3_color_detector_ws/install/turtlebot3_teleop:/home/owl/projects/turtlebot3_color_detector_ws/install/turtlebot3_example:/home/owl/projects/turtlebot3_color_detector_ws/install/turtlebot3_cv:/opt/ros/humble /usr/bin/cmake --install /home/owl/projects/turtlebot3_color_detector_ws/build/turtlebot3_fake_node
[0.907s] -- Install configuration: ""
[0.909s] -- Execute custom install script
[0.910s] -- Up-to-date symlink: /home/owl/projects/turtlebot3_color_detector_ws/install/turtlebot3_fake_node/lib/turtlebot3_fake_node/turtlebot3_fake_node
[0.913s] -- Up-to-date symlink: /home/owl/projects/turtlebot3_color_detector_ws/install/turtlebot3_fake_node/share/turtlebot3_fake_node/launch/rviz2.launch.py
[0.914s] -- Up-to-date symlink: /home/owl/projects/turtlebot3_color_detector_ws/install/turtlebot3_fake_node/share/turtlebot3_fake_node/launch/turtlebot3_fake_node.launch.py
[0.917s] -- Up-to-date symlink: /home/owl/projects/turtlebot3_color_detector_ws/install/turtlebot3_fake_node/share/turtlebot3_fake_node/param/burger.yaml
[0.917s] -- Up-to-date symlink: /home/owl/projects/turtlebot3_color_detector_ws/install/turtlebot3_fake_node/share/turtlebot3_fake_node/param/waffle.yaml
[0.918s] -- Up-to-date symlink: /home/owl/projects/turtlebot3_color_detector_ws/install/turtlebot3_fake_node/share/turtlebot3_fake_node/param/waffle_pi.yaml
[0.920s] -- Up-to-date symlink: /home/owl/projects/turtlebot3_color_detector_ws/install/turtlebot3_fake_node/include//turtlebot3_fake_node/turtlebot3_fake_node.hpp
[0.920s] -- Up-to-date symlink: /home/owl/projects/turtlebot3_color_detector_ws/install/turtlebot3_fake_node/share/ament_index/resource_index/package_run_dependencies/turtlebot3_fake_node
[0.921s] -- Up-to-date symlink: /home/owl/projects/turtlebot3_color_detector_ws/install/turtlebot3_fake_node/share/ament_index/resource_index/parent_prefix_path/turtlebot3_fake_node
[0.922s] -- Up-to-date symlink: /home/owl/projects/turtlebot3_color_detector_ws/install/turtlebot3_fake_node/share/turtlebot3_fake_node/environment/ament_prefix_path.sh
[0.923s] -- Up-to-date symlink: /home/owl/projects/turtlebot3_color_detector_ws/install/turtlebot3_fake_node/share/turtlebot3_fake_node/environment/ament_prefix_path.dsv
[0.924s] -- Up-to-date symlink: /home/owl/projects/turtlebot3_color_detector_ws/install/turtlebot3_fake_node/share/turtlebot3_fake_node/environment/path.sh
[0.924s] -- Up-to-date symlink: /home/owl/projects/turtlebot3_color_detector_ws/install/turtlebot3_fake_node/share/turtlebot3_fake_node/environment/path.dsv
[0.926s] -- Up-to-date symlink: /home/owl/projects/turtlebot3_color_detector_ws/install/turtlebot3_fake_node/share/turtlebot3_fake_node/local_setup.bash
[0.927s] -- Up-to-date symlink: /home/owl/projects/turtlebot3_color_detector_ws/install/turtlebot3_fake_node/share/turtlebot3_fake_node/local_setup.sh
[0.928s] -- Up-to-date symlink: /home/owl/projects/turtlebot3_color_detector_ws/install/turtlebot3_fake_node/share/turtlebot3_fake_node/local_setup.zsh
[0.929s] -- Up-to-date symlink: /home/owl/projects/turtlebot3_color_detector_ws/install/turtlebot3_fake_node/share/turtlebot3_fake_node/local_setup.dsv
[0.929s] -- Symlinking: /home/owl/projects/turtlebot3_color_detector_ws/install/turtlebot3_fake_node/share/turtlebot3_fake_node/package.dsv
[0.955s] -- Up-to-date symlink: /home/owl/projects/turtlebot3_color_detector_ws/install/turtlebot3_fake_node/share/ament_index/resource_index/packages/turtlebot3_fake_node
[0.956s] -- Up-to-date symlink: /home/owl/projects/turtlebot3_color_detector_ws/install/turtlebot3_fake_node/share/turtlebot3_fake_node/cmake/ament_cmake_export_include_directories-extras.cmake
[0.957s] -- Up-to-date symlink: /home/owl/projects/turtlebot3_color_detector_ws/install/turtlebot3_fake_node/share/turtlebot3_fake_node/cmake/ament_cmake_export_dependencies-extras.cmake
[0.959s] -- Up-to-date symlink: /home/owl/projects/turtlebot3_color_detector_ws/install/turtlebot3_fake_node/share/turtlebot3_fake_node/cmake/turtlebot3_fake_nodeConfig.cmake
[0.960s] -- Up-to-date symlink: /home/owl/projects/turtlebot3_color_detector_ws/install/turtlebot3_fake_node/share/turtlebot3_fake_node/cmake/turtlebot3_fake_nodeConfig-version.cmake
[0.961s] -- Up-to-date symlink: /home/owl/projects/turtlebot3_color_detector_ws/install/turtlebot3_fake_node/share/turtlebot3_fake_node/package.xml
[0.967s] Invoked command in '/home/owl/projects/turtlebot3_color_detector_ws/build/turtlebot3_fake_node' returned '0': CMAKE_PREFIX_PATH=/home/owl/projects/turtlebot3_color_detector_ws/install/turtlebot3_msgs:/home/owl/projects/turtlebot3_color_detector_ws/install/turtlebot3:/home/owl/projects/turtlebot3_color_detector_ws/install/turtlebot3_simulations:/home/owl/projects/turtlebot3_color_detector_ws/install/turtlebot3_bringup:/home/owl/projects/turtlebot3_color_detector_ws/install/turtlebot3_node:/home/owl/projects/turtlebot3_color_detector_ws/install/turtlebot3_navigation2:/home/owl/projects/turtlebot3_color_detector_ws/install/turtlebot3_fake_node:/home/owl/projects/turtlebot3_color_detector_ws/install/turtlebot3_gazebo:/home/owl/projects/turtlebot3_color_detector_ws/install/turtlebot3_description:/home/owl/projects/turtlebot3_color_detector_ws/install/turtlebot3_cartographer:/home/owl/projects/turtlebot3_color_detector_ws/install/turtlebot3_teleop:/home/owl/projects/turtlebot3_color_detector_ws/install/turtlebot3_example:/home/owl/projects/turtlebot3_color_detector_ws/install/turtlebot3_cv:/opt/ros/humble /usr/bin/cmake --install /home/owl/projects/turtlebot3_color_detector_ws/build/turtlebot3_fake_node
