[2.908s] Invoking command in '/home/owl/projects/turtlebot3_color_detector_ws/src/turtlebot3/turtlebot3_teleop': PYTHONPATH=/home/owl/projects/turtlebot3_color_detector_ws/build/turtlebot3_teleop/prefix_override:/usr/lib/python3/dist-packages/colcon_core/task/python/colcon_distutils_commands:/home/owl/projects/turtlebot3_color_detector_ws/install/turtlebot3_teleop/lib/python3.10/site-packages:${PYTHONPATH} /usr/bin/python3 -W ignore:setup.py install is deprecated -W ignore:easy_install command is deprecated setup.py egg_info --egg-base ../../../build/turtlebot3_teleop build --build-base /home/owl/projects/turtlebot3_color_detector_ws/build/turtlebot3_teleop/build install --record /home/owl/projects/turtlebot3_color_detector_ws/build/turtlebot3_teleop/install.log --single-version-externally-managed install_data
[3.852s] running egg_info
[3.855s] writing ../../../build/turtlebot3_teleop/turtlebot3_teleop.egg-info/PKG-INFO
[3.856s] writing dependency_links to ../../../build/turtlebot3_teleop/turtlebot3_teleop.egg-info/dependency_links.txt
[3.856s] writing entry points to ../../../build/turtlebot3_teleop/turtlebot3_teleop.egg-info/entry_points.txt
[3.857s] writing requirements to ../../../build/turtlebot3_teleop/turtlebot3_teleop.egg-info/requires.txt
[3.857s] writing top-level names to ../../../build/turtlebot3_teleop/turtlebot3_teleop.egg-info/top_level.txt
[3.863s] reading manifest file '../../../build/turtlebot3_teleop/turtlebot3_teleop.egg-info/SOURCES.txt'
[3.865s] writing manifest file '../../../build/turtlebot3_teleop/turtlebot3_teleop.egg-info/SOURCES.txt'
[3.866s] running build
[3.868s] running build_py
[3.872s] running install
[3.873s] running install_lib
[3.890s] running install_data
[3.891s] running install_egg_info
[3.897s] removing '/home/owl/projects/turtlebot3_color_detector_ws/install/turtlebot3_teleop/lib/python3.10/site-packages/turtlebot3_teleop-2.1.5-py3.10.egg-info' (and everything under it)
[3.899s] Copying ../../../build/turtlebot3_teleop/turtlebot3_teleop.egg-info to /home/owl/projects/turtlebot3_color_detector_ws/install/turtlebot3_teleop/lib/python3.10/site-packages/turtlebot3_teleop-2.1.5-py3.10.egg-info
[3.903s] running install_scripts
[3.963s] Installing teleop_keyboard script to /home/owl/projects/turtlebot3_color_detector_ws/install/turtlebot3_teleop/lib/turtlebot3_teleop
[3.965s] writing list of installed files to '/home/owl/projects/turtlebot3_color_detector_ws/build/turtlebot3_teleop/install.log'
[4.016s] Invoked command in '/home/owl/projects/turtlebot3_color_detector_ws/src/turtlebot3/turtlebot3_teleop' returned '0': PYTHONPATH=/home/owl/projects/turtlebot3_color_detector_ws/build/turtlebot3_teleop/prefix_override:/usr/lib/python3/dist-packages/colcon_core/task/python/colcon_distutils_commands:/home/owl/projects/turtlebot3_color_detector_ws/install/turtlebot3_teleop/lib/python3.10/site-packages:${PYTHONPATH} /usr/bin/python3 -W ignore:setup.py install is deprecated -W ignore:easy_install command is deprecated setup.py egg_info --egg-base ../../../build/turtlebot3_teleop build --build-base /home/owl/projects/turtlebot3_color_detector_ws/build/turtlebot3_teleop/build install --record /home/owl/projects/turtlebot3_color_detector_ws/build/turtlebot3_teleop/install.log --single-version-externally-managed install_data
