[2.402s] Invoking command in '/home/owl/projects/turtlebot3_color_detector_ws/build/turtlebot3_cv': PYTHONPATH=/home/owl/projects/turtlebot3_color_detector_ws/build/turtlebot3_cv/prefix_override:/usr/lib/python3/dist-packages/colcon_core/task/python/colcon_distutils_commands:/home/owl/projects/turtlebot3_color_detector_ws/install/turtlebot3_cv/lib/python3.10/site-packages:${PYTHONPATH} /usr/bin/python3 -W ignore:setup.py install is deprecated -W ignore:easy_install command is deprecated setup.py develop --editable --build-directory /home/owl/projects/turtlebot3_color_detector_ws/build/turtlebot3_cv/build --no-deps symlink_data
[3.220s] running develop
[3.765s] running egg_info
[3.766s] creating turtlebot3_cv.egg-info
[3.767s] writing turtlebot3_cv.egg-info/PKG-INFO
[3.767s] writing dependency_links to turtlebot3_cv.egg-info/dependency_links.txt
[3.768s] writing entry points to turtlebot3_cv.egg-info/entry_points.txt
[3.768s] writing requirements to turtlebot3_cv.egg-info/requires.txt
[3.768s] writing top-level names to turtlebot3_cv.egg-info/top_level.txt
[3.769s] writing manifest file 'turtlebot3_cv.egg-info/SOURCES.txt'
[3.772s] reading manifest file 'turtlebot3_cv.egg-info/SOURCES.txt'
[3.773s] writing manifest file 'turtlebot3_cv.egg-info/SOURCES.txt'
[3.776s] running build_ext
[3.776s] Creating /home/owl/projects/turtlebot3_color_detector_ws/install/turtlebot3_cv/lib/python3.10/site-packages/turtlebot3-cv.egg-link (link to .)
[3.779s] Installing color_detector script to /home/owl/projects/turtlebot3_color_detector_ws/install/turtlebot3_cv/lib/turtlebot3_cv
[3.780s] Installing image_subscriber script to /home/owl/projects/turtlebot3_color_detector_ws/install/turtlebot3_cv/lib/turtlebot3_cv
[3.780s] 
[3.781s] Installed /home/owl/projects/turtlebot3_color_detector_ws/build/turtlebot3_cv
[3.781s] running symlink_data
[3.781s] symbolically linking /home/owl/projects/turtlebot3_color_detector_ws/build/turtlebot3_cv/package.xml -> /home/owl/projects/turtlebot3_color_detector_ws/install/turtlebot3_cv/share/turtlebot3_cv
[3.843s] Invoked command in '/home/owl/projects/turtlebot3_color_detector_ws/build/turtlebot3_cv' returned '0': PYTHONPATH=/home/owl/projects/turtlebot3_color_detector_ws/build/turtlebot3_cv/prefix_override:/usr/lib/python3/dist-packages/colcon_core/task/python/colcon_distutils_commands:/home/owl/projects/turtlebot3_color_detector_ws/install/turtlebot3_cv/lib/python3.10/site-packages:${PYTHONPATH} /usr/bin/python3 -W ignore:setup.py install is deprecated -W ignore:easy_install command is deprecated setup.py develop --editable --build-directory /home/owl/projects/turtlebot3_color_detector_ws/build/turtlebot3_cv/build --no-deps symlink_data
