[0.290s] Invoking command in '/home/owl/projects/turtlebot3_color_detector_ws/build/turtlebot3_navigation2': CMAKE_PREFIX_PATH=/opt/ros/humble /usr/bin/cmake --build /home/owl/projects/turtlebot3_color_detector_ws/build/turtlebot3_navigation2 -- -j8 -l8
[3.927s] Invoked command in '/home/owl/projects/turtlebot3_color_detector_ws/build/turtlebot3_navigation2' returned '0': CMAKE_PREFIX_PATH=/opt/ros/humble /usr/bin/cmake --build /home/owl/projects/turtlebot3_color_detector_ws/build/turtlebot3_navigation2 -- -j8 -l8
[3.944s] Invoking command in '/home/owl/projects/turtlebot3_color_detector_ws/build/turtlebot3_navigation2': CMAKE_PREFIX_PATH=/opt/ros/humble /usr/bin/cmake --install /home/owl/projects/turtlebot3_color_detector_ws/build/turtlebot3_navigation2
[4.025s] -- Install configuration: ""
[4.025s] -- Execute custom install script
[4.025s] -- Up-to-date symlink: /home/owl/projects/turtlebot3_color_detector_ws/install/turtlebot3_navigation2/share/turtlebot3_navigation2/launch/navigation2.launch.py
[4.035s] -- Up-to-date symlink: /home/owl/projects/turtlebot3_color_detector_ws/install/turtlebot3_navigation2/share/turtlebot3_navigation2/map/map.pgm
[4.060s] -- Up-to-date symlink: /home/owl/projects/turtlebot3_color_detector_ws/install/turtlebot3_navigation2/share/turtlebot3_navigation2/map/map.yaml
[4.063s] -- Up-to-date symlink: /home/owl/projects/turtlebot3_color_detector_ws/install/turtlebot3_navigation2/share/turtlebot3_navigation2/param/burger.yaml
[4.063s] -- Up-to-date symlink: /home/owl/projects/turtlebot3_color_detector_ws/install/turtlebot3_navigation2/share/turtlebot3_navigation2/param/waffle.yaml
[4.064s] -- Up-to-date symlink: /home/owl/projects/turtlebot3_color_detector_ws/install/turtlebot3_navigation2/share/turtlebot3_navigation2/param/waffle_pi.yaml
[4.064s] -- Up-to-date symlink: /home/owl/projects/turtlebot3_color_detector_ws/install/turtlebot3_navigation2/share/turtlebot3_navigation2/rviz/tb3_navigation2.rviz
[4.064s] -- Up-to-date symlink: /home/owl/projects/turtlebot3_color_detector_ws/install/turtlebot3_navigation2/share/ament_index/resource_index/package_run_dependencies/turtlebot3_navigation2
[4.064s] -- Up-to-date symlink: /home/owl/projects/turtlebot3_color_detector_ws/install/turtlebot3_navigation2/share/ament_index/resource_index/parent_prefix_path/turtlebot3_navigation2
[4.064s] -- Up-to-date symlink: /home/owl/projects/turtlebot3_color_detector_ws/install/turtlebot3_navigation2/share/turtlebot3_navigation2/environment/ament_prefix_path.sh
[4.066s] -- Up-to-date symlink: /home/owl/projects/turtlebot3_color_detector_ws/install/turtlebot3_navigation2/share/turtlebot3_navigation2/environment/ament_prefix_path.dsv
[4.067s] -- Up-to-date symlink: /home/owl/projects/turtlebot3_color_detector_ws/install/turtlebot3_navigation2/share/turtlebot3_navigation2/environment/path.sh
[4.074s] -- Up-to-date symlink: /home/owl/projects/turtlebot3_color_detector_ws/install/turtlebot3_navigation2/share/turtlebot3_navigation2/environment/path.dsv
[4.075s] -- Up-to-date symlink: /home/owl/projects/turtlebot3_color_detector_ws/install/turtlebot3_navigation2/share/turtlebot3_navigation2/local_setup.bash
[4.086s] -- Up-to-date symlink: /home/owl/projects/turtlebot3_color_detector_ws/install/turtlebot3_navigation2/share/turtlebot3_navigation2/local_setup.sh
[4.086s] -- Up-to-date symlink: /home/owl/projects/turtlebot3_color_detector_ws/install/turtlebot3_navigation2/share/turtlebot3_navigation2/local_setup.zsh
[4.087s] -- Up-to-date symlink: /home/owl/projects/turtlebot3_color_detector_ws/install/turtlebot3_navigation2/share/turtlebot3_navigation2/local_setup.dsv
[4.087s] -- Symlinking: /home/owl/projects/turtlebot3_color_detector_ws/install/turtlebot3_navigation2/share/turtlebot3_navigation2/package.dsv
[4.089s] -- Up-to-date symlink: /home/owl/projects/turtlebot3_color_detector_ws/install/turtlebot3_navigation2/share/ament_index/resource_index/packages/turtlebot3_navigation2
[4.089s] -- Up-to-date symlink: /home/owl/projects/turtlebot3_color_detector_ws/install/turtlebot3_navigation2/share/turtlebot3_navigation2/cmake/turtlebot3_navigation2Config.cmake
[4.089s] -- Up-to-date symlink: /home/owl/projects/turtlebot3_color_detector_ws/install/turtlebot3_navigation2/share/turtlebot3_navigation2/cmake/turtlebot3_navigation2Config-version.cmake
[4.090s] -- Up-to-date symlink: /home/owl/projects/turtlebot3_color_detector_ws/install/turtlebot3_navigation2/share/turtlebot3_navigation2/package.xml
[4.140s] Invoked command in '/home/owl/projects/turtlebot3_color_detector_ws/build/turtlebot3_navigation2' returned '0': CMAKE_PREFIX_PATH=/opt/ros/humble /usr/bin/cmake --install /home/owl/projects/turtlebot3_color_detector_ws/build/turtlebot3_navigation2
